2025/04/04 08:38:07 ===== BẮT ĐẦU THEO DÕI BLOCKCHAIN TRON THEO THỜI GIAN THỰC =====
2025/04/04 08:38:07 Bắt đầu theo dõi blockchain Tron theo thời gian thực...
2025/04/04 08:38:07 Sử dụng node Tron chính: https://tron-rpc.publicnode.com/jsonrpc
2025/04/04 08:38:08 ===== BẮT ĐẦU THEO DÕI TỪ KHỐI #71025759 =====
2025/04/04 08:38:14 Đang xử lý khối Tron #71025760 (hash: 0x00000000043bc460b9aa058962c76d5bba0f234cd0782cd6f041bd81c74f0437) với 158 giao dịch
2025/04/04 08:38:14 Khối #71025760 được tạo vào: 2025-04-04 08:38:09
2025/04/04 08:38:14 Giao dịch TRX: 0x41181643f503765cde96de32bfe31b6743b873f82663fc60873938ff0407e68d, Từ: 0xe7b70a5c6b282fb9b77ec3f8c09fdcd627699cea, Đến: 0xa614f803b6fd780986a42c78ec9c7f77e6ded13c, Số lượng: 0 TRX, Khối: #71025760, Thời gian: 2025-04-04 08:38:09
2025/04/04 08:38:14 Giao dịch TRX: 0x2dbf9565607928f01d616f40ce6602d9cd54f92d4cff9285f1da0f16905ac425, Từ: 0xafe6e5b99e08f52f87024f57da97a15c26e167c8, Đến: 0xa614f803b6fd780986a42c78ec9c7f77e6ded13c, Số lượng: 0 TRX, Khối: #71025760, Thời gian: 2025-04-04 08:38:09
2025/04/04 08:38:14 Giao dịch TRX: 0x7dc1d81ce63ede0d438f7e8d64467e4090efeb5fcfe3f66af48eed3f320eee7c, Từ: 0x7452f02038a6039b730c7ec929a3380ff1b4a6e7, Đến: 0xa614f803b6fd780986a42c78ec9c7f77e6ded13c, Số lượng: 0 TRX, Khối: #71025760, Thời gian: 2025-04-04 08:38:09
2025/04/04 08:38:14 Giao dịch TRX: 0x448dbb192010a4f2dbd71068f235011b2fafbc1aa06eb9a572e1358b7621098e, Từ: 0xe0d1da59a9c1c682c57cd91b442f34833f1ebdcb, Đến: 0x7143114a390de2caf479a17e6d5093a7a57160d8, Số lượng: 14,595,990 TRX, Khối: #71025760, Thời gian: 2025-04-04 08:38:09
2025/04/04 08:38:14 Giao dịch TRX: 0x2d9675c12197cbd34f9b1a77dfd2c3471eb445e70ebdc00cb26938952cefd84d, Từ: 0x782ec92a4a5c2b7275beea3f68188ad64744c126, Đến: 0x9ba92984293a4985d577ef18b718b9c1b5a41ecf, Số lượng: 0 TRX, Khối: #71025760, Thời gian: 2025-04-04 08:38:09
2025/04/04 08:38:14 Giao dịch TRX: 0x8bd9654953ad12b44c6e10168db12fac57345e6f9148bfc98ca97b96e75e6d62, Từ: 0x0c03f36811b701be6066477d24c3f69b7bf0ab46, Đến: 0x22cfd08f0799428d73e61379d90423fca923cca7, Số lượng: 1,000,000 TRX, Khối: #71025760, Thời gian: 2025-04-04 08:38:09
2025/04/04 08:38:14 Giao dịch TRX: 0x4af5cbd5b0c2c31281e30a6e4d4293aca6be42d327aedb51202177f0964908b4, Từ: 0xb0c1bd88c0926f87c8c423281d13365c120e7781, Đến: 0x14c0fc9d1cc351bbbb4a3c9a33855256d5b70cb3, Số lượng: 0 TRX, Khối: #71025760, Thời gian: 2025-04-04 08:38:09
2025/04/04 08:38:14 Giao dịch TRX: 0xf1e9f297ef6889adf1b7c9fc23cc5bfbfbdb95b1e028ddf51d3c85dafa4f72df, Từ: 0xb692574604bde4668b7ac3f7cf40428ef2e25557, Đến: 0xc7a8da47d04b1258141313a43d47dd0d913e5a6b, Số lượng: 0 TRX, Khối: #71025760, Thời gian: 2025-04-04 08:38:09
2025/04/04 08:38:14 Giao dịch TRX: 0xf0ec801797e55b2d6b7f1e7f5a1fb22986d0232f71b42024d94792ea9f87e875, Từ: 0x61dcf85190db2ee2364c8c4958d94af3102a8529, Đến: 0x0bd531851691c98fb69695193fe6f31e3e74c6d0, Số lượng: 10,000,000 TRX, Khối: #71025760, Thời gian: 2025-04-04 08:38:09
2025/04/04 08:38:14 Giao dịch TRX: 0xa9cd9420b664ca144d4740f32ee94bb9c32264b6cf8cdfb3f141aa2b4eb45a5c, Từ: 0x78566e92e23610a4e133f66b72747d8bbc40b200, Đến: 0xbe1dc4b4d72b2916f18657b66656a388cbdf470b, Số lượng: 3,000,000,000 TRX, Khối: #71025760, Thời gian: 2025-04-04 08:38:09
2025/04/04 08:38:14 Giao dịch TRX: 0xdec5c7a3b86eac8c235ec47f59e9bd24d45d67eb2ea9772bf27ce296e988c54d, Từ: 0x50aca8f9edbd0b44b56fa093e2823703ee5b88be, Đến: 0xab21d680b2ae8e3110a7812de4e6501f880de677, Số lượng: 0 TRX, Khối: #71025760, Thời gian: 2025-04-04 08:38:09
2025/04/04 08:38:14 Giao dịch TRX: 0x7417f4cdf0a508604be41ce6ed01dd343dd481e23e9c9ec43cb618bdecec6eca, Từ: 0x3c32c7224525e60e43d91c3a87244d414fb17511, Đến: 0xa614f803b6fd780986a42c78ec9c7f77e6ded13c, Số lượng: 0 TRX, Khối: #71025760, Thời gian: 2025-04-04 08:38:09
2025/04/04 08:38:14 Giao dịch TRX: 0x3efe4105560291d14b0f5e37bc82f709de59fb8d51ba28ec760f3fee5cad08d8, Từ: 0x79278ce4efc637dfc8a5a8852ec7869c5aba7ebf, Đến: 0xa614f803b6fd780986a42c78ec9c7f77e6ded13c, Số lượng: 0 TRX, Khối: #71025760, Thời gian: 2025-04-04 08:38:09
2025/04/04 08:38:14 Giao dịch TRX: 0x61ef8d95b0c51724941e5f8dd59c911477350910f716c388c28b4a3387e2d6e8, Từ: 0x782ec92a4a5c2b7275beea3f68188ad64744c126, Đến: 0xfc48625744da04ca89de34894518fd3b68e832f1, Số lượng: 0 TRX, Khối: #71025760, Thời gian: 2025-04-04 08:38:09
2025/04/04 08:38:14 Giao dịch TRX: 0x4a10ebeccee202dd825a3bebf01784a745d266c9734c6ae76387128223bebe0b, Từ: 0xb957324d0b580322ed505f54e970d0a91f8f91a3, Đến: 0xc4332c16691b73f6a685d3f4ffcd90a18e027d10, Số lượng: 0 TRX, Khối: #71025760, Thời gian: 2025-04-04 08:38:09
2025/04/04 08:38:14 Giao dịch TRX: 0xe9f8b8b7c8f76fc20dc49d32a572e20cd9b4f4f139eeec175986f9b780fce9d6, Từ: 0x03f5893f4d050535ef6451d132b30f487ee6cdd4, Đến: 0x08f979efedd7e477c4aeb030428935b15a7f53a1, Số lượng: 0 TRX, Khối: #71025760, Thời gian: 2025-04-04 08:38:09
2025/04/04 08:38:14 Giao dịch TRX: 0xe9cf6b1aa179c0f306d939a9578a934ad29f98f506d852490d4950a2f1f398d7, Từ: 0xeb60070f792dae22238e3fbd3e8589a343fa9e4c, Đến: 0xa614f803b6fd780986a42c78ec9c7f77e6ded13c, Số lượng: 0 TRX, Khối: #71025760, Thời gian: 2025-04-04 08:38:09
2025/04/04 08:38:14 Giao dịch TRX: 0x882f81df206fcc173d40d2aea025e086e4d3a284e70ea62135167dea637f80c3, Từ: 0xeef7e4d18e75cec0f3a154f05123ad8a228ebe50, Đến: 0x72db4f0a94f33ac3b3fd92f54156f0e20a0d8d88, Số lượng: 0 TRX, Khối: #71025760, Thời gian: 2025-04-04 08:38:09
2025/04/04 08:38:14 Giao dịch TRX: 0x0ed32d9f8f1e41ceb99aece206cdb8baf74c629fb9069daf6237ecf65dcc1fcf, Từ: 0x6e16f58b0578f724681386bf55b90053d2d90e72, Đến: 0x8b3a8e48b9e74132e444d146047989914462cc07, Số lượng: 14,350,000 TRX, Khối: #71025760, Thời gian: 2025-04-04 08:38:09
2025/04/04 08:38:14 Giao dịch TRX: 0x6da8a365eb525b9bef3a10a5a3eacd275578ee174fd6e20c8a203e8b2a718aaa, Từ: 0x782ec92a4a5c2b7275beea3f68188ad64744c126, Đến: 0xfc48625744da04ca89de34894518fd3b68e832f1, Số lượng: 0 TRX, Khối: #71025760, Thời gian: 2025-04-04 08:38:09
2025/04/04 08:38:14 Giao dịch TRX: 0xdbbe848a1c7f18388e66dc63b973ffd64e8bede5e841fa27b615c17d6d4f00b1, Từ: 0xf1d56f4a6baecad1711c3f8649c9c602f74b32c1, Đến: 0xa614f803b6fd780986a42c78ec9c7f77e6ded13c, Số lượng: 0 TRX, Khối: #71025760, Thời gian: 2025-04-04 08:38:09
2025/04/04 08:38:14 Giao dịch TRX: 0xb8e5dbb7feaab17989b4527778bbf946755b4c6adc09216ef96e8c3110740ffe, Từ: 0x3c32c7224525e60e43d91c3a87244d414fb17511, Đến: 0xa614f803b6fd780986a42c78ec9c7f77e6ded13c, Số lượng: 0 TRX, Khối: #71025760, Thời gian: 2025-04-04 08:38:09
2025/04/04 08:38:14 Giao dịch TRX: 0xcabfa5333141c734a1a352094deec524becb45cf869d507b26f2c409173242ce, Từ: 0x7452f02038a6039b730c7ec929a3380ff1b4a6e7, Đến: 0xa614f803b6fd780986a42c78ec9c7f77e6ded13c, Số lượng: 0 TRX, Khối: #71025760, Thời gian: 2025-04-04 08:38:09
2025/04/04 08:38:14 Giao dịch TRX: 0xde3b8dd927171ee38a10145cbf151587090854b6f4b2e517db29b0944c78e258, Từ: 0x7452f02038a6039b730c7ec929a3380ff1b4a6e7, Đến: 0xa614f803b6fd780986a42c78ec9c7f77e6ded13c, Số lượng: 0 TRX, Khối: #71025760, Thời gian: 2025-04-04 08:38:09
2025/04/04 08:38:14 Giao dịch TRX: 0xbe72ba3adc35f5a3d112161aa5f29e950ab53e3422552419cc95f664508648e9, Từ: 0x7452f02038a6039b730c7ec929a3380ff1b4a6e7, Đến: 0xa614f803b6fd780986a42c78ec9c7f77e6ded13c, Số lượng: 0 TRX, Khối: #71025760, Thời gian: 2025-04-04 08:38:09
2025/04/04 08:38:14 Giao dịch TRX: 0x92a2adbfe441bba4fb3ebf85c5f5e7e6db3487b1cc5736a8cb321356699f129f, Từ: 0x7452f02038a6039b730c7ec929a3380ff1b4a6e7, Đến: 0xa614f803b6fd780986a42c78ec9c7f77e6ded13c, Số lượng: 0 TRX, Khối: #71025760, Thời gian: 2025-04-04 08:38:09
2025/04/04 08:38:14 Giao dịch TRX: 0xea2d43c98422d93dd0cd2f16a035f53b68066af39b765123d75d4b8a25c07e27, Từ: 0x7452f02038a6039b730c7ec929a3380ff1b4a6e7, Đến: 0xa614f803b6fd780986a42c78ec9c7f77e6ded13c, Số lượng: 0 TRX, Khối: #71025760, Thời gian: 2025-04-04 08:38:09
2025/04/04 08:38:14 Giao dịch TRX: 0x13a421a9df4c03fd190481f15e6b18423e5a2de15b5be1bdbf8f2e6c7cd3b1d2, Từ: 0x7452f02038a6039b730c7ec929a3380ff1b4a6e7, Đến: 0xa614f803b6fd780986a42c78ec9c7f77e6ded13c, Số lượng: 0 TRX, Khối: #71025760, Thời gian: 2025-04-04 08:38:09
2025/04/04 08:38:14 Giao dịch TRX: 0x852fba44df3cd20f9862171eee9829727592a2807755004755a606ee414baa55, Từ: 0x4138099f980cf2c4ebc99c2449438c4b5787ba72, Đến: 0xa614f803b6fd780986a42c78ec9c7f77e6ded13c, Số lượng: 0 TRX, Khối: #71025760, Thời gian: 2025-04-04 08:38:09
2025/04/04 08:38:14 Giao dịch TRX: 0xe6c583995d1813f2f3bad85380722a1cb95e17565f5983c418b1bb3a87112927, Từ: 0x7452f02038a6039b730c7ec929a3380ff1b4a6e7, Đến: 0xa614f803b6fd780986a42c78ec9c7f77e6ded13c, Số lượng: 0 TRX, Khối: #71025760, Thời gian: 2025-04-04 08:38:09
2025/04/04 08:38:14 Giao dịch TRX: 0xff5c6970ea433740d45695fd2bd1baa975e4fb014ba6ec7233863e5767c8b255, Từ: 0x22781fd63dc5b27de50094b3e240be9962a14bb3, Đến: 0x24c363e0c17835719a89e90ae38e1bcdbd23b60e, Số lượng: 0 TRX, Khối: #71025760, Thời gian: 2025-04-04 08:38:09
2025/04/04 08:38:14 Giao dịch TRX: 0xe8b9600fe4fc770ae79b52f5d0f2862fc622b9ae1e65040bc4429350995fabb9, Từ: 0x7452f02038a6039b730c7ec929a3380ff1b4a6e7, Đến: 0xa614f803b6fd780986a42c78ec9c7f77e6ded13c, Số lượng: 0 TRX, Khối: #71025760, Thời gian: 2025-04-04 08:38:09
2025/04/04 08:38:14 Giao dịch TRX: 0x5b86d0d0a573bf6a800efba7271770631a0869dcd1abc9b469330f6c3b4fc087, Từ: 0x293f5b6f751911d7ad9da312e9bca743eeffcd65, Đến: 0x900f758ef571d316b4dda4bd6bc0978ba581c977, Số lượng: 21,000,000 TRX, Khối: #71025760, Thời gian: 2025-04-04 08:38:09
2025/04/04 08:38:14 Giao dịch TRX: 0xdb6b8923e59406df7bacdc7052422cb1c73b8de3f93598aa62c23b6ae3d1cf4b, Từ: 0xc3aaec892670b6efeb0f3d99d8af8a83e9e32a18, Đến: 0xdf52b7380bf3a7ef27cc83f881fc71c6e5073f06, Số lượng: 2 TRX, Khối: #71025760, Thời gian: 2025-04-04 08:38:09
2025/04/04 08:38:14 Giao dịch TRX: 0x13a54b0500802e92e43e206c834931a68e5f6264f5544775104a6ab4588a2012, Từ: 0x7452f02038a6039b730c7ec929a3380ff1b4a6e7, Đến: 0xa614f803b6fd780986a42c78ec9c7f77e6ded13c, Số lượng: 0 TRX, Khối: #71025760, Thời gian: 2025-04-04 08:38:09
2025/04/04 08:38:14 Giao dịch TRX: 0x4a804bba4da000206377449bcf225976e5c0dd3ffb212477275fafd397fd2d52, Từ: 0x7452f02038a6039b730c7ec929a3380ff1b4a6e7, Đến: 0xa614f803b6fd780986a42c78ec9c7f77e6ded13c, Số lượng: 0 TRX, Khối: #71025760, Thời gian: 2025-04-04 08:38:09
2025/04/04 08:38:14 Giao dịch TRX: 0x4314592f657d87b898146153c6096720b1ddc46d123e270c55acc28b7f747cdd, Từ: 0x7452f02038a6039b730c7ec929a3380ff1b4a6e7, Đến: 0xa614f803b6fd780986a42c78ec9c7f77e6ded13c, Số lượng: 0 TRX, Khối: #71025760, Thời gian: 2025-04-04 08:38:09
2025/04/04 08:38:14 Giao dịch TRX: 0x421b887c153995d4c6643589a770e85db579417388f191f8f4dfc8e2957a59c4, Từ: 0x4c470c1994cf8b2f7e1eebbae0754ec202a40585, Đến: 0xa614f803b6fd780986a42c78ec9c7f77e6ded13c, Số lượng: 0 TRX, Khối: #71025760, Thời gian: 2025-04-04 08:38:09
2025/04/04 08:38:14 Giao dịch TRX: 0x3e45a13044bc364066feb1aa9c639a1b30a50ddada9b45658a235b95caf592ef, Từ: 0x4b49f524725a09c45fa49205af486d821d6aeabd, Đến: 0xa614f803b6fd780986a42c78ec9c7f77e6ded13c, Số lượng: 0 TRX, Khối: #71025760, Thời gian: 2025-04-04 08:38:09
2025/04/04 08:38:14 Giao dịch TRX: 0x7f6d47dcf29565088cf57c252e164dd1a9c64aa0bd8b1de6fdf2c09fd486e96b, Từ: 0x7452f02038a6039b730c7ec929a3380ff1b4a6e7, Đến: 0xa614f803b6fd780986a42c78ec9c7f77e6ded13c, Số lượng: 0 TRX, Khối: #71025760, Thời gian: 2025-04-04 08:38:09
2025/04/04 08:38:14 Giao dịch TRX: 0xd44ebaf54f252a70e1609ae3ee6cacd9466f1936bd4d7f04e56a584c09a91712, Từ: 0x7452f02038a6039b730c7ec929a3380ff1b4a6e7, Đến: 0xa614f803b6fd780986a42c78ec9c7f77e6ded13c, Số lượng: 0 TRX, Khối: #71025760, Thời gian: 2025-04-04 08:38:09
2025/04/04 08:38:14 Giao dịch TRX: 0x36780253265d69a76d9fd08e4530f347e02839b551fc2ddeb8d1f90f332f539e, Từ: 0x7452f02038a6039b730c7ec929a3380ff1b4a6e7, Đến: 0xa614f803b6fd780986a42c78ec9c7f77e6ded13c, Số lượng: 0 TRX, Khối: #71025760, Thời gian: 2025-04-04 08:38:09
2025/04/04 08:38:14 Giao dịch TRX: 0xdf82ba690ea8588832493da6ae1cb5605ec0959649fcfd9ff4bd21f5b5159ee2, Từ: 0x7452f02038a6039b730c7ec929a3380ff1b4a6e7, Đến: 0xa614f803b6fd780986a42c78ec9c7f77e6ded13c, Số lượng: 0 TRX, Khối: #71025760, Thời gian: 2025-04-04 08:38:09
2025/04/04 08:38:14 Giao dịch TRX: 0x627e4d9b0088b1212260da7e1a888c8378288bd937bd7427887902771dba26cd, Từ: 0xb5be033a7a2061d9aad337013495fb84c599df1b, Đến: 0xdd19c39cf4dec6747d0777d13b7b21ab54420b95, Số lượng: 1 TRX, Khối: #71025760, Thời gian: 2025-04-04 08:38:09
2025/04/04 08:38:14 Giao dịch TRX: 0x3ac6259f7957f9d1f3654b42b89c99211e83655fba78cb73d30d0ff3b534c320, Từ: 0x7f697b91dee3c74f01ce2b1f77f936951c14d6c6, Đến: 0x5febd103880b66d34bf7c5d82fe0dd0bd95297bc, Số lượng: 1 TRX, Khối: #71025760, Thời gian: 2025-04-04 08:38:09
2025/04/04 08:38:14 Giao dịch TRX: 0x6f7e34958149a754dc86ee45924a1eda0c33dcfb49c7ed0f6fce85f500eb8480, Từ: 0x47244ac3f83fde6d0e2da6cf50f049f0c81f09c9, Đến: 0xc60a6f5c81431c97ed01b61698b6853557f3afd4, Số lượng: 955,303,775 TRX, Khối: #71025760, Thời gian: 2025-04-04 08:38:09
2025/04/04 08:38:14 Giao dịch TRX: 0xd850f84f3dcf4e79b5aa0275e0c97fe796a57d3cc511e3e1ee752c0f9e0f78af, Từ: 0x31c562b7404a9bfc96a9414a0fd47721ab9af229, Đến: 0xc16f3ec8bdae31bd72ff37f06651f20aacb451d4, Số lượng: 2 TRX, Khối: #71025760, Thời gian: 2025-04-04 08:38:09
2025/04/04 08:38:14 Giao dịch TRX: 0xef05f9c51941ee4f28be61989bcb75650a037160fa53aa36979f73fa80720de5, Từ: 0x1d411326f13e352c00383bdd09e89b436543f1de, Đến: 0xa614f803b6fd780986a42c78ec9c7f77e6ded13c, Số lượng: 0 TRX, Khối: #71025760, Thời gian: 2025-04-04 08:38:09
2025/04/04 08:38:14 Giao dịch TRX: 0xa1b82ff1fbe9705bfa90fb6913082bb176f0a7cb7911a6095ddb18b275edfeb7, Từ: 0x3c13e531a39aa10191415f37aea97cda7d8f0d50, Đến: 0xa614f803b6fd780986a42c78ec9c7f77e6ded13c, Số lượng: 0 TRX, Khối: #71025760, Thời gian: 2025-04-04 08:38:09
2025/04/04 08:38:14 Giao dịch TRX: 0xf3f1b7f2da231bfccebb7e34df2572b0903c1fda9bc98490e0cef0554be347eb, Từ: 0x2c9883471f1f04842e7f6eecc76fcfd6f2435adf, Đến: 0x7c7a8ab74adc5aaa0415896b9f715ceaa3d4ce47, Số lượng: 0 TRX, Khối: #71025760, Thời gian: 2025-04-04 08:38:09
2025/04/04 08:38:14 Giao dịch TRX: 0xf0e4c5586ca31860aec991d58debc40f9f80d436ebc330e54da008cc2640b1a8, Từ: 0xea8279fa1dd0565e73fa31b6a13df5f726d22aa3, Đến: 0xbfa53b9b2a2c9108b892d9382c5b92492d7ecd45, Số lượng: 0 TRX, Khối: #71025760, Thời gian: 2025-04-04 08:38:09
2025/04/04 08:38:14 Giao dịch TRX: 0xb4d8456f4d291c2a4487aab1ec7690c9959ea93a1ec78c6b394492771bcf86d5, Từ: 0x2c9883471f1f04842e7f6eecc76fcfd6f2435adf, Đến: 0x7a37661f889cb5066cbb6acd6e1ff9ce5ade0830, Số lượng: 0 TRX, Khối: #71025760, Thời gian: 2025-04-04 08:38:09
2025/04/04 08:38:14 Giao dịch TRX: 0xab9b8f875ad38d9aa5335dda00037b3fe69f4351b197fd3e47b7e8f640d5d961, Từ: 0xea8279fa1dd0565e73fa31b6a13df5f726d22aa3, Đến: 0x7c7a8ab74adc5aaa0415896b9f715ceaa3d4ce47, Số lượng: 0 TRX, Khối: #71025760, Thời gian: 2025-04-04 08:38:09
2025/04/04 08:38:14 Giao dịch TRX: 0x64217963ce54bd1248bb770b0534dfb5c85c7946f8d0ecc95032988e6463ba27, Từ: 0xcb296e8bf34232f1212873e49b82d9434a99bed2, Đến: 0x0c0df9cdf2f49ebfaa40e413b82e68ea401dc49f, Số lượng: 833,333,333 TRX, Khối: #71025760, Thời gian: 2025-04-04 08:38:09
2025/04/04 08:38:14 Giao dịch TRX: 0x0a12a22f7fa302d7c6d5a0e3ae01e8f30198847f1d268d9f437e02176453dada, Từ: 0xeedb428405c04d4149ad83f2f3e5e72b61bdcd38, Đến: 0xfe0460cf2611ce2f29a7b8cded20e3dee3c7bae4, Số lượng: 2 TRX, Khối: #71025760, Thời gian: 2025-04-04 08:38:09
2025/04/04 08:38:14 Giao dịch TRX: 0xfa4c97adef75d155c82ae730b19466298c49a8d5236170045b000071407171ae, Từ: 0x8f4727febc3829d3baeb88b89bbc396d244e9b6e, Đến: 0x001ade9305b427b766d069b7d28beabe93f23894, Số lượng: 2 TRX, Khối: #71025760, Thời gian: 2025-04-04 08:38:09
2025/04/04 08:38:14 Giao dịch TRX: 0x1a657014ad1b6a38e118cf74285022e4548aecee34b15fdc780dd3e35e6884a4, Từ: 0xf0122402ec22622253d5a760d458435209fd9c75, Đến: 0x214e43ec75f613efa43189700727115aa091ced9, Số lượng: 269,000,000 TRX, Khối: #71025760, Thời gian: 2025-04-04 08:38:09
2025/04/04 08:38:14 Giao dịch TRX: 0x66fc538fcce9daebbe94e0addc94af86791d79811aa6cf1a2d854a9bb5b98d4c, Từ: 0x02d19c25d0b899d1f267f4da04fac2c0b1e3fd02, Đến: 0xbe1dc4b4d72b2916f18657b66656a388cbdf470b, Số lượng: 20,000,000 TRX, Khối: #71025760, Thời gian: 2025-04-04 08:38:09
2025/04/04 08:38:14 Giao dịch TRX: 0xa32e85bb16d1a2cb80ac5d0b9e037b82bc107016834f53199ac1123efe3e90b9, Từ: 0xdab4f5a0378b92cd87cb3bd9d0a176a6b3873820, Đến: 0x5965db4a5974ee0e9f01991fad51c29c124d70aa, Số lượng: 100 TRX, Khối: #71025760, Thời gian: 2025-04-04 08:38:09
2025/04/04 08:38:14 Giao dịch TRX: 0x552329a3fec6870da4b3e9dad4468768002b690304cc1c6753b3c49ab8968da4, Từ: 0x6d65839db534a28fd17716190d43c4ccc546a251, Đến: 0xe5077ca8d7eaeef6eac0e61d78e8c0e58109df88, Số lượng: 0 TRX, Khối: #71025760, Thời gian: 2025-04-04 08:38:09
2025/04/04 08:38:14 Giao dịch TRX: 0xe08924f1c95fda7eb253841ae89b9581281c57831dca31ad79562244200ed5f8, Từ: 0xa166025bcbb24d0ce670cb6d4e5bc8dd5b704098, Đến: 0x4258f2b91d4f938b3a7d43c230979182d2b7020a, Số lượng: 0 TRX, Khối: #71025760, Thời gian: 2025-04-04 08:38:09
2025/04/04 08:38:14 Giao dịch TRX: 0x0eca7e83bf5f35ea1154c0efbeb6376ed73c4d25f702b39db6ff16be3270e3c1, Từ: 0x3536dd3443052197138e27f0637bc1c8b7c967d3, Đến: 0xa614f803b6fd780986a42c78ec9c7f77e6ded13c, Số lượng: 0 TRX, Khối: #71025760, Thời gian: 2025-04-04 08:38:09
2025/04/04 08:38:14 Giao dịch TRX: 0x9e2bbee910b338f63b32923ba71726cab749527a88c1d3dbead2a415405e235d, Từ: 0x15df97def376bcd1db77b167364539eece5985c1, Đến: 0xa614f803b6fd780986a42c78ec9c7f77e6ded13c, Số lượng: 0 TRX, Khối: #71025760, Thời gian: 2025-04-04 08:38:09
2025/04/04 08:38:14 Giao dịch TRX: 0x0554fac53e7d058015fc1e43f92ddf7b4e1658c9e0d267350a9067287274c03b, Từ: 0x9e62aaa8cb08557e9f9d5118576e5e13b58ed8eb, Đến: 0x872411b127096413f0c0a820d6c481a417b4ac10, Số lượng: 0 TRX, Khối: #71025760, Thời gian: 2025-04-04 08:38:09
2025/04/04 08:38:14 Giao dịch TRX: 0x92db94da0056ce8855764e253df376b6ccf5ad42f822c051d0e38c9b80e1cd89, Từ: 0xbb3cd185bf66a25bdb538b694ca1eb14a373c09c, Đến: 0x4bc5ff6de33e4b529f6400ddd4aec37a3cbe2d5f, Số lượng: 0 TRX, Khối: #71025760, Thời gian: 2025-04-04 08:38:09
2025/04/04 08:38:14 Giao dịch TRX: 0x5590fdc7f382fd36ea3449d5961e4a46c6b7daa9a19987868fecc86465aa21ad, Từ: 0xf435c4c2eae192108c0c093266780ab2cde9bae7, Đến: 0xeb1ca6db4609b9134b95b51c88f0eb9be9d5526e, Số lượng: 5 TRX, Khối: #71025760, Thời gian: 2025-04-04 08:38:09
2025/04/04 08:38:14 Giao dịch TRX: 0xca525b4dfe6f6a3f5cf969cf160b952a759c0d57f71a71cf9a8096fcb09cf67c, Từ: 0x0d091671b25021809e6c2931e5b4c5215a849d59, Đến: 0x69ab78110201e77b7ba895b4869592267a842984, Số lượng: 1 TRX, Khối: #71025760, Thời gian: 2025-04-04 08:38:09
2025/04/04 08:38:14 Giao dịch TRX: 0xfc272dab7db69a8c0cc37b1d4d58be9ab0664863817bda0c76ff6bce2b7da870, Từ: 0x098670c3a730bdf9769ea66b5deb855d519418a9, Đến: 0x9cdc26f808208da7a64b06ac1edcfbb061c47568, Số lượng: 200,000 TRX, Khối: #71025760, Thời gian: 2025-04-04 08:38:09
2025/04/04 08:38:14 Giao dịch TRX: 0x3e06fc33694358f1148a5e26965bddd18d1cc90fdb212b6d126fd889668f5b86, Từ: 0x08b5b9587b2e40b14585dcda1e3f7a2a556c7123, Đến: 0x2cd2b91ad2cff14def1b512f6e8af1716a7d2f9a, Số lượng: 0 TRX, Khối: #71025760, Thời gian: 2025-04-04 08:38:09
2025/04/04 08:38:14 Giao dịch TRX: 0xb76d0d08173138ddf7fd6905d6c8dfd659fccb763a4f61696b72a69075333f84, Từ: 0xfacdcb84bc2f3a1fcf076ba65e79229732d195cb, Đến: 0x62feaf69982a34803de0088a82743871eaddcf6e, Số lượng: 3 TRX, Khối: #71025760, Thời gian: 2025-04-04 08:38:09
2025/04/04 08:38:14 Giao dịch TRX: 0xa4727c6c05881cd68fa44f7bba887023295e97dd40e2aa4aec6d2cf08674a9a4, Từ: 0xfb2d8829aa9faf7c8cec273a9fcb99aa9e550c1f, Đến: 0xa614f803b6fd780986a42c78ec9c7f77e6ded13c, Số lượng: 0 TRX, Khối: #71025760, Thời gian: 2025-04-04 08:38:09
2025/04/04 08:38:14 Giao dịch TRX: 0xd4531139a3c064c7902fcc5289e6dc734e1b8b7a5aa867e922d0aae56cfe2bd2, Từ: 0xab6e1a6acc2871e7f31a1a4c7200070ec1605918, Đến: 0xeee6b83003c100f55795e38d8fac014076e01f77, Số lượng: 3 TRX, Khối: #71025760, Thời gian: 2025-04-04 08:38:09
2025/04/04 08:38:14 Giao dịch TRX: 0x96db4badc9026a4e6effcfa432c1ce8fdcdba968c27f4998c106e9e0c0ac751b, Từ: 0xf70afc9268735a560625159d2cb265a318eae69e, Đến: 0xa614f803b6fd780986a42c78ec9c7f77e6ded13c, Số lượng: 0 TRX, Khối: #71025760, Thời gian: 2025-04-04 08:38:09
2025/04/04 08:38:14 Giao dịch TRX: 0xa3cb5e282c72d9de15103df922ab27f4ecd6ed8b5d64cba4c277b7cf503d01bb, Từ: 0xc686c48436aec3a1dfce4ac5a4526c39366985ba, Đến: 0xa614f803b6fd780986a42c78ec9c7f77e6ded13c, Số lượng: 0 TRX, Khối: #71025760, Thời gian: 2025-04-04 08:38:09
2025/04/04 08:38:14 Giao dịch TRX: 0xbb494992ba4a4935f00acd349165256a3323c9b27443a3b5c53aded891673e8c, Từ: 0x3be1744842af0f11ceac5765844376c6576834c0, Đến: 0xa614f803b6fd780986a42c78ec9c7f77e6ded13c, Số lượng: 0 TRX, Khối: #71025760, Thời gian: 2025-04-04 08:38:09
2025/04/04 08:38:14 Giao dịch TRX: 0xdbbaa6342a0c18062c10bf2a6b24ccf5381d42bf1cce77b2c5a4f3c6dbfcf1ec, Từ: 0x3d6e55a9d8c35a509fb1525d1d0b40b7112bb342, Đến: 0x6f5f5764977862e671f3959086a022fbfa76fa08, Số lượng: 3 TRX, Khối: #71025760, Thời gian: 2025-04-04 08:38:09
2025/04/04 08:38:14 Giao dịch TRX: 0x4f10beb3fb76e1763bee5d770ba25f2befcd18657bc7e888e348bf64d04239d6, Từ: 0xfd280a79a7ccde954205de01f0b40dc33be1b73d, Đến: 0xa614f803b6fd780986a42c78ec9c7f77e6ded13c, Số lượng: 0 TRX, Khối: #71025760, Thời gian: 2025-04-04 08:38:09
2025/04/04 08:38:14 Giao dịch TRX: 0x5f54071c5895d3b9399702323084870afb76a1814bf400aea5023edd4467fff0, Từ: 0x5af40a9e3ec0a73c86d806145edd136c7df310be, Đến: 0x54e07936d4e9c3ccf9e01a06eb35e4317990b6ba, Số lượng: 0 TRX, Khối: #71025760, Thời gian: 2025-04-04 08:38:09
2025/04/04 08:38:14 Giao dịch TRX: 0x7994ac0019b0723925698d549615d7f9cb5c7e87bbf0e8fd6b868dc862ae0dd8, Từ: 0x5af40a9e3ec0a73c86d806145edd136c7df310be, Đến: 0x739a8ad38b0b2cfa451520381cc363252b68adbc, Số lượng: 0 TRX, Khối: #71025760, Thời gian: 2025-04-04 08:38:09
2025/04/04 08:38:14 Giao dịch TRX: 0x43f9c5c6763b0abb7ebb98e9b116bdea319cc09118d9eb4f95f2d810cf8edc6c, Từ: 0xe6f1259871d1d52d85d2b1866ace9ee63eb0111d, Đến: 0xa614f803b6fd780986a42c78ec9c7f77e6ded13c, Số lượng: 0 TRX, Khối: #71025760, Thời gian: 2025-04-04 08:38:09
2025/04/04 08:38:14 Giao dịch TRX: 0x4193394cefcac17f6932a8d8a9a9a27fd01a8bfa23fe1221f998527b01b7ed78, Từ: 0x58641d58412088085e40c8290a00f5785d271a09, Đến: 0xa614f803b6fd780986a42c78ec9c7f77e6ded13c, Số lượng: 0 TRX, Khối: #71025760, Thời gian: 2025-04-04 08:38:09
2025/04/04 08:38:14 Giao dịch TRX: 0x115fd79420e7f30b228dd5fc1c12fc59b7c19281fd85d47f5024141bdead0118, Từ: 0x58641d58412088085e40c8290a00f5785d271a09, Đến: 0xa614f803b6fd780986a42c78ec9c7f77e6ded13c, Số lượng: 0 TRX, Khối: #71025760, Thời gian: 2025-04-04 08:38:09
2025/04/04 08:38:14 Giao dịch TRX: 0x4aab05a8a2d0add109f2beae889346ecad8ff10b47f462d0c11855b7bcf4ff73, Từ: 0xd1d073c5ea80969d00b29123b14bedb3468b55fc, Đến: 0x66556932828e0af447c6597111ee6ff2dda392d2, Số lượng: 100,000 TRX, Khối: #71025760, Thời gian: 2025-04-04 08:38:09
2025/04/04 08:38:14 Giao dịch TRX: 0x7ed2b7ce16ed8b37f7c8a8b3f3834972ab82363002b5ced7c69377e1177d89e9, Từ: 0x58641d58412088085e40c8290a00f5785d271a09, Đến: 0xa614f803b6fd780986a42c78ec9c7f77e6ded13c, Số lượng: 0 TRX, Khối: #71025760, Thời gian: 2025-04-04 08:38:09
2025/04/04 08:38:14 Giao dịch TRX: 0x48b3da812ad59fa928f9259eb06b5c70903055e60699abd7966b8728a38c3c4c, Từ: 0xc686c48436aec3a1dfce4ac5a4526c39366985ba, Đến: 0xa614f803b6fd780986a42c78ec9c7f77e6ded13c, Số lượng: 0 TRX, Khối: #71025760, Thời gian: 2025-04-04 08:38:09
2025/04/04 08:38:14 Giao dịch TRX: 0x7129912d525981fb8851b520a1641c591f650f87a163eddab3b3cf85e3ee6df2, Từ: 0xc686c48436aec3a1dfce4ac5a4526c39366985ba, Đến: 0xa614f803b6fd780986a42c78ec9c7f77e6ded13c, Số lượng: 0 TRX, Khối: #71025760, Thời gian: 2025-04-04 08:38:09
2025/04/04 08:38:14 Giao dịch TRX: 0xb626fdbd27c7139fa6978d14e6e9d5475fa2b7cbd198ea94cc8cd61503c946eb, Từ: 0x58641d58412088085e40c8290a00f5785d271a09, Đến: 0xa614f803b6fd780986a42c78ec9c7f77e6ded13c, Số lượng: 0 TRX, Khối: #71025760, Thời gian: 2025-04-04 08:38:09
2025/04/04 08:38:14 Giao dịch TRX: 0x1dd2734788f0acd994392c314c92279486dc569b14382ae33c03d6dfa84149ea, Từ: 0x2a0bc323d8654fb825e303852b97b1ab1a17c04d, Đến: 0xd11544196babaf4b9b1a961f229af7667a44c3a9, Số lượng: 0 TRX, Khối: #71025760, Thời gian: 2025-04-04 08:38:09
2025/04/04 08:38:14 Giao dịch TRX: 0xfdb196838ba2770fe61bb646de359e9abafcb9d9f88bc80a034ae45bb7f24ce8, Từ: 0x2183d5c65c2e17b55ad0365b6bb21e291dc89a75, Đến: 0xd0b978331b054c0b5cc1b4e9aab5f1674d49ed78, Số lượng: 0 TRX, Khối: #71025760, Thời gian: 2025-04-04 08:38:09
2025/04/04 08:38:14 Giao dịch TRX: 0x382c90724451796ae43f09f9238ecc280f9116f9c9c5686e1f3e058f9dc4ab3e, Từ: 0x6f4b40b9503d4cc5c9427e8b2c118fa3861ae674, Đến: 0x06f56df9b026a909a834a3a76bc494bdbb1cc3fe, Số lượng: 31,000,000 TRX, Khối: #71025760, Thời gian: 2025-04-04 08:38:09
2025/04/04 08:38:14 Giao dịch TRX: 0x88a4e763f99e9a23804d3f026e9083d6ecaff0888789b2049233f86b9e1ee707, Từ: 0x830cff824154d56fb9e7a62ec5c825f4e1dbd6b6, Đến: 0x7188efa273b0c3a4577d558e38a6721c458d9e1b, Số lượng: 7 TRX, Khối: #71025760, Thời gian: 2025-04-04 08:38:09
2025/04/04 08:38:14 Giao dịch TRX: 0xea579f5b262687a8795544fe61c2e3c1112394fd00fcaa2a1cae72fab1f7e57f, Từ: 0x160be5d40800f7fbd98cd6f258f5f58c849e5f34, Đến: 0x2e0f930f84c70592d50f1ee7cba1bec78fe17969, Số lượng: 6,000,000 TRX, Khối: #71025760, Thời gian: 2025-04-04 08:38:09
2025/04/04 08:38:14 Giao dịch TRX: 0xe10a68b87f5c2d43f6b41b1b41256baa9e74ea5d02124f01acf3c49cb6b44f42, Từ: 0x301c5d6acae1142cc3d44d2d87be678c0d9bcd9a, Đến: 0xcbc27cffba1898bee7cd3859c5f0f3f47ef6dd44, Số lượng: 0 TRX, Khối: #71025760, Thời gian: 2025-04-04 08:38:09
2025/04/04 08:38:14 Giao dịch TRX: 0x50695ae653bc8b8e8752f594224cf1484b77bd383b2a0c01bdb89777c56350d2, Từ: 0x58641d58412088085e40c8290a00f5785d271a09, Đến: 0xa614f803b6fd780986a42c78ec9c7f77e6ded13c, Số lượng: 0 TRX, Khối: #71025760, Thời gian: 2025-04-04 08:38:09
2025/04/04 08:38:14 Giao dịch TRX: 0xb5fa58a0fdefcf9d5d0f7bb66f67c7688f1a7df397db7f64f3386d7b8fc018f6, Từ: 0xc686c48436aec3a1dfce4ac5a4526c39366985ba, Đến: 0xa614f803b6fd780986a42c78ec9c7f77e6ded13c, Số lượng: 0 TRX, Khối: #71025760, Thời gian: 2025-04-04 08:38:09
2025/04/04 08:38:14 Giao dịch TRX: 0x490b20aef0a63ea3fa40575b049ad2a129ae5bf6e0c6c675cd00816937963fff, Từ: 0xc686c48436aec3a1dfce4ac5a4526c39366985ba, Đến: 0xa614f803b6fd780986a42c78ec9c7f77e6ded13c, Số lượng: 0 TRX, Khối: #71025760, Thời gian: 2025-04-04 08:38:09
2025/04/04 08:38:14 Giao dịch TRX: 0x399175646234ec62cc34b4c77c11f33f57c7d77d8951d5d3ea2829b7095935b8, Từ: 0x2a0bc323d8654fb825e303852b97b1ab1a17c04d, Đến: 0xd11544196babaf4b9b1a961f229af7667a44c3a9, Số lượng: 0 TRX, Khối: #71025760, Thời gian: 2025-04-04 08:38:09
2025/04/04 08:38:14 Giao dịch TRX: 0xdf383965d125713621e1955d1194ad80966d638f0d0efea8e6ab775dc40a2846, Từ: 0xb692574604bde4668b7ac3f7cf40428ef2e25557, Đến: 0xb5ae595a1abe34f684a0b2196cf663beeeaf248b, Số lượng: 0 TRX, Khối: #71025760, Thời gian: 2025-04-04 08:38:09
2025/04/04 08:38:14 Giao dịch TRX: 0x1f509762083e1e563bfbfe856bf89f1ef45b3ff4037127c177a9d6e3522d01eb, Từ: 0xb33925e8725cad40208062c2ddbbb1b093b67014, Đến: 0x4122f4ad40f6b29d156d0cae6dcca980a21f40fc, Số lượng: 1 TRX, Khối: #71025760, Thời gian: 2025-04-04 08:38:09
2025/04/04 08:38:14 Giao dịch TRX: 0x5f066a44d3da37e97f7af24675bd37c8a62deff598858aa9704320a57d99c472, Từ: 0xf0122402ec22622253d5a760d458435209fd9c75, Đến: 0xe81ad61937c7c1a0d1c41d1336b5663bb39b32b1, Số lượng: 1,103,915,864 TRX, Khối: #71025760, Thời gian: 2025-04-04 08:38:09
2025/04/04 08:38:14 Giao dịch TRX: 0x932fd942fa392bf705f34dd6473e2676ae5ba75369bee3253fe83cafe1c0c175, Từ: 0x3b9d70bf0d4e6663dca2edd43e9d0182b3d36b9b, Đến: 0x433a13b5148ae10ca461799cf363295ca0851273, Số lượng: 1 TRX, Khối: #71025760, Thời gian: 2025-04-04 08:38:09
2025/04/04 08:38:14 Giao dịch TRX: 0xdec230059b38b45d61222a6ae2fb32ab4e3648a46a1ebb4404f7288924f03e4a, Từ: 0xe9e7848206028c0f856a3e50273daf347586bd05, Đến: 0xa614f803b6fd780986a42c78ec9c7f77e6ded13c, Số lượng: 0 TRX, Khối: #71025760, Thời gian: 2025-04-04 08:38:09
2025/04/04 08:38:14 Giao dịch TRX: 0x5a1c6333e39ae22922632199b85848a749d4b5847f7a52303c60615ed3a49b6d, Từ: 0xbb3cd185bf66a25bdb538b694ca1eb14a373c09c, Đến: 0x4bc5ff6de33e4b529f6400ddd4aec37a3cbe2d5f, Số lượng: 0 TRX, Khối: #71025760, Thời gian: 2025-04-04 08:38:09
2025/04/04 08:38:14 Giao dịch TRX: 0x1dc0b0ad9cf8af3bdea803206640e6a0811362088d1bb604457529d4a29afb9c, Từ: 0x3cbe1a316ca1f23ed929437577b0dd929a0c4af3, Đến: 0xf32d5fe0626d7a41767325e6ba51ccbd2396080c, Số lượng: 550,000,000 TRX, Khối: #71025760, Thời gian: 2025-04-04 08:38:09
2025/04/04 08:38:14 Giao dịch TRX: 0xf723c65492f8bbda3c491f7231ebf7b7d83db3c0faae6b8c418068e9c0f9c782, Từ: 0x1650efbcf0afc0d9cbc22899f2066d94a5d119e2, Đến: 0x21985c50b8f4742e00f670df5278cdf6dfdebefe, Số lượng: 0 TRX, Khối: #71025760, Thời gian: 2025-04-04 08:38:09
2025/04/04 08:38:14 Giao dịch TRX: 0xeb3940f78fc88946141b8051cb9f26e8361e9f1953b7c83c0d3c8b2bbbfca8f0, Từ: 0x5af40a9e3ec0a73c86d806145edd136c7df310be, Đến: 0x72db4f0a94f33ac3b3fd92f54156f0e20a0d8d88, Số lượng: 0 TRX, Khối: #71025760, Thời gian: 2025-04-04 08:38:09
2025/04/04 08:38:14 Giao dịch TRX: 0xed6d6b47759a107de2f847072d9ec69339f76e233581a8ab1465678a14323b89, Từ: 0x208227e02dfe6742caa77d0e42eb96141e8c9913, Đến: 0xee56803e16d8f34a0c2f2b319fb5fdeebaf56410, Số lượng: 1 TRX, Khối: #71025760, Thời gian: 2025-04-04 08:38:09
2025/04/04 08:38:14 Giao dịch TRX: 0x746db82a806d38c01566d79d7842ba2c2731bb2a8acaa30bb8847664d4d49ea9, Từ: 0x82b3e30d22ac5a9002e9f30f15429e9617f06ee6, Đến: 0xc67becf4cce30efcae69f1a48fd5c676a5555dd0, Số lượng: 13,499,850 TRX, Khối: #71025760, Thời gian: 2025-04-04 08:38:09
2025/04/04 08:38:14 Giao dịch TRX: 0xfa98e6b8151c5242e0cb0477e485efa84b95a5f165d6537bb8df7b1076377cae, Từ: 0x0d0707963952f2fba59dd06f2b425ace40b492fe, Đến: 0x8c7f97e01171c14b8101ceba44dd361b6c9d474f, Số lượng: 586,937 TRX, Khối: #71025760, Thời gian: 2025-04-04 08:38:09
2025/04/04 08:38:14 Giao dịch TRX: 0xf8c21f02d897283774d034608ecf4e504dda6c5b6584966426b350197410000c, Từ: 0x73f9c83862e60189d870041307e57456e91097cd, Đến: 0x0b5069a77c73bfad9d322078e0e84c55fd754ecb, Số lượng: 47,700,000 TRX, Khối: #71025760, Thời gian: 2025-04-04 08:38:09
2025/04/04 08:38:14 Giao dịch TRX: 0x40435dc75251bef7954b6a6db8cced9df80a2578816b6d945b85857d35ecbc75, Từ: 0xa5b51cb4fcd9399229e33f7bc406c088951818b6, Đến: 0x9ff13972f81822cb490efb18628e0df003b1d36d, Số lượng: 0 TRX, Khối: #71025760, Thời gian: 2025-04-04 08:38:09
2025/04/04 08:38:14 Giao dịch TRX: 0x4668349a627fbdafd620ac5e71f19d1347de3bacfe622db752f7e0cf84087907, Từ: 0xe492a4270d139bc2ea116266e2578bda19ed0cb9, Đến: 0x8999a7504227b056953ac8ca4d6b2e7712efc961, Số lượng: 0 TRX, Khối: #71025760, Thời gian: 2025-04-04 08:38:09
2025/04/04 08:38:14 Giao dịch TRX: 0x6d0be0fd215e3e037b7be707da3219b65403e401291e0cce568df424674c057c, Từ: 0xc618fe3cf9158fa7bc72405d0557c7295a2cdf79, Đến: 0x291cee743817e0eff47b6d106e09189763f0aa57, Số lượng: 0 TRX, Khối: #71025760, Thời gian: 2025-04-04 08:38:09
2025/04/04 08:38:14 Giao dịch TRX: 0x272f6e20747a1d85f178d6787c00ebf640485e9cfcefe4c49d595bcb59929f64, Từ: 0x59c53e7d8f23d32e5444be7152fb84118435be18, Đến: 0xe9510ae187b991a15c2108add0654e2022857ab7, Số lượng: 0 TRX, Khối: #71025760, Thời gian: 2025-04-04 08:38:09
2025/04/04 08:38:14 Giao dịch TRX: 0x485d73d3b599010f406d82430cb7d16b8a29ff114b7adbe25aab3e58e87dbbb6, Từ: 0x4bcc7c579608daa9ce128bd44409f2e8b8b2756a, Đến: 0x9e62aaa8cb08557e9f9d5118576e5e13b58ed8eb, Số lượng: 0 TRX, Khối: #71025760, Thời gian: 2025-04-04 08:38:09
2025/04/04 08:38:14 Giao dịch TRX: 0x471e31a6b3235396818084e0348a5f22293947a00c21f82dbfcc11292f28a40b, Từ: 0x4bcc7c579608daa9ce128bd44409f2e8b8b2756a, Đến: 0x9e62aaa8cb08557e9f9d5118576e5e13b58ed8eb, Số lượng: 0 TRX, Khối: #71025760, Thời gian: 2025-04-04 08:38:09
2025/04/04 08:38:14 Giao dịch TRX: 0x4e1bf90321e82142038040f0c466fae09406af8ab606003a2abc75eb8555b652, Từ: 0x26be8ff1fd22374c4984e68ad568f3781fb47811, Đến: 0xa614f803b6fd780986a42c78ec9c7f77e6ded13c, Số lượng: 0 TRX, Khối: #71025760, Thời gian: 2025-04-04 08:38:09
2025/04/04 08:38:14 Giao dịch TRX: 0x9b596c262928f19e07b2511206521ecc5e99f04a6f527daaaa1b6d004657df7e, Từ: 0xc28e7f39c64ff476c2564899e58fce7425c992ca, Đến: 0xa614f803b6fd780986a42c78ec9c7f77e6ded13c, Số lượng: 0 TRX, Khối: #71025760, Thời gian: 2025-04-04 08:38:09
2025/04/04 08:38:14 Giao dịch TRX: 0xc9fc0cd1a0759facc66f42a87d639d4a134aec28e997e27a7e9dd1c45bb064cd, Từ: 0x4ae61e278b79aae512c0e69a1d36fbb565766649, Đến: 0xa614f803b6fd780986a42c78ec9c7f77e6ded13c, Số lượng: 0 TRX, Khối: #71025760, Thời gian: 2025-04-04 08:38:09
2025/04/04 08:38:14 Giao dịch TRX: 0xe96277a3787081020cac02e312c01d54cd9c0a7e5f899a68cb48b374d03f8e3b, Từ: 0xbb3cd185bf66a25bdb538b694ca1eb14a373c09c, Đến: 0xf2431a19d49e0753dfd69fa7e8dbfca35ad78e83, Số lượng: 0 TRX, Khối: #71025760, Thời gian: 2025-04-04 08:38:09
2025/04/04 08:38:14 Giao dịch TRX: 0x24287d96fdf2f30193f11b85ed76efffd439ea8fcf0fb619986646b3df8fa7fb, Từ: 0x3125ab082b9e76a08538dae829f087cc059e7f9a, Đến: 0x83b6424addaaf49bdb66aff00587e3192756d450, Số lượng: 0 TRX, Khối: #71025760, Thời gian: 2025-04-04 08:38:09
2025/04/04 08:38:14 Giao dịch TRX: 0x55a6e2bc2c6ad47aefa144f3bb1748a55d9eeb625f0daba69814235651e9562a, Từ: 0x04f3f2918cd78fc89ae353ad32a9f249ba6a1347, Đến: 0xe9510ae187b991a15c2108add0654e2022857ab7, Số lượng: 0 TRX, Khối: #71025760, Thời gian: 2025-04-04 08:38:09
2025/04/04 08:38:14 Giao dịch TRX: 0x702078ecd0416b25d089b9450225dfff16e18593094e8eca74921785fdf688fb, Từ: 0xb692574604bde4668b7ac3f7cf40428ef2e25557, Đến: 0x247860127f2c988b5bb5b39763f928d156afede0, Số lượng: 0 TRX, Khối: #71025760, Thời gian: 2025-04-04 08:38:09
2025/04/04 08:38:14 Giao dịch TRX: 0x2e154394c72cad7c6c772b5813a85c3e861f508efe2fa61f8e265d290f2a1ed8, Từ: 0x2830acbc6d48f6a024692085c9407d49b036b802, Đến: 0x4e592d71e9e90d80d47b0f2b495503e37e0178bd, Số lượng: 16,500,151 TRX, Khối: #71025760, Thời gian: 2025-04-04 08:38:09
2025/04/04 08:38:14 Giao dịch TRX: 0x599be0ee675944fce8f1867ee386a706239d4ccde4894c0b3b2e7d594b1db3dd, Từ: 0x95d06912584d95ac7c6dee580ee23154b59b784e, Đến: 0xa614f803b6fd780986a42c78ec9c7f77e6ded13c, Số lượng: 0 TRX, Khối: #71025760, Thời gian: 2025-04-04 08:38:09
2025/04/04 08:38:14 Giao dịch TRX: 0x4182f1cc891560e39ad8218de3894cb6e22b74c8348bfc1f7ad3af810c4360ab, Từ: 0x4d4e6ccccc3cc4d54acbe5ebbb5739c7653c6692, Đến: 0x2fb2231af314724772c9945aa58e4ec52a53416e, Số lượng: 0 TRX, Khối: #71025760, Thời gian: 2025-04-04 08:38:09
2025/04/04 08:38:14 Giao dịch TRX: 0xb9668f26162da57b403716db6ea3268b958b9e961790966b39ac6f0c9ece86be, Từ: 0xe492a4270d139bc2ea116266e2578bda19ed0cb9, Đến: 0x93a84994d0ddbbac45b6298f135931c24b54e9d2, Số lượng: 0 TRX, Khối: #71025760, Thời gian: 2025-04-04 08:38:09
2025/04/04 08:38:14 Giao dịch TRX: 0xbe96492b882bcf50dbc525db7d6b16385010cc40da4b4e65aa97288935afeedb, Từ: 0xeef7e4d18e75cec0f3a154f05123ad8a228ebe50, Đến: 0x72db4f0a94f33ac3b3fd92f54156f0e20a0d8d88, Số lượng: 0 TRX, Khối: #71025760, Thời gian: 2025-04-04 08:38:09
2025/04/04 08:38:14 Giao dịch TRX: 0x25fd2e83a40587d3b02ad7241516285f9f6e69612d3c8a27e0dc67d79d904b8c, Từ: 0x237f5cab7e3e3e5139ee3b01d79a522110b75937, Đến: 0x2eff19051740a39428d2f5aa4dd49360ad5bc669, Số lượng: 10,000,000 TRX, Khối: #71025760, Thời gian: 2025-04-04 08:38:09
2025/04/04 08:38:14 Giao dịch TRX: 0xa55519fb31c7cc00d876316e6f931f39756d4b2daccf7fbc1e6d9b32d7ace3dc, Từ: 0x43f8e838c0a006835be5026ef3030213df8bcf0d, Đến: 0x7d1de1d40904e7792f076ee2bc400f1693fe033e, Số lượng: 2,000,000 TRX, Khối: #71025760, Thời gian: 2025-04-04 08:38:09
2025/04/04 08:38:14 Giao dịch TRX: 0x4609c23a94b052da913c7132fd459c92944cfbd72ffca2eedc4f2c9a7a7e1ddc, Từ: 0x52847e9b025a636388b13f7430a710b1048a2ff8, Đến: 0xec609138f15aef241f10fa43603ed8fc32dd2bd1, Số lượng: 1 TRX, Khối: #71025760, Thời gian: 2025-04-04 08:38:09
2025/04/04 08:38:14 Giao dịch TRX: 0x7bec2d8ff402bad8d0214b496ff0b46073c1a0b630f0565087e697d167d15b39, Từ: 0x3032d3f151decbacadc3b46048f2b0133116d09e, Đến: 0xa614f803b6fd780986a42c78ec9c7f77e6ded13c, Số lượng: 0 TRX, Khối: #71025760, Thời gian: 2025-04-04 08:38:09
2025/04/04 08:38:14 Giao dịch TRX: 0x1604b24ec744c43c016f0a5cb0c38571d0feed9587dfe9ea43b3526bac490fcf, Từ: 0x68593b232f1e7039e9fe61930176dec3bb4778f1, Đến: 0x4b793bbd7d5488c650b582b281d8ed01dd0f4d19, Số lượng: 8 TRX, Khối: #71025760, Thời gian: 2025-04-04 08:38:09
2025/04/04 08:38:14 Giao dịch TRX: 0x6a1b2a2bac2289d22e14ede23eb9b4e756c4ada479cf26c14216d8213d764ea3, Từ: 0xd3b9a2f6cd2c951ff1356d2f78770333bc29faf2, Đến: 0x4d378c2813f2d5b948cef368f866594e05bf123a, Số lượng: 2 TRX, Khối: #71025760, Thời gian: 2025-04-04 08:38:09
2025/04/04 08:38:14 Giao dịch TRX: 0x786ebfe03b371dac5ccb8e3f5b0e63cc67f47dc49acafde35c135a625433cb5c, Từ: 0xeef7e4d18e75cec0f3a154f05123ad8a228ebe50, Đến: 0x83b6424addaaf49bdb66aff00587e3192756d450, Số lượng: 0 TRX, Khối: #71025760, Thời gian: 2025-04-04 08:38:09
2025/04/04 08:38:14 Giao dịch TRX: 0xdabfdcefc9eeb4894d1d538f0858f67c0056beb7d590a4f97be1c1a451867bab, Từ: 0xf47c9b424d8743ae164b9c4505d83cd57137201e, Đến: 0x14ce0d6095761fb4a400f5ea6d539987516309ac, Số lượng: 300,000 TRX, Khối: #71025760, Thời gian: 2025-04-04 08:38:09
2025/04/04 08:38:14 Giao dịch TRX: 0xc69db3299c97cf2bfa9c3f9dad7012644e67f367dc11fb856f2a1bcda7c7a94e, Từ: 0xb05ae392d67c493e65709abce368a4b10b7abaac, Đến: 0xa614f803b6fd780986a42c78ec9c7f77e6ded13c, Số lượng: 0 TRX, Khối: #71025760, Thời gian: 2025-04-04 08:38:09
2025/04/04 08:38:14 Giao dịch TRX: 0x1ffa7752b1ae3c390dd47a67a5b8c71d4a9d5d0b6995f50b0bb8ede70b5704ff, Từ: 0xe57edee481df705c1bda7c3c26bcfe561d2a31c8, Đến: 0xa614f803b6fd780986a42c78ec9c7f77e6ded13c, Số lượng: 0 TRX, Khối: #71025760, Thời gian: 2025-04-04 08:38:09
2025/04/04 08:38:14 Giao dịch TRX: 0xd3208196a106c49d5e0b9e5b01ef3f2f542edac984e5535afb00c659f450c22d, Từ: 0xeaeac65fceca75442c4e4ffd16bcd7341938483b, Đến: 0xf8273869ab6fafa79b8eda9ed8953994fb2c0859, Số lượng: 0 TRX, Khối: #71025760, Thời gian: 2025-04-04 08:38:09
2025/04/04 08:38:14 Giao dịch TRX: 0x301a7cab9496c02762af99291e0a5f3ef5ae942c59ff89fdce989e992cab6899, Từ: 0xdfd847088508fec8792dc79630f71a33f60e1f95, Đến: 0xa614f803b6fd780986a42c78ec9c7f77e6ded13c, Số lượng: 0 TRX, Khối: #71025760, Thời gian: 2025-04-04 08:38:09
2025/04/04 08:38:14 Giao dịch TRX: 0x148e5237f79ab99e0b6f35730a9bfb3577f1a0b06d398e39e3e329778f8ae68d, Từ: 0x7beaae027141404272a847a8ef5ccc10bf484379, Đến: 0xdb24dd8c65595c8c1368748c0791695982fb83ab, Số lượng: 10,001 TRX, Khối: #71025760, Thời gian: 2025-04-04 08:38:09
2025/04/04 08:38:14 Giao dịch TRX: 0x22074757622501478bf3b9950328e560f010fba8c72752f4687c461508a8fce1, Từ: 0xbb3cd185bf66a25bdb538b694ca1eb14a373c09c, Đến: 0xf2431a19d49e0753dfd69fa7e8dbfca35ad78e83, Số lượng: 0 TRX, Khối: #71025760, Thời gian: 2025-04-04 08:38:09
2025/04/04 08:38:14 Giao dịch TRX: 0x84aaf3f7a546fc752834813708cada561ea358404833fa635968bf1e66210e27, Từ: 0xb0df1309ee5f52c7c3fab42819c83d58f94b68ff, Đến: 0xa614f803b6fd780986a42c78ec9c7f77e6ded13c, Số lượng: 0 TRX, Khối: #71025760, Thời gian: 2025-04-04 08:38:09
2025/04/04 08:38:14 Giao dịch TRX: 0x110d0d7ea45676b385d530462f23bd71b539b9c633c57f9a4a10527292ba1a07, Từ: 0xed285dd35ae1c81de04fb50d6dd4d6b9230c737f, Đến: 0x216c2df745d436dc68e7367efaee45a31c8125e2, Số lượng: 2 TRX, Khối: #71025760, Thời gian: 2025-04-04 08:38:09
2025/04/04 08:38:14 Giao dịch TRX: 0xfa1af15a5adad66ecf63253378c79225ff849c0998b9b248a9dfb934f925994f, Từ: 0x890e939bd613733eaf9f96bc2ec0ddc8bf97392a, Đến: 0xc16f3ec8bdae31bd72ff37f06651f20aacb451d4, Số lượng: 6 TRX, Khối: #71025760, Thời gian: 2025-04-04 08:38:09
2025/04/04 08:38:14 Giao dịch TRX: 0xb8fb8b24de4bb6d50e6758fdfbdf95f31b737331fa2e59e67080347b12436bb7, Từ: 0x67b04590d4a2d0073a12a966d3bd029f56b10c3e, Đến: 0x6a367ef3d1c79682c99d8371029a377d368a7261, Số lượng: 10,000,000 TRX, Khối: #71025760, Thời gian: 2025-04-04 08:38:09
2025/04/04 08:38:14 Giao dịch TRX: 0x783ad88f52999d201310a893f6b2dd43d054c98e2d8b46dab32472d9d2a25be7, Từ: 0xc9ed01e183687705a3e371ca1af551d29d2ddfae, Đến: 0xffe4ec43b342eae9904bb3faae3227c854f3cc0d, Số lượng: 32,337,788 TRX, Khối: #71025760, Thời gian: 2025-04-04 08:38:09
2025/04/04 08:38:14 Giao dịch TRX: 0x084916ae1b496121f3a8ee5397c30063d7899901f6d5da7a6ea9e22ed2a4dd01, Từ: 0x3c9e860719c999e375ee2c96ef848335bec155cc, Đến: 0xfd7b2568bff923aa93f3674696f4df25cd7b6c71, Số lượng: 6,034,000 TRX, Khối: #71025760, Thời gian: 2025-04-04 08:38:09
2025/04/04 08:38:14 Giao dịch TRX: 0x08092580251ff9e4540b07c304504d3ab6551f63786394a37a768685dc344e44, Từ: 0x206b5c74a0b3e30129d140cf7b4e2994af6dee8e, Đến: 0x388dd321d83a6754eb37ea34306e7ded72bf20c1, Số lượng: 0 TRX, Khối: #71025760, Thời gian: 2025-04-04 08:38:09
2025/04/04 08:38:14 Giao dịch TRX: 0x676fe6a5b9e21213a6ede3e1a576c216472a7afbf0b96cea548e881b6701010f, Từ: 0x0d0707963952f2fba59dd06f2b425ace40b492fe, Đến: 0xa614f803b6fd780986a42c78ec9c7f77e6ded13c, Số lượng: 0 TRX, Khối: #71025760, Thời gian: 2025-04-04 08:38:09
2025/04/04 08:38:14 Giao dịch TRX: 0xcc894ab6e9e3c15323bc2a7c1faf944db2d50d0593dfb38fce105ff3fc39345f, Từ: 0x38d19d6d7e90bd83a6731b9412b705174a791556, Đến: 0xa614f803b6fd780986a42c78ec9c7f77e6ded13c, Số lượng: 0 TRX, Khối: #71025760, Thời gian: 2025-04-04 08:38:09
2025/04/04 08:38:14 Giao dịch TRX: 0xfb6e72e9a13170e56d3274d79e6046947e98d0d9f670aa96359a276a6d99b2bc, Từ: 0x886159e84dd3ae7c2763a9f80f6491222ea97022, Đến: 0x5ca1876617d9e3b15b65a01f145e2b3eac270b25, Số lượng: 0 TRX, Khối: #71025760, Thời gian: 2025-04-04 08:38:09
2025/04/04 08:38:14 Giao dịch TRX: 0xa7ac55766b9912b80eaade5a34b52dd24e7d040d0da94e6da0c4d3804f94c737, Từ: 0x1c356d8128f31da93e7a256bb9531c97f3db931d, Đến: 0x54e07936d4e9c3ccf9e01a06eb35e4317990b6ba, Số lượng: 5 TRX, Khối: #71025760, Thời gian: 2025-04-04 08:38:09
2025/04/04 08:38:14 Giao dịch TRX: 0xe8a23e935289f6b57f7d381c686ca6013888a9080fbad4c6849fcbe1e8243f21, Từ: 0x53e8ca661b22fded8d6a3780e82a94eff50b70c9, Đến: 0x8aabf0488071d46272f5ad0a6c39e12a1e8e2b78, Số lượng: 8 TRX, Khối: #71025760, Thời gian: 2025-04-04 08:38:09
2025/04/04 08:38:14 Giao dịch TRX: 0x562188966ccd81599e18e0370801ddde35c6c927e486126c2f1236b3a7e49510, Từ: 0x6ceed45800b0f2f4db40d46d66510ab3a0661006, Đến: 0xeee6b83003c100f55795e38d8fac014076e01f77, Số lượng: 5 TRX, Khối: #71025760, Thời gian: 2025-04-04 08:38:09
2025/04/04 08:38:14 Giao dịch TRX: 0xed69065dca52f160ba9c06b89da8747199b009e27e7aca95b1f935b6f78886de, Từ: 0x8e2099f02cea00c0259fb2dc8dd3d54bd02ebd1a, Đến: 0xa614f803b6fd780986a42c78ec9c7f77e6ded13c, Số lượng: 0 TRX, Khối: #71025760, Thời gian: 2025-04-04 08:38:09
2025/04/04 08:38:14 Giao dịch TRX: 0x58a86263481a72ecf4d5826b62b572aa9eba503289c13287392906666f570703, Từ: 0x2e62ae6980d179ae252bf9e6ded515d92c796d23, Đến: 0xa614f803b6fd780986a42c78ec9c7f77e6ded13c, Số lượng: 0 TRX, Khối: #71025760, Thời gian: 2025-04-04 08:38:09
2025/04/04 08:38:14 Giao dịch TRX: 0x0c6a8ff5ac33941e36bc52979edaa44c0e6192d861fbed4d90e65f0a82ad4825, Từ: 0xe147cd25c10694f101c5fadd83165341a356c037, Đến: 0x4b793bbd7d5488c650b582b281d8ed01dd0f4d19, Số lượng: 10,000,000 TRX, Khối: #71025760, Thời gian: 2025-04-04 08:38:09
2025/04/04 08:38:14 Đã xử lý xong khối Tron #71025760
2025/04/04 08:38:14 Đang xử lý khối Tron #71025761 (hash: 0x00000000043bc461457448a0a78eb7b58b8686823239065273b552e764fe1e84) với 189 giao dịch
2025/04/04 08:38:14 Khối #71025761 được tạo vào: 2025-04-04 08:38:12
2025/04/04 08:38:14 Giao dịch TRX: 0x4c43d65716595a9d748fb4799fc26f7bb37d17c8b4133acd4b3e37b7a9db33e3, Từ: 0xcf2cc57623ad3d4ac6114fc8f61e79772cf6567c, Đến: 0xa614f803b6fd780986a42c78ec9c7f77e6ded13c, Số lượng: 0 TRX, Khối: #71025761, Thời gian: 2025-04-04 08:38:12
2025/04/04 08:38:14 Giao dịch TRX: 0x6757aa20e65af7a0ccdcd54e8f35d82491c294a3f404bb9a2bdfca2a0fb3d18d, Từ: 0xd6417c58c091647c73321a42039edb2170c99f09, Đến: 0xa614f803b6fd780986a42c78ec9c7f77e6ded13c, Số lượng: 0 TRX, Khối: #71025761, Thời gian: 2025-04-04 08:38:12
2025/04/04 08:38:14 Giao dịch TRX: 0x1b9c9ecaa25bf26c3e86757e34b97d2145a9296d8cf4edefeac4a8b84b4a8022, Từ: 0x03ca1a3ce49b1e85a390decb09aaa59bcf119377, Đến: 0xa614f803b6fd780986a42c78ec9c7f77e6ded13c, Số lượng: 0 TRX, Khối: #71025761, Thời gian: 2025-04-04 08:38:12
2025/04/04 08:38:14 Giao dịch TRX: 0xb5d55750cc6377e3d987a25e54b571065712a86c585f8001ff8f1c0c14130c41, Từ: 0x0aa180004b6cad62c75d305d139d9c9335ac8ff2, Đến: 0xd03927a9123917aed1ab0e4841b4f156ef40ee01, Số lượng: 40,000,000 TRX, Khối: #71025761, Thời gian: 2025-04-04 08:38:12
2025/04/04 08:38:14 Giao dịch TRX: 0xacfbc117ed9b61a278739e014a5c0c8730190155c67ef15d797345b075033ad3, Từ: 0xda86a5c28f03bb06c9d133a23b28262579d05902, Đến: 0x51ce2d50f6a27cdecbfecef4740b0d4d1c35041a, Số lượng: 2 TRX, Khối: #71025761, Thời gian: 2025-04-04 08:38:12
2025/04/04 08:38:14 Giao dịch TRX: 0x044a5efd524f8cc62c895d0a3b00b879c859b72b0cc4102ebb3a6b45428968c9, Từ: 0x22479d1e1e182fdbc19a1927e11601b8b13f26bd, Đến: 0x541725e5e2b626b3d56963a8a082eb38958e0a1c, Số lượng: 0 TRX, Khối: #71025761, Thời gian: 2025-04-04 08:38:12
2025/04/04 08:38:14 Giao dịch TRX: 0x59b7a4e24e6c63bc47b61c96e7bf6eb12824538d6f21ecc37d68717ee3ce4f40, Từ: 0xc2f749b9b1afb082d72f19482fa60ab5de91529e, Đến: 0xbfaf85b86a3ad87cf30004addbd4454f57f5567e, Số lượng: 0 TRX, Khối: #71025761, Thời gian: 2025-04-04 08:38:12
2025/04/04 08:38:14 Giao dịch TRX: 0x848e460da421812165171322f572ac3a6f25f5960787ba3afa1d848598597be3, Từ: 0x0834be38ba8d40629cc83de608d0bde149682385, Đến: 0xb449e249ecab28af07d3c93271bdcd811ed27dce, Số lượng: 0 TRX, Khối: #71025761, Thời gian: 2025-04-04 08:38:12
2025/04/04 08:38:14 Giao dịch TRX: 0x34f8bb7c5adfcd7090b00cc1f4301071942d407cdd5e48c8a5bd1d197f40d3f4, Từ: 0x0aa180004b6cad62c75d305d139d9c9335ac8ff2, Đến: 0x38f974c0aec3d76bc578722ea0020a1619659a96, Số lượng: 40,000,000 TRX, Khối: #71025761, Thời gian: 2025-04-04 08:38:12
2025/04/04 08:38:14 Giao dịch TRX: 0x9db78b4263263e36e63e28df72172ffb910fb0d81cbd35b56a6bf588521c798a, Từ: 0x679cd8952ab0dfd09050b9dd4b76ac86d814d1e8, Đến: 0x7a406886eaa8213b34595439503e4e1e708f39cf, Số lượng: 2 TRX, Khối: #71025761, Thời gian: 2025-04-04 08:38:12
2025/04/04 08:38:14 Giao dịch TRX: 0x0c84a6db2e9c7efdfdab056c1b4477aa37e740187d002100f273e88dfb55ee15, Từ: 0x3e014f0daed9a327c899cda035b2409d35763ecc, Đến: 0xdf52b7380bf3a7ef27cc83f881fc71c6e5073f06, Số lượng: 1 TRX, Khối: #71025761, Thời gian: 2025-04-04 08:38:12
2025/04/04 08:38:14 Giao dịch TRX: 0x9c3ac92a6ebf2c80411fb72d989ba07a65156e99c3576afcb5e2dd0744e081c5, Từ: 0x148368cd12692657f0c6b06b1148d075960e3677, Đến: 0xac448768176a7412d3edb2d1f6101df0c2da95ea, Số lượng: 2 TRX, Khối: #71025761, Thời gian: 2025-04-04 08:38:12
2025/04/04 08:38:14 Giao dịch TRX: 0x9cc2807ac81395489eb6309e3ca092d586f49f6361534c49430e719a8f24a573, Từ: 0x37002553fc9c84c87b269f1cdfb289136ded1262, Đến: 0x6024365c2d4d589b129189b5a81c0a4af687c08e, Số lượng: 2 TRX, Khối: #71025761, Thời gian: 2025-04-04 08:38:12
2025/04/04 08:38:14 Giao dịch TRX: 0x51ea252d15727fda59ed5d1b9e1ab4438af7cf6c85846c14541e0c06e8434f68, Từ: 0x553bca39f0fc1591619c7747aa045bff31dc162d, Đến: 0xeb2182f895046daf8a8c17b086575e77e5023313, Số lượng: 6 TRX, Khối: #71025761, Thời gian: 2025-04-04 08:38:12
2025/04/04 08:38:14 Giao dịch TRX: 0xe12110ccad9f696bd48a1b99017e739bcb0a185eca4bef13f49b7c0411e5a732, Từ: 0x3696ec28c96fc2a971165c3ee5a8b127b12ec7d0, Đến: 0x54631821810512aaac8348e2666b78575d0d1a27, Số lượng: 7 TRX, Khối: #71025761, Thời gian: 2025-04-04 08:38:12
2025/04/04 08:38:14 Giao dịch TRX: 0xbdc79fca7e7622c183ee013d452d43192e6f2bc1595b3c8be1a2b56f10b36484, Từ: 0xb692574604bde4668b7ac3f7cf40428ef2e25557, Đến: 0x5b7c18ba598fc56260cc686da21a5cd521be4564, Số lượng: 0 TRX, Khối: #71025761, Thời gian: 2025-04-04 08:38:12
2025/04/04 08:38:14 Giao dịch TRX: 0x6b183bdffbde1dbbd4ada729f2c818781cfc9e3e5d64b7250e1b1934bb961fa5, Từ: 0x1c10fb68c8813eadb755e071e0b35e0e9f47acc8, Đến: 0x960e46f72d6566edfa6b7bb02d30095b29714af0, Số lượng: 3 TRX, Khối: #71025761, Thời gian: 2025-04-04 08:38:12
2025/04/04 08:38:14 Giao dịch TRX: 0x6e4f67c9bc385f4510ebd504471c02ccc2472bd482e2d30577d37504edabbb78, Từ: 0xe2adf9e6eec0f0493bfc968a14f79c25f02f328d, Đến: 0xeb60070f792dae22238e3fbd3e8589a343fa9e4c, Số lượng: 0 TRX, Khối: #71025761, Thời gian: 2025-04-04 08:38:12
2025/04/04 08:38:14 Giao dịch TRX: 0x8cea1c1677415b37c7139afec9a61d19f975ec164b9ea5b3928b42167da3d822, Từ: 0xe5a6981ca9841816b5378f352c7ee7c6a881346e, Đến: 0x2f1faa37d32b35ef73e51b3e915cd0010ff1ed63, Số lượng: 0 TRX, Khối: #71025761, Thời gian: 2025-04-04 08:38:12
2025/04/04 08:38:14 Giao dịch TRX: 0x4c3bd813e2f263f53f4a22ce60ac3406d222993f3c5481bfd2341d240ba7fa39, Từ: 0x739a8ad38b0b2cfa451520381cc363252b68adbc, Đến: 0xa614f803b6fd780986a42c78ec9c7f77e6ded13c, Số lượng: 0 TRX, Khối: #71025761, Thời gian: 2025-04-04 08:38:12
2025/04/04 08:38:14 Giao dịch TRX: 0x9ed3091453d007885f7c90343cac2defdd2d1a087b72dd10cda116113989a845, Từ: 0xe188e4b886b12ea795e2a41810812347ef29c5a6, Đến: 0xa614f803b6fd780986a42c78ec9c7f77e6ded13c, Số lượng: 0 TRX, Khối: #71025761, Thời gian: 2025-04-04 08:38:12
2025/04/04 08:38:14 Giao dịch TRX: 0xd2d0e4782bf3b3ab8b49f1a0b3d85c23ed5124fd45870d3c0331f1ca530a5efe, Từ: 0xf43013d91535d86b07c41e03ecaba998d47eda03, Đến: 0xd49747b972c033e7b64927732f89dcb7f09b9326, Số lượng: 0 TRX, Khối: #71025761, Thời gian: 2025-04-04 08:38:12
2025/04/04 08:38:14 Giao dịch TRX: 0xbd874e1527d44274f32aa8c3e9e75539c3ccf89b16d3885e796d81f7134b1d9e, Từ: 0x959a822828dd3499fffbfbc90ab7d6e179b13698, Đến: 0x044b8627bc4f33b3a577d063a33eecb2cf7d68b1, Số lượng: 0 TRX, Khối: #71025761, Thời gian: 2025-04-04 08:38:12
2025/04/04 08:38:14 Giao dịch TRX: 0x54fb074741d7358796dcdffef9122af716a923ce80584242e8bd9c1da346f65a, Từ: 0x2a53be04bbc483e8d6cbd9a5fed07ac220ee1b15, Đến: 0xf163ff69e8514fded190baff0a9d3db6fc896eee, Số lượng: 1,000,000 TRX, Khối: #71025761, Thời gian: 2025-04-04 08:38:12
2025/04/04 08:38:14 Giao dịch TRX: 0xe02e3198b2ffbe4969566afc9c421b65ff9dd4cf8db4c348c0c6c8811d855d55, Từ: 0x2183d5c65c2e17b55ad0365b6bb21e291dc89a75, Đến: 0xd0b978331b054c0b5cc1b4e9aab5f1674d49ed78, Số lượng: 0 TRX, Khối: #71025761, Thời gian: 2025-04-04 08:38:12
2025/04/04 08:38:14 Giao dịch TRX: 0xfec15da21adb9b871e8da93216417644f86e31ad9e4455ca1f0f207b581eee71, Từ: 0xa5b51cb4fcd9399229e33f7bc406c088951818b6, Đến: 0x9ff13972f81822cb490efb18628e0df003b1d36d, Số lượng: 0 TRX, Khối: #71025761, Thời gian: 2025-04-04 08:38:12
2025/04/04 08:38:14 Giao dịch TRX: 0xe28d06db658ea4be10db8c174c7a2ba1343faa48aaed257497b513d71d7d7dae, Từ: 0xd610d52d971f181a7c17a0fd169eda4a6b401725, Đến: 0xa614f803b6fd780986a42c78ec9c7f77e6ded13c, Số lượng: 0 TRX, Khối: #71025761, Thời gian: 2025-04-04 08:38:12
2025/04/04 08:38:14 Giao dịch TRX: 0xa57f272d9b1e760979ce2a505939d819e47a2a7dbef040547445b47a457c6b34, Từ: 0xce9ed844862b7d0d9dee5f802b8d554157bfc780, Đến: 0xa614f803b6fd780986a42c78ec9c7f77e6ded13c, Số lượng: 0 TRX, Khối: #71025761, Thời gian: 2025-04-04 08:38:12
2025/04/04 08:38:14 Giao dịch TRX: 0x5f41b21d5982a6fc8b7f1cc466baa24c366c944e85f44c145663a6339aab37f0, Từ: 0xacdc2e761be24ed9c8f86a90c1b6fad8601b5c2b, Đến: 0x55b5f553c030243d352692d05cfecf1f67f2d30c, Số lượng: 1 TRX, Khối: #71025761, Thời gian: 2025-04-04 08:38:12
2025/04/04 08:38:14 Giao dịch TRX: 0x22d2b7ece3f02e8489a2ffec4d3bd7cb0f30eb44d89a663014785934070f4ec5, Từ: 0xf486fb644b7b1a6345bd93d85dbfd9bc91cf63a4, Đến: 0xa614f803b6fd780986a42c78ec9c7f77e6ded13c, Số lượng: 0 TRX, Khối: #71025761, Thời gian: 2025-04-04 08:38:12
2025/04/04 08:38:14 Giao dịch TRX: 0x0b6d84b59ca8ad8cbf282a64bba2ca6f4a83f67f81f2171237e7465a700e3c50, Từ: 0x8c6308f068c2f6db390f5d0ac4a7ab31d0504d37, Đến: 0xa614f803b6fd780986a42c78ec9c7f77e6ded13c, Số lượng: 0 TRX, Khối: #71025761, Thời gian: 2025-04-04 08:38:12
2025/04/04 08:38:14 Giao dịch TRX: 0x1d92d426d93a2c0d29fe5734bac510183a5e4b64acde7e4e8c9e6455d6fcbc2b, Từ: 0xb65a4466803005288f5a2fb0716fd9d5c28a2c73, Đến: 0xa614f803b6fd780986a42c78ec9c7f77e6ded13c, Số lượng: 0 TRX, Khối: #71025761, Thời gian: 2025-04-04 08:38:12
2025/04/04 08:38:14 Giao dịch TRX: 0x316c9ad4b3e965113c021d7b3339428039227e0636a5d531f64015393e4210e3, Từ: 0xf0122402ec22622253d5a760d458435209fd9c75, Đến: 0x789cad19f287db30abea6d28f1c9a645a5ec9384, Số lượng: 564,259,339 TRX, Khối: #71025761, Thời gian: 2025-04-04 08:38:12
2025/04/04 08:38:14 Giao dịch TRX: 0x5f114fb3a040a0198e182c0e5b60d94bc0cabd9c999715d4da0eef9d52c7f24a, Từ: 0x448202e5b94808d86c1bcd58928dc5de3d4125b3, Đến: 0xa614f803b6fd780986a42c78ec9c7f77e6ded13c, Số lượng: 0 TRX, Khối: #71025761, Thời gian: 2025-04-04 08:38:12
2025/04/04 08:38:14 Giao dịch TRX: 0x25d1da92fcdc8ab104d0cbbc7faf1542af28b5035401d02cb91a256ae1a8b031, Từ: 0xc75538f7f8f95b502c482ffa466b86265c426866, Đến: 0xa614f803b6fd780986a42c78ec9c7f77e6ded13c, Số lượng: 0 TRX, Khối: #71025761, Thời gian: 2025-04-04 08:38:12
2025/04/04 08:38:14 Giao dịch TRX: 0xf08ea4d06ac74c54e190d3201218ed67ac8f6138dcb1ea72cc3da312e79e573d, Từ: 0x4316b5c3f99fd4818918abced9d7df3d31396ae3, Đến: 0x527b7d7949bd90c93a916f669325ff03a52cb535, Số lượng: 0 TRX, Khối: #71025761, Thời gian: 2025-04-04 08:38:12
2025/04/04 08:38:14 Giao dịch TRX: 0x534cb637293d801dd861ee77f8da8a6741185547461aa34a705b662f41f59083, Từ: 0x14bd04ec2d5de732627cdb06018900fd5c01c941, Đến: 0xa614f803b6fd780986a42c78ec9c7f77e6ded13c, Số lượng: 0 TRX, Khối: #71025761, Thời gian: 2025-04-04 08:38:12
2025/04/04 08:38:14 Giao dịch TRX: 0x78469bca4ec31c9c79dee65f2ace5b3576fed7541915efe224d3df683b8b7006, Từ: 0x0aa180004b6cad62c75d305d139d9c9335ac8ff2, Đến: 0xa517ee9017083fc2e2ea9e1dd95204e8d377cc92, Số lượng: 40,000,000 TRX, Khối: #71025761, Thời gian: 2025-04-04 08:38:12
2025/04/04 08:38:14 Giao dịch TRX: 0x23cccc2d320d60dead2241c51934200af91a4172a23c4f1de83938e2dd5b9691, Từ: 0x112122fe24e7105b1a301028b593b0a0f1995c96, Đến: 0xa614f803b6fd780986a42c78ec9c7f77e6ded13c, Số lượng: 0 TRX, Khối: #71025761, Thời gian: 2025-04-04 08:38:12
2025/04/04 08:38:14 Giao dịch TRX: 0x6a8347511cf853e1422865c5ebf7e84cf855c01333bd0bad40e057a269ee1ac8, Từ: 0x8c6308f068c2f6db390f5d0ac4a7ab31d0504d37, Đến: 0xa614f803b6fd780986a42c78ec9c7f77e6ded13c, Số lượng: 0 TRX, Khối: #71025761, Thời gian: 2025-04-04 08:38:12
2025/04/04 08:38:14 Giao dịch TRX: 0x8e0012e42930f69a25548b845b20db4208ab62664ba66ed2f8f6a949e5fc2227, Từ: 0xa5c2ebb9c082b693b0c09bdc60e0ac86900f0252, Đến: 0xc8f4ba0e0ead80d318affa1dce76172193a0c097, Số lượng: 0 TRX, Khối: #71025761, Thời gian: 2025-04-04 08:38:12
2025/04/04 08:38:14 Giao dịch TRX: 0x5b6ed085d9f6d5fbedd0451362abf51b58316dbe33a61e8f49c7243e38a4558d, Từ: 0xba6c0bbdf1b0d04e511b06352dd8e9006cc557e3, Đến: 0xd86895118e74f09e8abaa9b289681342a492fd47, Số lượng: 32,337,788 TRX, Khối: #71025761, Thời gian: 2025-04-04 08:38:12
2025/04/04 08:38:14 Giao dịch TRX: 0x05881d90d3c339f6c904cf12ce5088057eba6b3b5d7b618a23773bd87dfcc49e, Từ: 0x5382e176a2d460e53aa94c8369e94971e6186701, Đến: 0xa614f803b6fd780986a42c78ec9c7f77e6ded13c, Số lượng: 0 TRX, Khối: #71025761, Thời gian: 2025-04-04 08:38:12
2025/04/04 08:38:14 Giao dịch TRX: 0x46a64840eff9765d4c80c4f491e77fff83164b50e94d11094e9ed2db743f663d, Từ: 0x0e5da0370800c8e5b7ed390ce6a36f1afe4c990f, Đến: 0x9d087ce06565375489a4dee99aee6b84a1da116a, Số lượng: 0 TRX, Khối: #71025761, Thời gian: 2025-04-04 08:38:12
2025/04/04 08:38:14 Giao dịch TRX: 0x3cf48d52f54b3eb91aab156c4e368d75331230b37f13733f37fc440a8e735ebd, Từ: 0x1897b5073855b634fa08d3b3c609b123c9cc17c0, Đến: 0x21eeb4af9cce603e794f4f6f8e8eebba06550bcd, Số lượng: 1 TRX, Khối: #71025761, Thời gian: 2025-04-04 08:38:12
2025/04/04 08:38:14 Giao dịch TRX: 0xb988e95fbbda2acfee11b6b2414d37b93484791289523551ac6705b57054a069, Từ: 0xc618fe3cf9158fa7bc72405d0557c7295a2cdf79, Đến: 0x2ee3657922ad681ac58c852d72c757f9d61a9a96, Số lượng: 0 TRX, Khối: #71025761, Thời gian: 2025-04-04 08:38:12
2025/04/04 08:38:14 Giao dịch TRX: 0x1f31762bc27c65e3f906e1ba9f5cd26402ac4048732e99347be6ef31038b9587, Từ: 0x44b869c100e8a3d53f6fcf02599e12ec4934271b, Đến: 0xcddbc4e76504fbedf9911b1a64f081f6f87ec3d0, Số lượng: 1 TRX, Khối: #71025761, Thời gian: 2025-04-04 08:38:12
2025/04/04 08:38:14 Giao dịch TRX: 0x68a0f82493f8c6147bc0ae65e92b8b72ef4e39d6d2077015b9716a2870e4bd6f, Từ: 0x8c6308f068c2f6db390f5d0ac4a7ab31d0504d37, Đến: 0xa614f803b6fd780986a42c78ec9c7f77e6ded13c, Số lượng: 0 TRX, Khối: #71025761, Thời gian: 2025-04-04 08:38:12
2025/04/04 08:38:14 Giao dịch TRX: 0x54fda4efe80cca4446e7c7ea030d3241b7b1a7c807eace1cba5f6d7bd861fa74, Từ: 0xb957324d0b580322ed505f54e970d0a91f8f91a3, Đến: 0xc4332c16691b73f6a685d3f4ffcd90a18e027d10, Số lượng: 0 TRX, Khối: #71025761, Thời gian: 2025-04-04 08:38:12
2025/04/04 08:38:14 Giao dịch TRX: 0xfa6b12d7dceade33ceb0efbed959ad054f53796a58bcd850b74dbe05be230415, Từ: 0xf129e83cbedec1ffc611722d1d1db882d123bdec, Đến: 0x1f7ea9bc405ee304641d430de6329a66a6b37377, Số lượng: 1 TRX, Khối: #71025761, Thời gian: 2025-04-04 08:38:12
2025/04/04 08:38:14 Giao dịch TRX: 0x098258972150a0a4516fc88b0d031ae5ae440b861b5d3769d8954c4816373b61, Từ: 0x1beaa9b01cbc972594bc28978f7ed0eff449597a, Đến: 0xbf8dcfc2c07c5f5a0060b8212eebe5103b61223a, Số lượng: 9,000,000 TRX, Khối: #71025761, Thời gian: 2025-04-04 08:38:12
2025/04/04 08:38:14 Giao dịch TRX: 0x6b7fe13db4a237862b763584d0ed4db06d1903486149cdf7936ae85361c45b48, Từ: 0x2b61bf8a78fc0ec95b6d9f89dce2f7381c01e705, Đến: 0x8d8c87da517a1503429d50cdd487ab1581f32e8c, Số lượng: 1 TRX, Khối: #71025761, Thời gian: 2025-04-04 08:38:12
2025/04/04 08:38:14 Giao dịch TRX: 0x1846fa728b176d4afe67874f0d832bea687f3d3bd6bc482945c721a79c84d058, Từ: 0x0aa180004b6cad62c75d305d139d9c9335ac8ff2, Đến: 0x0837b6a90e0ef5f95f11bd0cd59aba00ac7f74e3, Số lượng: 40,000,000 TRX, Khối: #71025761, Thời gian: 2025-04-04 08:38:12
2025/04/04 08:38:14 Giao dịch TRX: 0xe49414d9f1223c858a2bf64ec5ff388e80f319ae4fb4f69a6a2522f6bc40339d, Từ: 0x4316b5c3f99fd4818918abced9d7df3d31396ae3, Đến: 0x9c7c7d34bf6c8ee4db2f252e1c1558bbb5da09be, Số lượng: 0 TRX, Khối: #71025761, Thời gian: 2025-04-04 08:38:12
2025/04/04 08:38:14 Giao dịch TRX: 0xc6c7bf20d647a57f08325af3a68f13c424a154a76c15adbe91a3a898f231082f, Từ: 0xf31f6bb3f9a3d55347bc162c171ce46bc25236c2, Đến: 0xa614f803b6fd780986a42c78ec9c7f77e6ded13c, Số lượng: 0 TRX, Khối: #71025761, Thời gian: 2025-04-04 08:38:12
2025/04/04 08:38:14 Giao dịch TRX: 0x66ee8d0da31ad099fe2bfaa58afd18c0ee49b38c57af248570ae593ad5985ef0, Từ: 0x839ceb0ff4dc7b4f0bdc5a119dfb86dae59b936f, Đến: 0xf0a1cabf61cb3d41f928d432b98c87f05a5cb693, Số lượng: 11,000,000 TRX, Khối: #71025761, Thời gian: 2025-04-04 08:38:12
2025/04/04 08:38:14 Giao dịch TRX: 0xfbc34b5e9cd65690d2519e4a21728c177178a3e6d9b769bce7246922f57fb166, Từ: 0x5af40a9e3ec0a73c86d806145edd136c7df310be, Đến: 0xe9510ae187b991a15c2108add0654e2022857ab7, Số lượng: 0 TRX, Khối: #71025761, Thời gian: 2025-04-04 08:38:12
2025/04/04 08:38:14 Giao dịch TRX: 0x846c7f5a71f425678b3963684729f019acbeb735445f8ef9e563845be1140930, Từ: 0x20731ae33afddc0f1f68934d33d16c5e19909da9, Đến: 0x8c4a3980f233cf1ddf52ed3bcf292320004320c8, Số lượng: 0 TRX, Khối: #71025761, Thời gian: 2025-04-04 08:38:12
2025/04/04 08:38:14 Giao dịch TRX: 0x5c30cf9830aa53224a022075ae8fd03bd030ae0dcf29bd3bab58d6ca9232fefc, Từ: 0x8bdb0a03b119b9bfd1b9c6d5ba26bcb6cf0012b5, Đến: 0x7bf309472ba2e173f791679d0a4654b04f58df1b, Số lượng: 11,000,000 TRX, Khối: #71025761, Thời gian: 2025-04-04 08:38:12
2025/04/04 08:38:14 Giao dịch TRX: 0x7cc9000819c6f97307b81cf471ed2d312eaba9fa1ce114ec8287760372906a63, Từ: 0x20731ae33afddc0f1f68934d33d16c5e19909da9, Đến: 0xff60999af3a2a220898a6e5205bb343e087b598a, Số lượng: 0 TRX, Khối: #71025761, Thời gian: 2025-04-04 08:38:12
2025/04/04 08:38:14 Giao dịch TRX: 0xeefa5dfcf17a126dbceaaa4b4ad6156bf88fe4ec7675fdb127ce5ccd8a68cca8, Từ: 0xe07466e9a9faf48351f2d93ebd9d4a139a54ae8b, Đến: 0xe27ffa02f4eb6cbee1ca688e546d15d2e9466828, Số lượng: 200,000,000 TRX, Khối: #71025761, Thời gian: 2025-04-04 08:38:12
2025/04/04 08:38:14 Giao dịch TRX: 0xc6d2adc5e021d2031e15fa0bf548d9be0d77b26ceb31e0a46f7e7a8b1402b53d, Từ: 0xe4adf4208d91b7c852b3cafadc5fc9e805f49844, Đến: 0xa614f803b6fd780986a42c78ec9c7f77e6ded13c, Số lượng: 0 TRX, Khối: #71025761, Thời gian: 2025-04-04 08:38:12
2025/04/04 08:38:14 Giao dịch TRX: 0x7d9010a34a25623b3f74b5f14e254e2d139ba2aa35009119f29441b5f401b0d6, Từ: 0x208227e02dfe6742caa77d0e42eb96141e8c9913, Đến: 0xee222c1ca051861312aeee9ac8fc5180067fd3bf, Số lượng: 0 TRX, Khối: #71025761, Thời gian: 2025-04-04 08:38:12
2025/04/04 08:38:14 Giao dịch TRX: 0x7a9b86d1c98a23ce7222345982ba9c7a443661ac30879b4afc3fd07fa08c4302, Từ: 0x208227e02dfe6742caa77d0e42eb96141e8c9913, Đến: 0xedc86ed208a42b632983ab1c53f096f9ee1f675e, Số lượng: 0 TRX, Khối: #71025761, Thời gian: 2025-04-04 08:38:12
2025/04/04 08:38:14 Giao dịch TRX: 0x4d1d9020422119babd17794f963d73c01982049c9037dcbb8b4b27743791fb67, Từ: 0x208227e02dfe6742caa77d0e42eb96141e8c9913, Đến: 0xefa327e33f9e7371bbd6fe1d9a6c022a172788ca, Số lượng: 0 TRX, Khối: #71025761, Thời gian: 2025-04-04 08:38:12
2025/04/04 08:38:14 Giao dịch TRX: 0xb5d26660a8b2406fa8dc4c7fe70345814d4922e79209039217ef5485c538fbba, Từ: 0x208227e02dfe6742caa77d0e42eb96141e8c9913, Đến: 0xeed65d29f67993a34a1942669d190a7a7b963298, Số lượng: 0 TRX, Khối: #71025761, Thời gian: 2025-04-04 08:38:12
2025/04/04 08:38:14 Giao dịch TRX: 0xcb18497e9f926c1fabd3c0e6ef25bf778987296354a2078404e1df3d214d14c2, Từ: 0x208227e02dfe6742caa77d0e42eb96141e8c9913, Đến: 0xedb1a05ccd0090a3e1d7328fbec75ee761adf17c, Số lượng: 0 TRX, Khối: #71025761, Thời gian: 2025-04-04 08:38:12
2025/04/04 08:38:14 Giao dịch TRX: 0xf67e0c4cefe1d206479125c289e4b358c1e9c6e729ea69259c15f78e264ea473, Từ: 0x208227e02dfe6742caa77d0e42eb96141e8c9913, Đến: 0xedd51d1a353a66e4a590799b5c555b12c545392e, Số lượng: 0 TRX, Khối: #71025761, Thời gian: 2025-04-04 08:38:12
2025/04/04 08:38:14 Giao dịch TRX: 0xc42631bd2b8c6616ee327667343f1fed0b6589c29aa24a895211d3e82c7c3c56, Từ: 0x208227e02dfe6742caa77d0e42eb96141e8c9913, Đến: 0xefe05114f6f5f74f597f7ccc7d8bbaeaa7950d4d, Số lượng: 0 TRX, Khối: #71025761, Thời gian: 2025-04-04 08:38:12
2025/04/04 08:38:14 Giao dịch TRX: 0x3aab1025d5b285eb4f95dee1ff739679733b4c086a7f74d09b79a59a8e771f81, Từ: 0x44ebe009eb0148371855aa4014cdd750fe094e69, Đến: 0xbe1dc4b4d72b2916f18657b66656a388cbdf470b, Số lượng: 20,000,000 TRX, Khối: #71025761, Thời gian: 2025-04-04 08:38:12
2025/04/04 08:38:14 Giao dịch TRX: 0xabb1fb9372aa63ce6400f125425483288dc6830710f237a7c6b5b96498a4a1d2, Từ: 0x208227e02dfe6742caa77d0e42eb96141e8c9913, Đến: 0xef6391e529421fa469184a91544df6997fd1f18e, Số lượng: 0 TRX, Khối: #71025761, Thời gian: 2025-04-04 08:38:12
2025/04/04 08:38:14 Giao dịch TRX: 0x458fe00dd3c337d0558ecdc44b7fceb4388b456eb99f38d9bfda00b655eeb542, Từ: 0xe6b4aa1ce934dca9027d4841ee23e175d726f80b, Đến: 0xa614f803b6fd780986a42c78ec9c7f77e6ded13c, Số lượng: 0 TRX, Khối: #71025761, Thời gian: 2025-04-04 08:38:12
2025/04/04 08:38:14 Giao dịch TRX: 0x36cfe9aceeae5b6a8e26b0e0f95cc8b8696f3e811c7758151d3a8ab84f5df112, Từ: 0x208227e02dfe6742caa77d0e42eb96141e8c9913, Đến: 0xf027e6bbff7e13a45c7f1435a56274b02db0ed60, Số lượng: 0 TRX, Khối: #71025761, Thời gian: 2025-04-04 08:38:12
2025/04/04 08:38:14 Giao dịch TRX: 0xabca94ad492cbc083bffa4c622dc00254648d9ab89332ad4ae4c4eccbef6774d, Từ: 0x208227e02dfe6742caa77d0e42eb96141e8c9913, Đến: 0xefc289ac74cff6d50f5b31a0eb01022b487bd525, Số lượng: 0 TRX, Khối: #71025761, Thời gian: 2025-04-04 08:38:12
2025/04/04 08:38:14 Giao dịch TRX: 0xf4cab42ad874c998dfb0258474f3b857b1992d8f12ea267d1ee71dc5707d567b, Từ: 0x8f61cf91bca86b257ec269034d2481e601ab4f66, Đến: 0x4eea9fb48f3c1448edc30d01d76c941cc7d5e811, Số lượng: 2,000,000 TRX, Khối: #71025761, Thời gian: 2025-04-04 08:38:12
2025/04/04 08:38:14 Giao dịch TRX: 0x30d15453a934fa7ea777fa53eba16d919b0a2365920cce70be30522616a06dbe, Từ: 0x1f9df56cdb8da994d4604ccaea365077ba3914dd, Đến: 0x9a87e6b5904b2db4b9cacd835d10b1917d9eedde, Số lượng: 0 TRX, Khối: #71025761, Thời gian: 2025-04-04 08:38:12
2025/04/04 08:38:14 Giao dịch TRX: 0xc8945899e6eff6280f65166708ec1d94f7059cc3de9c3018ea5fb3d2c6748491, Từ: 0xc2f749b9b1afb082d72f19482fa60ab5de91529e, Đến: 0x3536dd3443052197138e27f0637bc1c8b7c967d3, Số lượng: 0 TRX, Khối: #71025761, Thời gian: 2025-04-04 08:38:12
2025/04/04 08:38:14 Giao dịch TRX: 0xef341ec3b9a80c5ce9f3b5a5dbffda7c746459664b11c3758528395c72c3f5c9, Từ: 0xd31916112827392f1efaa35ae0be7d850503da33, Đến: 0x7f7d7189585e05b9161d740ee0ca7732ae302594, Số lượng: 0 TRX, Khối: #71025761, Thời gian: 2025-04-04 08:38:12
2025/04/04 08:38:14 Giao dịch TRX: 0x0589cf50826b80209801ffcbdf2b1108fabb95f212567ef19cd50f70fa9e9f46, Từ: 0x208227e02dfe6742caa77d0e42eb96141e8c9913, Đến: 0xef41f3617c001c9295a28902eea2b68962618302, Số lượng: 0 TRX, Khối: #71025761, Thời gian: 2025-04-04 08:38:12
2025/04/04 08:38:14 Giao dịch TRX: 0x233fa885baa01e2443c6ba5ec6a14346abaf303ea8faeba4db162c49a3cf501a, Từ: 0xdee0f7e618e852043e8a0cb54e50cbac3ff8489f, Đến: 0x59949f985f36494a407c43e43e5aa5561a50de15, Số lượng: 5 TRX, Khối: #71025761, Thời gian: 2025-04-04 08:38:12
2025/04/04 08:38:14 Giao dịch TRX: 0x78c7cbb25838b43986f070eea6c863e5c5fbbb6c4c83621d9e15a4c3b7134fc1, Từ: 0xa5b51cb4fcd9399229e33f7bc406c088951818b6, Đến: 0x9ff13972f81822cb490efb18628e0df003b1d36d, Số lượng: 0 TRX, Khối: #71025761, Thời gian: 2025-04-04 08:38:12
2025/04/04 08:38:14 Giao dịch TRX: 0x6a8812e06a2e72d539598fc1b0b64a9727b66e1091de5a36ba2a7eaf77a8dca5, Từ: 0xf0122402ec22622253d5a760d458435209fd9c75, Đến: 0x931cfc1732e6750a61d12bbd4570d2fb0483010a, Số lượng: 281,677,904 TRX, Khối: #71025761, Thời gian: 2025-04-04 08:38:12
2025/04/04 08:38:14 Giao dịch TRX: 0x2fe7469080b302a86256fef164008949b2399c1061aa6f1d70faa2834ea039ab, Từ: 0xe9999d1e999cf8ec0c5101948042746b988bf85c, Đến: 0xb5f0f35398cc58e0557a23132d5c72202d5e0841, Số lượng: 0 TRX, Khối: #71025761, Thời gian: 2025-04-04 08:38:12
2025/04/04 08:38:14 Giao dịch TRX: 0xd4151e2ea80154182841bf0e97bff88ec6d63147dd0c8d43299d8a9bf9c4783c, Từ: 0x208227e02dfe6742caa77d0e42eb96141e8c9913, Đến: 0xef92e798d1ecca6f45060681d0117c065c7ea818, Số lượng: 0 TRX, Khối: #71025761, Thời gian: 2025-04-04 08:38:12
2025/04/04 08:38:14 Giao dịch TRX: 0xe6ff730266ce7a30a46d10ed58daeb8b22326892d0bca568096641eb56c40b69, Từ: 0x208227e02dfe6742caa77d0e42eb96141e8c9913, Đến: 0xf13df650629572d17c817ac4dc9b81266d6a0a14, Số lượng: 0 TRX, Khối: #71025761, Thời gian: 2025-04-04 08:38:12
2025/04/04 08:38:14 Giao dịch TRX: 0x9eee6e85758908306790ed542eef6bdcd63db7d8620cc63d08410871192d3148, Từ: 0x8731952a3f24f71f98f93960523ca06bf11168d9, Đến: 0x94ed8ceb94c4037a5deb5d816fc657142ae27ec7, Số lượng: 1 TRX, Khối: #71025761, Thời gian: 2025-04-04 08:38:12
2025/04/04 08:38:14 Giao dịch TRX: 0xcb01c91277ab73e3a4c1f5215250d3b6ad439a596431ad007d02fd48dff94249, Từ: 0x208227e02dfe6742caa77d0e42eb96141e8c9913, Đến: 0xf0b3ee07df7406b1c540639b904f36252d884c29, Số lượng: 0 TRX, Khối: #71025761, Thời gian: 2025-04-04 08:38:12
2025/04/04 08:38:14 Giao dịch TRX: 0x934f95944e3557381d7050f3ffe3482855366b1163b2b608bc4c07c082948f4f, Từ: 0x208227e02dfe6742caa77d0e42eb96141e8c9913, Đến: 0xee36e9aab0404d76ed3bbc07b537b417f159deaf, Số lượng: 0 TRX, Khối: #71025761, Thời gian: 2025-04-04 08:38:12
2025/04/04 08:38:14 Giao dịch TRX: 0x2d0768b9e3520a01bcceb1221e44d1978ca972b43e665175254ebea97733cd8d, Từ: 0x24ab5aea0dd29e1292148f315d46822c896ba67c, Đến: 0x7452f02038a6039b730c7ec929a3380ff1b4a6e7, Số lượng: 5 TRX, Khối: #71025761, Thời gian: 2025-04-04 08:38:12
2025/04/04 08:38:14 Giao dịch TRX: 0xbe0525956321213f65c9142e8e123687a3eebcf80a34746328d0a9c02cebabc4, Từ: 0x208227e02dfe6742caa77d0e42eb96141e8c9913, Đến: 0xefb5cc4e33ee30b33fd497d7e962beaf7a092ee7, Số lượng: 0 TRX, Khối: #71025761, Thời gian: 2025-04-04 08:38:12
2025/04/04 08:38:14 Giao dịch TRX: 0x86204c7d557c1a695ccab5e8c641d6cdad6fba48eb1fddb7dc1254ec0a4c713e, Từ: 0x208227e02dfe6742caa77d0e42eb96141e8c9913, Đến: 0xf12dca87e75e2c058a37b1d9134e31d10ba954af, Số lượng: 0 TRX, Khối: #71025761, Thời gian: 2025-04-04 08:38:12
2025/04/04 08:38:14 Giao dịch TRX: 0x6f983c9cec7532143243cf818f4d2820457a023c0ca19b212eaef89b21f9eed5, Từ: 0x208227e02dfe6742caa77d0e42eb96141e8c9913, Đến: 0xee550990200dcad0cea2f0304e117dfed9930cf6, Số lượng: 0 TRX, Khối: #71025761, Thời gian: 2025-04-04 08:38:12
2025/04/04 08:38:14 Giao dịch TRX: 0xed7670617e924b47c491074c59247b8c4757067c308c3177eb82f38275e919a4, Từ: 0x208227e02dfe6742caa77d0e42eb96141e8c9913, Đến: 0xf1f05f6aaa121776445415492a577b417bffdde8, Số lượng: 0 TRX, Khối: #71025761, Thời gian: 2025-04-04 08:38:12
2025/04/04 08:38:14 Giao dịch TRX: 0xd539ceb237f3bf1886664c951040da2f32f1a262b36efad7f33a02195d19c251, Từ: 0x208227e02dfe6742caa77d0e42eb96141e8c9913, Đến: 0xec6fff2a1ed256f27bd06821bceeb6393a903012, Số lượng: 0 TRX, Khối: #71025761, Thời gian: 2025-04-04 08:38:12
2025/04/04 08:38:14 Giao dịch TRX: 0x40a39ce5c7f2bab56bdb529cf3069e7c7dd9c936f810ecf6cba7cbcb1f39cfb1, Từ: 0x208227e02dfe6742caa77d0e42eb96141e8c9913, Đến: 0xf0835cb61adf70d420cda0d5c86a0b305c041cfd, Số lượng: 0 TRX, Khối: #71025761, Thời gian: 2025-04-04 08:38:12
2025/04/04 08:38:14 Giao dịch TRX: 0x7cae8dffdc0f580b06ad00aaf08b9a9eb0729e216cc77d0b7fc6c08450a0c50c, Từ: 0x208227e02dfe6742caa77d0e42eb96141e8c9913, Đến: 0xf0f115f34918ddebf2fc720d543dca7dba66fef0, Số lượng: 0 TRX, Khối: #71025761, Thời gian: 2025-04-04 08:38:12
2025/04/04 08:38:14 Giao dịch TRX: 0xd1667d3dc485c9f9f04a55908f338a49b27f3f9185ec72004fc1bd364364f5ea, Từ: 0x208227e02dfe6742caa77d0e42eb96141e8c9913, Đến: 0xf1b141dc0c68f0010ec65422006dd0429ced5f4d, Số lượng: 0 TRX, Khối: #71025761, Thời gian: 2025-04-04 08:38:12
2025/04/04 08:38:14 Giao dịch TRX: 0x74401d6892b475b31127a37c76eb65f61a21dd662133d7039145682880d33342, Từ: 0x208227e02dfe6742caa77d0e42eb96141e8c9913, Đến: 0xefaabd4bbac1bd46a7c935c8f776d9484f9d06b9, Số lượng: 0 TRX, Khối: #71025761, Thời gian: 2025-04-04 08:38:12
2025/04/04 08:38:14 Giao dịch TRX: 0x3fb6a364816b4fadd5dba01c13d66b98ace5e21806ab92fd615475e62937a727, Từ: 0xea24e183782f5e419831145552387d79acff7ec6, Đến: 0x7452f02038a6039b730c7ec929a3380ff1b4a6e7, Số lượng: 7 TRX, Khối: #71025761, Thời gian: 2025-04-04 08:38:12
2025/04/04 08:38:14 Giao dịch TRX: 0xd1977a02df05d0974d2b57a964b3531aec3906c4072fad089e0ccfe28a4a5ff5, Từ: 0x242fa4b479e1922aa6745229e79b1064b2bc0be7, Đến: 0x7452f02038a6039b730c7ec929a3380ff1b4a6e7, Số lượng: 2 TRX, Khối: #71025761, Thời gian: 2025-04-04 08:38:12
2025/04/04 08:38:14 Giao dịch TRX: 0x88100292214c6fe475d51dc933b666d5214558d942041164727462cbd51b8368, Từ: 0x4cc2141ea7473f7c37fc681a9df40134db6968cc, Đến: 0x7452f02038a6039b730c7ec929a3380ff1b4a6e7, Số lượng: 4 TRX, Khối: #71025761, Thời gian: 2025-04-04 08:38:12
2025/04/04 08:38:14 Giao dịch TRX: 0xae4a7da379d143441177ff97f6250e954a0f06d1498c5a843137da0a5278aa66, Từ: 0xaae6ab4d0a5f751cb3e21c86111ea93c86d004df, Đến: 0xe50bd65caddd5c7b9075f0faad9473e82596c04b, Số lượng: 5,000,000 TRX, Khối: #71025761, Thời gian: 2025-04-04 08:38:12
2025/04/04 08:38:14 Giao dịch TRX: 0x08d5eeb5c9cb359bc472352f8e8489156197f274e92f008b16aa55b452d2656c, Từ: 0x7530ab4e78cb539ff6e53c051ff47002b5ccb43e, Đến: 0xaa07fd1f54e8cb4216dba93019ce2e45dd74dcc1, Số lượng: 2 TRX, Khối: #71025761, Thời gian: 2025-04-04 08:38:12
2025/04/04 08:38:14 Giao dịch TRX: 0x9028d9b5788e36466c11e238ebebc492c81cef68ca0f3a6b3f08fc80aa88ad28, Từ: 0x3aef50087cee568e9805d3e6b1916a89e923f0b4, Đến: 0xca0d0f515aad79e06423582c8edf6c3151353d62, Số lượng: 3 TRX, Khối: #71025761, Thời gian: 2025-04-04 08:38:12
2025/04/04 08:38:14 Giao dịch TRX: 0x38c6d1e2ee5a3d25a5d0d98cb9257a1991e5691fd253f85bf12f111a694a0ff4, Từ: 0xd31916112827392f1efaa35ae0be7d850503da33, Đến: 0x7f7d7189585e05b9161d740ee0ca7732ae302594, Số lượng: 0 TRX, Khối: #71025761, Thời gian: 2025-04-04 08:38:12
2025/04/04 08:38:14 Giao dịch TRX: 0x7edbc70ac5c4cda28a8e508958307ea393a256ae53f25d58ad1e9b08ac694eeb, Từ: 0x731aca7107bc70fbdcea55bb897a98268f4d74f7, Đến: 0xb26350909b9d937e5b17325d9d00ffb6cb48cd95, Số lượng: 4 TRX, Khối: #71025761, Thời gian: 2025-04-04 08:38:12
2025/04/04 08:38:14 Giao dịch TRX: 0x304db2a27b26facdd433fed147cde361ddbf1b172d57b849cdf35d4eb9a859df, Từ: 0x1893c50d040a6bcb1eef1eb55f1fbd85b6e3f4e9, Đến: 0xbfa53b9b2a2c9108b892d9382c5b92492d7ecd45, Số lượng: 4 TRX, Khối: #71025761, Thời gian: 2025-04-04 08:38:12
2025/04/04 08:38:14 Giao dịch TRX: 0xd3052e13993eb04eb6600a43335d9b5405e0468d327af51ac6cdb2328fefa8bc, Từ: 0x0ad8d00c3599d78678b7861da868f4d9414857c0, Đến: 0x0679d2abba2304112c5a3447bd5eeb4e99480ab0, Số lượng: 15,000,000 TRX, Khối: #71025761, Thời gian: 2025-04-04 08:38:12
2025/04/04 08:38:14 Giao dịch TRX: 0x8bc6dd74cb1e11526687a8ee4c2c00e13924d6ea07512b2caba7f157313e3805, Từ: 0x53b54b9e597272c6a8c0606f2d7f24f0ae43bd9f, Đến: 0x2f1faa37d32b35ef73e51b3e915cd0010ff1ed63, Số lượng: 6 TRX, Khối: #71025761, Thời gian: 2025-04-04 08:38:12
2025/04/04 08:38:14 Giao dịch TRX: 0xc2a98df1e37c29b1b1abcafac30da0dd21d63e9435641b268bfb678c8016620e, Từ: 0x03e3810bd93579f53128333450d1ae5d42baa875, Đến: 0x7452f02038a6039b730c7ec929a3380ff1b4a6e7, Số lượng: 3 TRX, Khối: #71025761, Thời gian: 2025-04-04 08:38:12
2025/04/04 08:38:14 Giao dịch TRX: 0x8927c6f8ca739f5528490b284930fa118c6d1c8f022eeb64974e457b3d14eece, Từ: 0x833d620e8e09ca9d1f0476768708688f1a146367, Đến: 0x7452f02038a6039b730c7ec929a3380ff1b4a6e7, Số lượng: 5 TRX, Khối: #71025761, Thời gian: 2025-04-04 08:38:12
2025/04/04 08:38:14 Giao dịch TRX: 0xe80f96acef21ad1f1416266385e71ffaefea22f23626506687833ae677141eab, Từ: 0xcd98dd77a926fcf14e4c5c10a77bc76b3a5c7290, Đến: 0x22cfd08f0799428d73e61379d90423fca923cca7, Số lượng: 3 TRX, Khối: #71025761, Thời gian: 2025-04-04 08:38:12
2025/04/04 08:38:14 Giao dịch TRX: 0xa0089ff28947f0387543195d1c888e4edb2438984191db78508db3c3c66e7c51, Từ: 0x57f444a4706c73484588cf34df54330015469f2a, Đến: 0x7452f02038a6039b730c7ec929a3380ff1b4a6e7, Số lượng: 5 TRX, Khối: #71025761, Thời gian: 2025-04-04 08:38:12
2025/04/04 08:38:14 Giao dịch TRX: 0x0f94d98ec57293084d0500f5bc84337d2af2d5dc976a17c92fa1a4c494937a6b, Từ: 0xaa27e759678984facc6224481c0708938dc3e007, Đến: 0x7452f02038a6039b730c7ec929a3380ff1b4a6e7, Số lượng: 4 TRX, Khối: #71025761, Thời gian: 2025-04-04 08:38:12
2025/04/04 08:38:14 Giao dịch TRX: 0x7ba44580e6bf3db407313e10b56fa3c676fc004dcf714662e0746c53ca7f5a7d, Từ: 0x5af40a9e3ec0a73c86d806145edd136c7df310be, Đến: 0x83b6424addaaf49bdb66aff00587e3192756d450, Số lượng: 0 TRX, Khối: #71025761, Thời gian: 2025-04-04 08:38:12
2025/04/04 08:38:14 Giao dịch TRX: 0xd6ae6c46fdc1cffe74eff4e5c6f003ddc0f6f0466003097f8b3e1767c64c8bfc, Từ: 0xe2adf9e6eec0f0493bfc968a14f79c25f02f328d, Đến: 0xeb60070f792dae22238e3fbd3e8589a343fa9e4c, Số lượng: 0 TRX, Khối: #71025761, Thời gian: 2025-04-04 08:38:12
2025/04/04 08:38:14 Giao dịch TRX: 0xf3a36fc0dd8a2d57f870f8d718a32ca2586945ba2e5d20f8d39f643b58180229, Từ: 0xc1a5a303dbaa05fc5ecd229353f2c1550e385bc2, Đến: 0x7452f02038a6039b730c7ec929a3380ff1b4a6e7, Số lượng: 6 TRX, Khối: #71025761, Thời gian: 2025-04-04 08:38:12
2025/04/04 08:38:14 Giao dịch TRX: 0x83167b613abf7b419166932255c4075b484f0ee0cb22fb347b787fe8cf16e23f, Từ: 0xbff41b129da75efab1c26c71ef236e5fe1d38868, Đến: 0x7452f02038a6039b730c7ec929a3380ff1b4a6e7, Số lượng: 2 TRX, Khối: #71025761, Thời gian: 2025-04-04 08:38:12
2025/04/04 08:38:14 Giao dịch TRX: 0x4256e37b511e8b0f76ce9f0748d424ebce9ede676d4cbbfd5444c80e882ef754, Từ: 0x82f57328e929c2fcb817db0c06dd581075b2ff87, Đến: 0x9876fea57a6e7148f2171db304527daff8f4c13a, Số lượng: 7 TRX, Khối: #71025761, Thời gian: 2025-04-04 08:38:12
2025/04/04 08:38:14 Giao dịch TRX: 0x8bdff8f38c56d58bf2eae071e73aa1b60128dd577d52c249480891e25afbc5ba, Từ: 0xe336bec21dc937c6ebb5e8717c2a79e1a7d3e566, Đến: 0x7452f02038a6039b730c7ec929a3380ff1b4a6e7, Số lượng: 8 TRX, Khối: #71025761, Thời gian: 2025-04-04 08:38:12
2025/04/04 08:38:14 Giao dịch TRX: 0x48d3c87766dc48271c9022d12af2c60ad910c5678fae043b74898e5bc8a8a363, Từ: 0x8486ba78c986fb479374a3298b34b3accd7b8a19, Đến: 0x7452f02038a6039b730c7ec929a3380ff1b4a6e7, Số lượng: 7 TRX, Khối: #71025761, Thời gian: 2025-04-04 08:38:12
2025/04/04 08:38:14 Giao dịch TRX: 0x0bfb2c2ec7ff1116749e83028fcf1a8b11a8b84a170af5732e5f81636aa9e3a5, Từ: 0x37af4d41bb4c1d4eeb5ca3db560e7bcbd8a8c6f5, Đến: 0xa614f803b6fd780986a42c78ec9c7f77e6ded13c, Số lượng: 0 TRX, Khối: #71025761, Thời gian: 2025-04-04 08:38:12
2025/04/04 08:38:14 Giao dịch TRX: 0x13e0952dbfb2bf56cec5b44657c1a91e602609b855d84b66ffc4d7e8a0b6a37b, Từ: 0x990434d91b35070ffdbdc414004df05567335900, Đến: 0x06d93c9ae676360fc1083da8e261ffac53de6217, Số lượng: 1,000,000 TRX, Khối: #71025761, Thời gian: 2025-04-04 08:38:12
2025/04/04 08:38:14 Giao dịch TRX: 0xb0743fa4a6df8e9a13ecefbae5483f590079e6fec830b22b82d7c8876ce909cf, Từ: 0xa4bd645f25a17981d5f3c7586a8df2fa1119ae27, Đến: 0xa614f803b6fd780986a42c78ec9c7f77e6ded13c, Số lượng: 0 TRX, Khối: #71025761, Thời gian: 2025-04-04 08:38:12
2025/04/04 08:38:14 Giao dịch TRX: 0xaac53eeed725e0105e9dc03e81f512e93c4ac4a21bdbe22bda7c707551313a18, Từ: 0x4316b5c3f99fd4818918abced9d7df3d31396ae3, Đến: 0x7a65a22576f74e6f32c9432484fc31ed59aebaeb, Số lượng: 0 TRX, Khối: #71025761, Thời gian: 2025-04-04 08:38:12
2025/04/04 08:38:14 Giao dịch TRX: 0x687b6040768b018550a21fbdd044ad5566737bbe5728a6febd14ed7a84e0232c, Từ: 0x04f3f2918cd78fc89ae353ad32a9f249ba6a1347, Đến: 0xe9510ae187b991a15c2108add0654e2022857ab7, Số lượng: 0 TRX, Khối: #71025761, Thời gian: 2025-04-04 08:38:12
2025/04/04 08:38:14 Giao dịch TRX: 0xf3645521f17a1cae00fafbfeec6378aac7f2f4e70c20bb01a7cf94650bb56fad, Từ: 0x400ad8fbd547473331bbfdcb3fe5b1259bc2dcc5, Đến: 0xe456c053754de0c26b3c31005469ca4f1aee6ace, Số lượng: 5 TRX, Khối: #71025761, Thời gian: 2025-04-04 08:38:12
2025/04/04 08:38:14 Giao dịch TRX: 0x9518f195e9f8798401df66ab6c5334f1e043df2a9f9485f88b9d9d136b0af385, Từ: 0xb85e0271d5a9808c347b90972a3cbf27e92c343d, Đến: 0x7452f02038a6039b730c7ec929a3380ff1b4a6e7, Số lượng: 8 TRX, Khối: #71025761, Thời gian: 2025-04-04 08:38:12
2025/04/04 08:38:14 Giao dịch TRX: 0xef11ab496e454f750d1a39f4a6a09caea772f3b67eca7baff96aec6bdaf2a251, Từ: 0x0e76618635a05db29b0936011632fb568345d249, Đến: 0x7452f02038a6039b730c7ec929a3380ff1b4a6e7, Số lượng: 7 TRX, Khối: #71025761, Thời gian: 2025-04-04 08:38:12
2025/04/04 08:38:14 Giao dịch TRX: 0x0c5045ebde3942399e393510270be8907439db99fbbf1dce19218c9dcf3c882a, Từ: 0x377217555c9133bcee9bba06a2e2b928d33b7c4c, Đến: 0x7452f02038a6039b730c7ec929a3380ff1b4a6e7, Số lượng: 5 TRX, Khối: #71025761, Thời gian: 2025-04-04 08:38:12
2025/04/04 08:38:14 Giao dịch TRX: 0xd88d24176ffc419d03264cc7c4c76d022c98890f4a17ac1e8ac26dd9cb263c25, Từ: 0xfad67176c95409bc6258d2ae966d1fc8f84ae0af, Đến: 0x7452f02038a6039b730c7ec929a3380ff1b4a6e7, Số lượng: 2 TRX, Khối: #71025761, Thời gian: 2025-04-04 08:38:12
2025/04/04 08:38:14 Giao dịch TRX: 0x0937220b11d880fc5df374b2d7b759d7ff66ef2a23f37dca346a914bc28f545d, Từ: 0x0d0707963952f2fba59dd06f2b425ace40b492fe, Đến: 0xa614f803b6fd780986a42c78ec9c7f77e6ded13c, Số lượng: 0 TRX, Khối: #71025761, Thời gian: 2025-04-04 08:38:12
2025/04/04 08:38:14 Giao dịch TRX: 0x4b6a978edaf9cbc28b92ba76b013b8d00ede13766a4429bbef06ae34ab5c2f4c, Từ: 0xcade959107dbbb1dc44da5678915fd5e4c05f90d, Đến: 0x4ae61e278b79aae512c0e69a1d36fbb565766649, Số lượng: 0 TRX, Khối: #71025761, Thời gian: 2025-04-04 08:38:12
2025/04/04 08:38:14 Giao dịch TRX: 0x8aded817589d8baa5e6657e466b8714e0ff604c69efca975a190c1c27afbf86a, Từ: 0x6aced0fb6612b3fd192bdc40dcab3475e9ef6e0b, Đến: 0x7452f02038a6039b730c7ec929a3380ff1b4a6e7, Số lượng: 8 TRX, Khối: #71025761, Thời gian: 2025-04-04 08:38:12
2025/04/04 08:38:14 Giao dịch TRX: 0x7b866189596c9d283b40e61a1bb79c0646c54ce21c5995238e57defd8f39669f, Từ: 0xa27e8dbed8b1a18f6d9d74755e1cd9bcf8afeb14, Đến: 0x0c0df9cdf2f49ebfaa40e413b82e68ea401dc49f, Số lượng: 1 TRX, Khối: #71025761, Thời gian: 2025-04-04 08:38:12
2025/04/04 08:38:14 Giao dịch TRX: 0xe5d423aa65ba3183665cd24c1faff5a003cc84ef10353e4592f6e50f29925014, Từ: 0x4316b5c3f99fd4818918abced9d7df3d31396ae3, Đến: 0xe1836e755117e67ffde7bae4cf24412ebe42e0ec, Số lượng: 0 TRX, Khối: #71025761, Thời gian: 2025-04-04 08:38:12
2025/04/04 08:38:14 Giao dịch TRX: 0xe4080557dff753168e609a3a86658b611935728fb488f1b960e3a51c2065bc30, Từ: 0x1650efbcf0afc0d9cbc22899f2066d94a5d119e2, Đến: 0xfb2d8829aa9faf7c8cec273a9fcb99aa9e550c1f, Số lượng: 0 TRX, Khối: #71025761, Thời gian: 2025-04-04 08:38:12
2025/04/04 08:38:14 Giao dịch TRX: 0xc1a6daf9019942452f61c3fccd70280471c47af1a4edcc8f334b0ab181ffc7c2, Từ: 0x96cc5fac563c4ab8b97aa0432d7419867306c65e, Đến: 0xb449e249ecab28af07d3c93271bdcd811ed27dce, Số lượng: 2 TRX, Khối: #71025761, Thời gian: 2025-04-04 08:38:12
2025/04/04 08:38:14 Giao dịch TRX: 0x3150f3abfa42964c534a67ac600cce3b5c64d4e489eaec4bd45b619a5220e187, Từ: 0xfe0d13089e815803d780b5fd9e91e3e8e08dde91, Đến: 0x7452f02038a6039b730c7ec929a3380ff1b4a6e7, Số lượng: 5 TRX, Khối: #71025761, Thời gian: 2025-04-04 08:38:12
2025/04/04 08:38:14 Giao dịch TRX: 0x8d676ae09e919d37c47548fbd033ea2ec0acabb636d099a97bc673bd0cc3b3a6, Từ: 0x0c75522a78446fe514b2a8d707aa005eed9df179, Đến: 0x7452f02038a6039b730c7ec929a3380ff1b4a6e7, Số lượng: 2 TRX, Khối: #71025761, Thời gian: 2025-04-04 08:38:12
2025/04/04 08:38:14 Giao dịch TRX: 0x367afaa45bcdd967d0201663ba9f18943fb19bf07df9152410a080cb0a332b73, Từ: 0x54a5e99ddc2ef682d79620f4b62e4f89e6c0fb3f, Đến: 0xa614f803b6fd780986a42c78ec9c7f77e6ded13c, Số lượng: 0 TRX, Khối: #71025761, Thời gian: 2025-04-04 08:38:12
2025/04/04 08:38:14 Giao dịch TRX: 0x69ed2f5aa58c3711a716a1a0ce1aad4390fafde50c1131158f6fd9fc41a13bbe, Từ: 0x2b88b9d744b7dee185dc1ad7f8e8ab76557c62b1, Đến: 0x58641d58412088085e40c8290a00f5785d271a09, Số lượng: 0 TRX, Khối: #71025761, Thời gian: 2025-04-04 08:38:12
2025/04/04 08:38:14 Giao dịch TRX: 0x4cf1f5a89e2528a1a06d45506d4bb11ed5e7dc7889df9c6219022642228e8bee, Từ: 0x2438ae56be349ad1aa14bffa52b168cf339c65d9, Đến: 0xa800475a123a2a5c057a0db9f68cc8232deaa801, Số lượng: 3 TRX, Khối: #71025761, Thời gian: 2025-04-04 08:38:12
2025/04/04 08:38:14 Giao dịch TRX: 0x2609fe83e18d7d96a88b4218a32b9e69eb28bf2e5c65c139c158e64b9613af1f, Từ: 0x02cea2aca232302a7d1c84fac53fc7140eae5a07, Đến: 0x4e592d71e9e90d80d47b0f2b495503e37e0178bd, Số lượng: 16,500,151 TRX, Khối: #71025761, Thời gian: 2025-04-04 08:38:12
2025/04/04 08:38:14 Giao dịch TRX: 0x7e03b4c770f98af71719c80bf0a6c826b14661a51a893923ae322d698bfc8818, Từ: 0x3ee156976d1fd1b2da86303382d1239481047d8e, Đến: 0xe81ad61937c7c1a0d1c41d1336b5663bb39b32b1, Số lượng: 1 TRX, Khối: #71025761, Thời gian: 2025-04-04 08:38:12
2025/04/04 08:38:14 Giao dịch TRX: 0xd16339f116e602fe5ba0be9627bba763581603dae375538e085bb7e0babedc70, Từ: 0xc4a5f58dace5cd81dff189992e8c81e9bd5913c4, Đến: 0xa614f803b6fd780986a42c78ec9c7f77e6ded13c, Số lượng: 0 TRX, Khối: #71025761, Thời gian: 2025-04-04 08:38:12
2025/04/04 08:38:14 Giao dịch TRX: 0xef043f3eb5e3fe3b9cf518d653e0d73097d2a590752bd7fcadfbcd0b5d040852, Từ: 0xe9785fb821eb6a0015e4a50440a33e8ca8b5c706, Đến: 0xa614f803b6fd780986a42c78ec9c7f77e6ded13c, Số lượng: 0 TRX, Khối: #71025761, Thời gian: 2025-04-04 08:38:12
2025/04/04 08:38:14 Giao dịch TRX: 0xb34adebe9d292e470bcca2b9d7b5bbd37963b8b78e426800d3efdd2c86cc5a82, Từ: 0x795fa1b34742dbf1716e07a5c4c61845e68a9b3a, Đến: 0x2f1faa37d32b35ef73e51b3e915cd0010ff1ed63, Số lượng: 0 TRX, Khối: #71025761, Thời gian: 2025-04-04 08:38:12
2025/04/04 08:38:14 Giao dịch TRX: 0x84c9d51f38f116f91d343108d52ea1334210870d5aafa976fecfd29eed3eb8df, Từ: 0xb692574604bde4668b7ac3f7cf40428ef2e25557, Đến: 0x42bc7f6a070eab73a6af36e2414604069f81de58, Số lượng: 0 TRX, Khối: #71025761, Thời gian: 2025-04-04 08:38:12
2025/04/04 08:38:14 Giao dịch TRX: 0x8acc46fc64b8538f266738b6a1b9128515949f9a29ec5e9a484d4d835b179382, Từ: 0xbb6e0b49b90a6b22b50025315671ab169a156960, Đến: 0x26be8ff1fd22374c4984e68ad568f3781fb47811, Số lượng: 3 TRX, Khối: #71025761, Thời gian: 2025-04-04 08:38:12
2025/04/04 08:38:14 Giao dịch TRX: 0x1e142b1cd66cd812f5b0e326ebcd7d844e8441eff41501e0b36f4aee11e83975, Từ: 0x13455de4275704c86e59e2fa0ec522f397343d40, Đến: 0x7452f02038a6039b730c7ec929a3380ff1b4a6e7, Số lượng: 5 TRX, Khối: #71025761, Thời gian: 2025-04-04 08:38:12
2025/04/04 08:38:14 Giao dịch TRX: 0x71fc0fa031f0eacaf524e6baac4071cb46bae7eb457512b4fcd29be693321f4b, Từ: 0xf88be280e626b241db93d0892347698852ff4bd9, Đến: 0x59949f985f36494a407c43e43e5aa5561a50de15, Số lượng: 3 TRX, Khối: #71025761, Thời gian: 2025-04-04 08:38:12
2025/04/04 08:38:14 Giao dịch TRX: 0x31fa1a03f93e5b63e26398b74c081b5bc31c653de15dbcdb317e34ca0ca5ec86, Từ: 0xd92d4b0d1e536670f02383c795fa6db4b3d96669, Đến: 0x4138099f980cf2c4ebc99c2449438c4b5787ba72, Số lượng: 4 TRX, Khối: #71025761, Thời gian: 2025-04-04 08:38:12
2025/04/04 08:38:14 Giao dịch TRX: 0x00cdf7a3b8e19964dd56a80692f193cbd21deb812e26d01458c51f0e0ed22fd0, Từ: 0xb2c653fef219dd5f6cb480143ef6677ac8126ad5, Đến: 0x58641d58412088085e40c8290a00f5785d271a09, Số lượng: 8 TRX, Khối: #71025761, Thời gian: 2025-04-04 08:38:12
2025/04/04 08:38:14 Giao dịch TRX: 0x6a2cc9fee51fb72e64961d46f34dadb9a0d41fe0fdf2930b78add6d8fec8ea96, Từ: 0xd9f2af8ef5df01f963d5de517c3f80f54e2f9078, Đến: 0x7452f02038a6039b730c7ec929a3380ff1b4a6e7, Số lượng: 4 TRX, Khối: #71025761, Thời gian: 2025-04-04 08:38:12
2025/04/04 08:38:14 Giao dịch TRX: 0xf7bc7c158735f3ff15d4640a55ce197efea2f443ccaa41127dd29c38322ad06d, Từ: 0x3eb8e62f92b8bc3e254bf34bb09d0a207c167a61, Đến: 0x5b9ea35b21dacb343e6b95ad18c613eeee1f0aa5, Số lượng: 1 TRX, Khối: #71025761, Thời gian: 2025-04-04 08:38:12
2025/04/04 08:38:14 Giao dịch TRX: 0x04230e9ac14055a093eb03db5d612ac70f91d70ee1bfae93032d55ed135725f6, Từ: 0xc7195150d616863083473d5820face61ff142521, Đến: 0xc686c48436aec3a1dfce4ac5a4526c39366985ba, Số lượng: 5 TRX, Khối: #71025761, Thời gian: 2025-04-04 08:38:12
2025/04/04 08:38:14 Giao dịch TRX: 0x32f5df06eace44b185d451f766f5537573000e23c79c0045f13bf32393088c5e, Từ: 0x69ae47fea4f5366e0c915e4f7dc8f45cf997cfad, Đến: 0x22c037cca5a0935ac6b840a8ef7ffdb51a7f2a02, Số lượng: 4 TRX, Khối: #71025761, Thời gian: 2025-04-04 08:38:12
2025/04/04 08:38:14 Giao dịch TRX: 0xb46bf0e3dd1e9389abdcf07cdeb36880658c3644616aeb784a7baa05e1145d5c, Từ: 0xebafe445980453992efa369f914f14617a6cfbec, Đến: 0xdf7bfbc76d169293028ccc095cb9400ec4226420, Số lượng: 0 TRX, Khối: #71025761, Thời gian: 2025-04-04 08:38:12
2025/04/04 08:38:14 Giao dịch TRX: 0xefe993a023e05b2636077a2f2acf816ce9a9e9cfe337951ecbac852041508f3d, Từ: 0x16540e937110e3475b7eac472ecb546893b8a55c, Đến: 0xe57edee481df705c1bda7c3c26bcfe561d2a31c8, Số lượng: 2 TRX, Khối: #71025761, Thời gian: 2025-04-04 08:38:12
2025/04/04 08:38:14 Giao dịch TRX: 0xe677620de404e23e236638447040a3b35f723dd2cd1592a4832f0aa403d788c9, Từ: 0xdf7bc2962342d3850c01f41b33ef8e1397248220, Đến: 0x3486113dc88cf38441c88b6b1ca9ad0fd6944962, Số lượng: 0 TRX, Khối: #71025761, Thời gian: 2025-04-04 08:38:12
2025/04/04 08:38:14 Giao dịch TRX: 0x2f9795711ef61009e720e95c102a3d4a32b42f968e75dc7fa6b02b6b0f3d5e8f, Từ: 0x0e5d075882b5ff72d55791e31418a3e3f36b8837, Đến: 0xa614f803b6fd780986a42c78ec9c7f77e6ded13c, Số lượng: 0 TRX, Khối: #71025761, Thời gian: 2025-04-04 08:38:12
2025/04/04 08:38:14 Giao dịch TRX: 0x14e5dc1f4c4061b48b4f97e8e237d9766adbcfdb673785a8279280f4bfe8c767, Từ: 0xc7885b2334355ba766f54a3ad14d5a5339934bb3, Đến: 0x3c9e860719c999e375ee2c96ef848335bec155cc, Số lượng: 0 TRX, Khối: #71025761, Thời gian: 2025-04-04 08:38:12
2025/04/04 08:38:14 Giao dịch TRX: 0xc0c02bdd0380113be8822db8015255c0aa2ba844bf60fdc787164ddd4ae0a13d, Từ: 0x7922feb6149151bb5e7aca6faa5237f9d5fa77ed, Đến: 0x9524504e5387b1c69558e0c3135918788a153660, Số lượng: 3,000,000 TRX, Khối: #71025761, Thời gian: 2025-04-04 08:38:12
2025/04/04 08:38:14 Giao dịch TRX: 0x592c3fffbd856d182695ef9805e18dd4457620e3d0b8f2ff7325a78e53932c7c, Từ: 0x0aa180004b6cad62c75d305d139d9c9335ac8ff2, Đến: 0xdd88529d1a3b499b2d9039f7c29596a7ae816096, Số lượng: 40,000,000 TRX, Khối: #71025761, Thời gian: 2025-04-04 08:38:12
2025/04/04 08:38:14 Giao dịch TRX: 0xd0edead010be0589257578b8d502bf37b8f6212da61ca50faf7b269b8f3c2e94, Từ: 0x9fc0b5836c28d126f37f912c72bc7313f4b61dde, Đến: 0x8b9c2ed7b637edb1d73c28f575b6eaddc4a38700, Số lượng: 5 TRX, Khối: #71025761, Thời gian: 2025-04-04 08:38:12
2025/04/04 08:38:14 Giao dịch TRX: 0xc93172febcc6ad0ca609796684929f7dbab421d745e73c555ea7395596d6a28a, Từ: 0xcb99ec2c029b80c7df7a35ef2fd52930ba16bf26, Đến: 0x38d19d6d7e90bd83a6731b9412b705174a791556, Số lượng: 5 TRX, Khối: #71025761, Thời gian: 2025-04-04 08:38:12
2025/04/04 08:38:14 Giao dịch TRX: 0x3522aaf22f5f46edf1683134d62ca09976d0fd58795173f8d90c9733c72ab43b, Từ: 0x911926bbc57ba22f8a01aad52f9f32bc5df7e756, Đến: 0x10a804cf575665a8c50cfae4f4282b643c5dc6dd, Số lượng: 3 TRX, Khối: #71025761, Thời gian: 2025-04-04 08:38:12
2025/04/04 08:38:14 Giao dịch TRX: 0xd46d27893a57b6b364224a94dec41f5a36a7843c4832a50a7398eee978bf0ab2, Từ: 0xa54b7c3e455dff495fbf69ccb46e9ec28be3389f, Đến: 0x4bcc7c579608daa9ce128bd44409f2e8b8b2756a, Số lượng: 0 TRX, Khối: #71025761, Thời gian: 2025-04-04 08:38:12
2025/04/04 08:38:14 Giao dịch TRX: 0x7552727755a759027b36e57ff046b890afb63e677d61db5a452930a54bdc4bf0, Từ: 0x731c2ed90fa851c054446261365fd1f4d4af6a06, Đến: 0x414af54286a5ba0fbf4b435cdc19501860d95341, Số lượng: 6 TRX, Khối: #71025761, Thời gian: 2025-04-04 08:38:12
2025/04/04 08:38:14 Giao dịch TRX: 0xf6c4b2e4889f7d7dcf268dc82936f32ebb3ae144584cb329c10f70826299bd28, Từ: 0xb019a777c6aff992e936cdeb6725e729de9380c3, Đến: 0xc28e7f39c64ff476c2564899e58fce7425c992ca, Số lượng: 4 TRX, Khối: #71025761, Thời gian: 2025-04-04 08:38:12
2025/04/04 08:38:14 Giao dịch TRX: 0xae79ec564e56a60526ffadf61bb85ee3b5f67979ba6fe9ec3bca19b2e63f78e8, Từ: 0xb9e900d3638920a37710461e04b80f031127c15e, Đến: 0xc686c48436aec3a1dfce4ac5a4526c39366985ba, Số lượng: 3 TRX, Khối: #71025761, Thời gian: 2025-04-04 08:38:12
2025/04/04 08:38:14 Giao dịch TRX: 0xe5905a497215747f593afca24bec0b2a6f5b8866c0c34fb69eb20b29b0477781, Từ: 0xd41fcf24098f6aabd3639715329d449c3fdcd6b1, Đến: 0x8e2099f02cea00c0259fb2dc8dd3d54bd02ebd1a, Số lượng: 4 TRX, Khối: #71025761, Thời gian: 2025-04-04 08:38:12
2025/04/04 08:38:14 Giao dịch TRX: 0x68944e8805937e06e1ae3705255747a1cebdc897d25b6c8bf82c1a7a19a786db, Từ: 0xf0122402ec22622253d5a760d458435209fd9c75, Đến: 0x6e0fb0fd47983a5b0ac0635581e0937b115d58a3, Số lượng: 281,976,378 TRX, Khối: #71025761, Thời gian: 2025-04-04 08:38:12
2025/04/04 08:38:14 Giao dịch TRX: 0xd3072be72743ee366c07fc390a89f812663bfd7f4289e8b7da14a47fa8440671, Từ: 0x08b5b9587b2e40b14585dcda1e3f7a2a556c7123, Đến: 0x2cd2b91ad2cff14def1b512f6e8af1716a7d2f9a, Số lượng: 0 TRX, Khối: #71025761, Thời gian: 2025-04-04 08:38:12
2025/04/04 08:38:14 Giao dịch TRX: 0x3d45d351c35398ca5d9a6b7370faa60526796b82a6608707b47b8ce99f09f62c, Từ: 0xa268f419bfa385365f7c7d4ca99f9d1f0ca1f190, Đến: 0xaa8e1404fac1d1f3d90511118e5fafcc67763f46, Số lượng: 3,000,000 TRX, Khối: #71025761, Thời gian: 2025-04-04 08:38:12
2025/04/04 08:38:14 Giao dịch TRX: 0x27bd8dc63e0eec6bf9b10619aa7ed5ab3da1303952ac155aba06a3633c682164, Từ: 0x8c6308f068c2f6db390f5d0ac4a7ab31d0504d37, Đến: 0x6b98deddb2953865ecb7f86670965d6f643935dc, Số lượng: 13,499,850 TRX, Khối: #71025761, Thời gian: 2025-04-04 08:38:12
2025/04/04 08:38:14 Giao dịch TRX: 0x37e57b87234d84a3deae4aaccbecaed75ed31d45c0f6911747375fb6fe47f647, Từ: 0x2aa02059a547f746c7e488a226620f098df40d4c, Đến: 0xcf8196069bbb7c849d509df463738772ee9ffc62, Số lượng: 21,450,000 TRX, Khối: #71025761, Thời gian: 2025-04-04 08:38:12
2025/04/04 08:38:14 Giao dịch TRX: 0x49c55a9742c84be7b97370e9dd40aeacb7dacb5c34f2093184f09f1dea77a7ac, Từ: 0x858dfb1cb6dcd23dcaa1af3f35e8003795f0c6ad, Đến: 0x53a40fdb24592b98139381d0cb48df2fa6578273, Số lượng: 6 TRX, Khối: #71025761, Thời gian: 2025-04-04 08:38:12
2025/04/04 08:38:14 Giao dịch TRX: 0xdaf5bab15d43067bdcad340f94f2b61f5b04b0bd24a92f3aa3e46342b3314ee0, Từ: 0xa54b7c3e455dff495fbf69ccb46e9ec28be3389f, Đến: 0x4bcc7c579608daa9ce128bd44409f2e8b8b2756a, Số lượng: 0 TRX, Khối: #71025761, Thời gian: 2025-04-04 08:38:12
2025/04/04 08:38:14 Giao dịch TRX: 0xdc9a6cf2e9e7e1b97677d92a44f52572d4b6d37fe84e6c1267f7e415e25d6e43, Từ: 0x04f3f2918cd78fc89ae353ad32a9f249ba6a1347, Đến: 0x58641d58412088085e40c8290a00f5785d271a09, Số lượng: 0 TRX, Khối: #71025761, Thời gian: 2025-04-04 08:38:12
2025/04/04 08:38:14 Giao dịch TRX: 0xb2fbdf3053a8d3526cbe62ced33da47d19ebc6912aa451fbfd8a01f864d584af, Từ: 0xbe1dc4b4d72b2916f18657b66656a388cbdf470b, Đến: 0xeb619481de4228db5ea1b706326fb88dcec75103, Số lượng: 0 TRX, Khối: #71025761, Thời gian: 2025-04-04 08:38:12
2025/04/04 08:38:14 Giao dịch TRX: 0x7134ffc4f583f0c85b2d7080c21d7bab172dcaa70891064dd07c2c40092f5edd, Từ: 0xcd1600e6ebbb6d004ba2914a7cfa8e751548bea3, Đến: 0xdf7bfbc76d169293028ccc095cb9400ec4226420, Số lượng: 0 TRX, Khối: #71025761, Thời gian: 2025-04-04 08:38:12
2025/04/04 08:38:14 Giao dịch TRX: 0xe1af25051dfc73004defc3790a16f25bb0ff414b66a07ff2df707105818b263b, Từ: 0x379550ce37062bac55a8a24565b95a4bc2bd9dc1, Đến: 0xa614f803b6fd780986a42c78ec9c7f77e6ded13c, Số lượng: 0 TRX, Khối: #71025761, Thời gian: 2025-04-04 08:38:12
2025/04/04 08:38:14 Giao dịch TRX: 0x9717159651b40b3c56fb0aa98ec95e54b9ca481d9fcda8669f0874dde5fd9429, Từ: 0xd0b978331b054c0b5cc1b4e9aab5f1674d49ed78, Đến: 0x15df97def376bcd1db77b167364539eece5985c1, Số lượng: 0 TRX, Khối: #71025761, Thời gian: 2025-04-04 08:38:12
2025/04/04 08:38:14 Giao dịch TRX: 0xb7367eb534443d13ac502f2780ea8b2ac65fb7a3178f2f941fa478d1a555b675, Từ: 0x57f819e66f1ae37f3c4d29e670b3dce30f8f8bdb, Đến: 0xed4194fa5b9ef587af6d6982d3a13e1b21071667, Số lượng: 10,000,000 TRX, Khối: #71025761, Thời gian: 2025-04-04 08:38:12
2025/04/04 08:38:14 Giao dịch TRX: 0x13616266beb3fe3d6e5cedcbc5399979b81e8d61d179849de34b7b7dcc26597a, Từ: 0xd926feb94fb9d859990d4271dd97ed05192debcb, Đến: 0xc9b0ea6cd87363a6fb080ef61c9a8f18d24efc26, Số lượng: 259,350,000 TRX, Khối: #71025761, Thời gian: 2025-04-04 08:38:12
2025/04/04 08:38:14 Giao dịch TRX: 0xd013461d800bc39b950f3f353be0f0e31ff0a5e0c3ecb8ee1415f8cc53382f2b, Từ: 0xe07dae15d89bfa5458ab31ebf71f1ea27671fb10, Đến: 0x13bd28661fa50c3584a2d459139b1435978f2dde, Số lượng: 97,740,003 TRX, Khối: #71025761, Thời gian: 2025-04-04 08:38:12
2025/04/04 08:38:14 Giao dịch TRX: 0xcab29d7ef48df37777a8900e6fc2ca3664c2f24f434d9a6a11d6d8f638474dc1, Từ: 0x05c21a5991f33482c67d0ea0be9b030a72825dc9, Đến: 0x38d19d6d7e90bd83a6731b9412b705174a791556, Số lượng: 0 TRX, Khối: #71025761, Thời gian: 2025-04-04 08:38:12
2025/04/04 08:38:14 Đã xử lý xong khối Tron #71025761
