2025/04/03 18:22:19 ===== BẮT ĐẦU THEO DÕI BLOCKCHAIN TRON THEO THỜI GIAN THỰC =====
2025/04/03 18:22:19 Bắt đầu theo dõi blockchain Tron theo thời gian thực...
2025/04/03 18:22:19 Sử dụng node Tron chính: https://tron-rpc.publicnode.com/jsonrpc
2025/04/03 18:22:21 ===== BẮT ĐẦU THEO DÕI TỪ KHỐI #71008650 =====
2025/04/03 18:22:24 Đang xử lý khối Tron #71008651 (hash: 0x00000000043b818bb2d49e75e483c5237fb399325266bc72a8067a5a40084a90) với 326 giao dịch
2025/04/03 18:22:24 Khối #71008651 được tạo vào: 2025-04-03 18:22:21
2025/04/03 18:22:24 Giao dịch TRX: 0x10cf6c96b6dcb3de319537841ea5913d61802839b4d5455ba3c1b7e065515e5b, Từ: 0x03e02bcda0cab32676364a6041b458092a3c99f2, Đến: 0xa614f803b6fd780986a42c78ec9c7f77e6ded13c, Số lượng: 0 TRX, Khối: #71008651, Thời gian: 2025-04-03 18:22:21
2025/04/03 18:22:24 Giao dịch TRX: 0xddd46e9d7539491ba0d6916cd0e9b7c5f3cdb75de00de8a855741548f925e27c, Từ: 0x44f163b7fe7ade4e9dde0a7610e60e52a86df675, Đến: 0xa614f803b6fd780986a42c78ec9c7f77e6ded13c, Số lượng: 0 TRX, Khối: #71008651, Thời gian: 2025-04-03 18:22:21
2025/04/03 18:22:24 Giao dịch TRX: 0x5fbc407feb0c65fd7e759ddbf4b66ff441bbcd5744bffc8a2b87eae8ee7a6fcc, Từ: 0xc9041502c8cd7bdded24c93ff23b6723fb919f70, Đến: 0x8cea258c301c1b3211289fb0aa630cc29c8e12a6, Số lượng: 0 TRX, Khối: #71008651, Thời gian: 2025-04-03 18:22:21
2025/04/03 18:22:24 Giao dịch TRX: 0xbaf0b92b6151d9c316e5926424424e848399dd141191257a56b7826293b79efc, Từ: 0x228f9be41f5cfcc53b4c1ed266a36232f48c5515, Đến: 0xf9aa5a0d964b8778b4ce35fd53fe3197c0c8ae7c, Số lượng: 0 TRX, Khối: #71008651, Thời gian: 2025-04-03 18:22:21
2025/04/03 18:22:24 Giao dịch TRX: 0x1f0e626d11a60c81ead3beb4d0e5303200e29f0b3948ef05741b6943c08609f6, Từ: 0xa069efbcc10e786740c2da3c5bec884ff34dfb6d, Đến: 0x13eb7200d05389550bf3df5eac5174db7af892bf, Số lượng: 1 TRX, Khối: #71008651, Thời gian: 2025-04-03 18:22:21
2025/04/03 18:22:24 Giao dịch TRX: 0x6913690d7cf57b296035f086a3a5890423bbf03bfe1068fe4f1a7ac7d3858b2d, Từ: 0xf2dfc3b7fbab3f1712978f64baaa0cc7c34813cc, Đến: 0xa614f803b6fd780986a42c78ec9c7f77e6ded13c, Số lượng: 0 TRX, Khối: #71008651, Thời gian: 2025-04-03 18:22:21
2025/04/03 18:22:24 Giao dịch TRX: 0x5f813d4d62827ae3651531592a29db8574894749c81983fea3e348682f9c6485, Từ: 0x6476776fc72f2556067538c8524be063543f0867, Đến: 0xd734f4321c57557700168ff8acd9e132685ad166, Số lượng: 0 TRX, Khối: #71008651, Thời gian: 2025-04-03 18:22:21
2025/04/03 18:22:24 Giao dịch TRX: 0xbff5b0b79f5dca4db5252c231935495e6a2ea0f47449d45426f2e4f24de3bcad, Từ: 0xf237028a926f99b4900a2a6f0519f4a465b181b8, Đến: 0x1c4e9fce5c70d655f1f1cb3870ce8004f86818e1, Số lượng: 1,000,000 TRX, Khối: #71008651, Thời gian: 2025-04-03 18:22:21
2025/04/03 18:22:24 Giao dịch TRX: 0xd0fca692eb7318683b3982de30fa51b094a5f6169c389d82650bca5c9b4870f3, Từ: 0xf4e6678f92d3a86056b7d2e0d9d082675c2cfdbb, Đến: 0x387ec8e012887d8721012d0415a0a7f77f73e8a9, Số lượng: 0 TRX, Khối: #71008651, Thời gian: 2025-04-03 18:22:21
2025/04/03 18:22:24 Giao dịch TRX: 0x1477c7b0d0eb86da5c91466fe82ca69b1885d3e1d10b9726601a8fce17106928, Từ: 0x4435374f2662efb3fc2bb4d2ba50c4357bc829da, Đến: 0xa614f803b6fd780986a42c78ec9c7f77e6ded13c, Số lượng: 0 TRX, Khối: #71008651, Thời gian: 2025-04-03 18:22:21
2025/04/03 18:22:24 Giao dịch TRX: 0x379dcb361c4b64e96762cced966fa5c0ae179fad6c159f713abbf8e2a54f9fb6, Từ: 0x14a3415b0270999319b593d81b322d067935e9a5, Đến: 0xa614f803b6fd780986a42c78ec9c7f77e6ded13c, Số lượng: 0 TRX, Khối: #71008651, Thời gian: 2025-04-03 18:22:21
2025/04/03 18:22:24 Giao dịch TRX: 0x27e3ee06958ffeb0a219c736f2757c0e1181c3dce06db1c855cd1f33be1eff82, Từ: 0x9a418510e0f88cc0b87da3b8f416a799f580c51b, Đến: 0x7366acc68e9ccc847a5a6692371177e08959c91a, Số lượng: 0 TRX, Khối: #71008651, Thời gian: 2025-04-03 18:22:21
2025/04/03 18:22:24 Giao dịch TRX: 0x0367758dfd0e03046bbd27a26cc0b495bf74c7f1542885e1a4e0684ec2effc56, Từ: 0x6cfeb6a29997dad3cf9b91e953e72ffd6de4ab7b, Đến: 0x53e897a1ee1d44d299a0ed5955c8e64751985c0a, Số lượng: 1 TRX, Khối: #71008651, Thời gian: 2025-04-03 18:22:21
2025/04/03 18:22:24 Giao dịch TRX: 0x739c001adb1d9e8348af498751fb126288190cbb8435688683852cbd800097b7, Từ: 0x3e154c32f6f7b308a232d12de9c46a893e0f9e54, Đến: 0xad3b20b8f89c85cbe34d9f1af51fb2d143314a1d, Số lượng: 0 TRX, Khối: #71008651, Thời gian: 2025-04-03 18:22:21
2025/04/03 18:22:24 Giao dịch TRX: 0x692ea7f92c8a811882830c125f3953dba8a2930c320c121895d48ddfbd12db26, Từ: 0x31a7ec3c425e6401cd2d2cd842cdd5fc013d53ba, Đến: 0x40340bff2ecf524a1871343862cfb6e3c8f64d22, Số lượng: 2 TRX, Khối: #71008651, Thời gian: 2025-04-03 18:22:21
2025/04/03 18:22:24 Giao dịch TRX: 0x003ac9144f3b9e0d568b9722112a7cbba41b66af0b7204891594d2408b8e3c87, Từ: 0xfe0460cf2611ce2f29a7b8cded20e3dee3c7bae4, Đến: 0xefb7a52d9b1a2e7bf85fd391597163bfd5791834, Số lượng: 50,000,000 TRX, Khối: #71008651, Thời gian: 2025-04-03 18:22:21
2025/04/03 18:22:24 Giao dịch TRX: 0x4920188739661ad938624e125a3f3b7d259e9842bbe7c2effd0237bac0a713cf, Từ: 0x22781fd63dc5b27de50094b3e240be9962a14bb3, Đến: 0x6cd563e2279836c49bef1e88071a5d39cfa46146, Số lượng: 0 TRX, Khối: #71008651, Thời gian: 2025-04-03 18:22:21
2025/04/03 18:22:24 Giao dịch TRX: 0x1e3842e5ea837e0fed8e38c71915a3f6d32948357f84cecaf6c41ae94963f062, Từ: 0x8eb5772d8b116fa25ba3e6121fef8d5e066e71e5, Đến: 0x75abbbb90105bd8a57160cc83f3a6a3f3133bccc, Số lượng: 0 TRX, Khối: #71008651, Thời gian: 2025-04-03 18:22:21
2025/04/03 18:22:24 Giao dịch TRX: 0xd723fee53012974c05daa0a050c7ba308bddc61ea28632d45e47bf2ef76460aa, Từ: 0x8fd21c287b83fc8f5364857aa92310625b3d0ff9, Đến: 0xe0d3ac37c719ee51c00e8086c7d9339865d55c12, Số lượng: 1,984,964,342 TRX, Khối: #71008651, Thời gian: 2025-04-03 18:22:21
2025/04/03 18:22:24 Giao dịch TRX: 0xef7a07a247ccc2c3bdae9b82e0fdf4c43d0d21422c1da6a084fc754c2c8b6dcb, Từ: 0x3f4905de53d0f20dc712c143d39affb43837ac02, Đến: 0xa614f803b6fd780986a42c78ec9c7f77e6ded13c, Số lượng: 0 TRX, Khối: #71008651, Thời gian: 2025-04-03 18:22:21
2025/04/03 18:22:24 Giao dịch TRX: 0xd3da3bcf20c691098df4a7860153b2870c4a4b70de06db80e032fff453b0ee04, Từ: 0xd0eccf8e35be9b657ac6a2991e3c59f90e0f2836, Đến: 0xa614f803b6fd780986a42c78ec9c7f77e6ded13c, Số lượng: 0 TRX, Khối: #71008651, Thời gian: 2025-04-03 18:22:21
2025/04/03 18:22:24 Giao dịch TRX: 0xe2a3e78d1e6081b8d323dbca1997937b4be72b6b3e2841555772850abf2c4264, Từ: 0xbcb5ac1fde18f683d05633dea854253da47b4a14, Đến: 0x371f7ae64846ed3466500da3b5a4591f0b919029, Số lượng: 100 TRX, Khối: #71008651, Thời gian: 2025-04-03 18:22:21
2025/04/03 18:22:24 Giao dịch TRX: 0x1059f5bb698d28eb476aedd36727d5313614d72ae7e71798271aea98f9fe9aa2, Từ: 0x786a2766c4646a61d20e1b1bea75424963a7f8c4, Đến: 0x7268bbc03efd5749c7faa0c2a9a5d163ae33de58, Số lượng: 96,744,580 TRX, Khối: #71008651, Thời gian: 2025-04-03 18:22:21
2025/04/03 18:22:24 Giao dịch TRX: 0x3f9576d56076e4c1a8ede4d561d8e80569072bf68a894e6ef3fa2dcc6fb90e66, Từ: 0x7d4658b4e2ce183d2ed6d6f7aaffd1bdf5b44318, Đến: 0x3cb54a90ead3db4e401753c41dc8a91709d71b01, Số lượng: 8 TRX, Khối: #71008651, Thời gian: 2025-04-03 18:22:21
2025/04/03 18:22:24 Giao dịch TRX: 0xf3685fc446be25a74f103dbff302dba0d26be708c6c06015a5298478c9ad10ab, Từ: 0x8cdfc952aa18daa1ca2fec10118dc503c573abfa, Đến: 0xa614f803b6fd780986a42c78ec9c7f77e6ded13c, Số lượng: 0 TRX, Khối: #71008651, Thời gian: 2025-04-03 18:22:21
2025/04/03 18:22:24 Giao dịch TRX: 0x3484f9340db6564ce69e6d2eb23cc4d367130b32124bc799d3b83e0ea34b6c66, Từ: 0x90f19bf333ac6da020658665e30f4bdb0e215d7a, Đến: 0xeadf1a2709c1c4faa30fc3217a2111b8896ebf2c, Số lượng: 4 TRX, Khối: #71008651, Thời gian: 2025-04-03 18:22:21
2025/04/03 18:22:24 Giao dịch TRX: 0xb527f512ae124f7f98569bb71744075e1cfa53f72ae5b8cc1f7c431426b5cb52, Từ: 0x4fa6b86c54343db2ed7be898eda69e92d3a66338, Đến: 0xda341fd94da13062e24800d9d2e1c6ff2bf8348a, Số lượng: 6 TRX, Khối: #71008651, Thời gian: 2025-04-03 18:22:21
2025/04/03 18:22:24 Giao dịch TRX: 0x86c100db40e754b2cbb316ea27240ad5438b771295d897b766bc94c614a8c0fe, Từ: 0xab4d77b014615372d4e6f43f52967344289ea54a, Đến: 0x50c53e43400addb5816f060790f06b4421878d97, Số lượng: 2,062,500 TRX, Khối: #71008651, Thời gian: 2025-04-03 18:22:21
2025/04/03 18:22:24 Giao dịch TRX: 0xb3186d54df013a9ac991882ed4f4ace6b692937c82521f5e736d22047e83fd66, Từ: 0x27cd2c799c35e38fdcefb2dda201a8b9b891aca9, Đến: 0xa614f803b6fd780986a42c78ec9c7f77e6ded13c, Số lượng: 0 TRX, Khối: #71008651, Thời gian: 2025-04-03 18:22:21
2025/04/03 18:22:24 Giao dịch TRX: 0x6a85059f7bb24df1b1c29dbc7c3d8a45b7d9811a603d79c35732a4b3d1cea844, Từ: 0x43d2ae7682460e397f7bf43f25092ea03e77f639, Đến: 0xa614f803b6fd780986a42c78ec9c7f77e6ded13c, Số lượng: 0 TRX, Khối: #71008651, Thời gian: 2025-04-03 18:22:21
2025/04/03 18:22:24 Giao dịch TRX: 0x1abc0bd9db42ecd7aac81d7499fbfea4acadb5a09ad43166c6263cfdb970baaf, Từ: 0xe8d62e1fce982e87ae58dc57894e5c3ae81d70f5, Đến: 0xa614f803b6fd780986a42c78ec9c7f77e6ded13c, Số lượng: 0 TRX, Khối: #71008651, Thời gian: 2025-04-03 18:22:21
2025/04/03 18:22:24 Giao dịch TRX: 0x22d57982584720bf35e9a491a0deed9b57c3c17b6f7910013ec4036162a19e50, Từ: 0xb21fb5e02689b70c6132bbc43286082d531f4836, Đến: 0x17b34ccb38a208a44e008c6e1f199a8d9955abe5, Số lượng: 2 TRX, Khối: #71008651, Thời gian: 2025-04-03 18:22:21
2025/04/03 18:22:24 Giao dịch TRX: 0x290386034c15d32e36e1aa2d8430e10fa686a7503c40bdd2b5ce7cfe80294a75, Từ: 0xd78b39d0b948a811991c6a3b069f7018c45a4c43, Đến: 0x331fd20f3ba82546912dba977192ec92dca834d4, Số lượng: 2 TRX, Khối: #71008651, Thời gian: 2025-04-03 18:22:21
2025/04/03 18:22:24 Giao dịch TRX: 0x1d6b99d5eb91d9988e422b11751eda7589a90d538364cd3dfca9693e25219f96, Từ: 0x245aa3730474b7f0fe450f4e4381acad8b8e27ba, Đến: 0xa614f803b6fd780986a42c78ec9c7f77e6ded13c, Số lượng: 0 TRX, Khối: #71008651, Thời gian: 2025-04-03 18:22:21
2025/04/03 18:22:24 Giao dịch TRX: 0x8992bb1ee579691d8b36a4399fe3cdaaf9ae4de916dbb2cf9260e73914b8d973, Từ: 0xda3be16fd5752ed2a4ec4bc43eb42e7c3e49f72b, Đến: 0xe5436c83ee74d779482ad5edbcf459239f33f2bf, Số lượng: 2 TRX, Khối: #71008651, Thời gian: 2025-04-03 18:22:21
2025/04/03 18:22:24 Giao dịch TRX: 0xe45bbfc53a59459229251459b5639e9e28a19b2ee62ae2b255ab45729906f914, Từ: 0x2a8dcfbfd66f30ff3ce9692cfeff90b744bccf28, Đến: 0xa614f803b6fd780986a42c78ec9c7f77e6ded13c, Số lượng: 0 TRX, Khối: #71008651, Thời gian: 2025-04-03 18:22:21
2025/04/03 18:22:24 Giao dịch TRX: 0x8831578302b6e0738c78571d142266442ae627c8e5288b6171a0529574a4d296, Từ: 0x20e6591e95c3e19957819cb15de87ae2b63439b2, Đến: 0xa614f803b6fd780986a42c78ec9c7f77e6ded13c, Số lượng: 0 TRX, Khối: #71008651, Thời gian: 2025-04-03 18:22:21
2025/04/03 18:22:24 Giao dịch TRX: 0x9c89a30dd539607daf7cfe729fc473e2adc22a0d7653a9e83a357072d6d558ce, Từ: 0xb1c82a28ed170dbec3ac1f4b72c0df8ce4318851, Đến: 0xa614f803b6fd780986a42c78ec9c7f77e6ded13c, Số lượng: 0 TRX, Khối: #71008651, Thời gian: 2025-04-03 18:22:21
2025/04/03 18:22:24 Giao dịch TRX: 0x410ad16595074dd4863371535641303df109fb79d5fa2e414689ff3f62217b95, Từ: 0x987dcf79f462deddb2082fb9fbacf70ae362d3e9, Đến: 0xf99f160585c18154ebf11dfa4e30903022dba784, Số lượng: 2 TRX, Khối: #71008651, Thời gian: 2025-04-03 18:22:21
2025/04/03 18:22:24 Giao dịch TRX: 0xc58c99df68570fcbddf38d66da560db642f260421dfc543a7804808c899d375b, Từ: 0x8ada37b69fdb6b5265dccffc1fcfc565007f4c7e, Đến: 0x4c961d62d7ff6122576cc541dbe44b7c8c13d705, Số lượng: 1,718,628 TRX, Khối: #71008651, Thời gian: 2025-04-03 18:22:21
2025/04/03 18:22:24 Giao dịch TRX: 0xe84a37d2940f59c9542b04f128272af94d047029c0ede96a5d4a252d9b6ffd74, Từ: 0x247f60e7c7b4c17a1ac1e6525fccf466bbf416df, Đến: 0xa614f803b6fd780986a42c78ec9c7f77e6ded13c, Số lượng: 0 TRX, Khối: #71008651, Thời gian: 2025-04-03 18:22:21
2025/04/03 18:22:24 Giao dịch TRX: 0x0e4f969c4e7475566a801a718f7775c4a718956233f97ccfa674048927517d79, Từ: 0x67b9c96287805899bcd5027052852a1f2b8e6c0e, Đến: 0xa614f803b6fd780986a42c78ec9c7f77e6ded13c, Số lượng: 0 TRX, Khối: #71008651, Thời gian: 2025-04-03 18:22:21
2025/04/03 18:22:24 Giao dịch TRX: 0xe6f43fcc6566cd73647f41337f8bb12aba61221f576965575beb07423e2cdfa9, Từ: 0xe558b47c953b448fe660940f0a79d3c0584abbd1, Đến: 0x570c8d380d8b755cd3c5b1368abbbb126407cac6, Số lượng: 4 TRX, Khối: #71008651, Thời gian: 2025-04-03 18:22:21
2025/04/03 18:22:24 Giao dịch TRX: 0x6abb5998c48e82aedbd705d73501081c10f990982daee1d54e7c390477c1c839, Từ: 0x09ee7a7930f364aef940be684d98d36ff2e9677e, Đến: 0xa614f803b6fd780986a42c78ec9c7f77e6ded13c, Số lượng: 0 TRX, Khối: #71008651, Thời gian: 2025-04-03 18:22:21
2025/04/03 18:22:24 Giao dịch TRX: 0xd5f340d00fac2d1e28777a896741f627e8dd3a87fdfeca83d1db76ec1648de87, Từ: 0xffaa9b3b9f3b8400aecfdfc8cbc35cd2c20f1355, Đến: 0xa6359056f5e390fa1d02f50c183906a38f5a2c76, Số lượng: 6 TRX, Khối: #71008651, Thời gian: 2025-04-03 18:22:21
2025/04/03 18:22:24 Giao dịch TRX: 0x7e598e79452adafac2c47631f317d3fd439b282f31ab021bac8f4ef49626e027, Từ: 0x26d72b07f911b410a7f6fc317cca46ea3ce316b1, Đến: 0xa614f803b6fd780986a42c78ec9c7f77e6ded13c, Số lượng: 0 TRX, Khối: #71008651, Thời gian: 2025-04-03 18:22:21
2025/04/03 18:22:24 Giao dịch TRX: 0xc462414607cbcf7be60837f483e0ec4b72fb952e79e9ad0332855d20bd0fb620, Từ: 0x46f78829cafa0bf049329fa832fd212b28776d4d, Đến: 0xa614f803b6fd780986a42c78ec9c7f77e6ded13c, Số lượng: 0 TRX, Khối: #71008651, Thời gian: 2025-04-03 18:22:21
2025/04/03 18:22:24 Giao dịch TRX: 0x07cc920a9d685315d193cb09d77409dcec70618166a0a914c6ea933ea6b51063, Từ: 0x5a957c09f354faceb9d83428ea0a840e0f607c1a, Đến: 0x0ffd104f8906b5f48f8256756abd4512ebd21f30, Số lượng: 2 TRX, Khối: #71008651, Thời gian: 2025-04-03 18:22:21
2025/04/03 18:22:24 Giao dịch TRX: 0xab5a2a8919e7dc9a88d4c182422c0b287bc1cc25a2ae481e9f393fb3d15951f4, Từ: 0xc585a0b8821caf37f7ab297d3248b1a97a670ecb, Đến: 0x73489e364e987bfe6f7f64cd186faea98b55d1ab, Số lượng: 0 TRX, Khối: #71008651, Thời gian: 2025-04-03 18:22:21
2025/04/03 18:22:24 Giao dịch TRX: 0xffc195b33ffe9d6a7f174d0c118b82576367e5694c6186d55b40cc24152ebbf3, Từ: 0x0157fea58b0f7b28c67d21f1ed7c21d81eaa6b46, Đến: 0xa614f803b6fd780986a42c78ec9c7f77e6ded13c, Số lượng: 0 TRX, Khối: #71008651, Thời gian: 2025-04-03 18:22:21
2025/04/03 18:22:24 Giao dịch TRX: 0x67e3229c0163b3ccca7923db371953447e679cd048d65073beb286444129b215, Từ: 0x58d9b83c45a41917a9d8034924c61e2f1a65b9ee, Đến: 0xa614f803b6fd780986a42c78ec9c7f77e6ded13c, Số lượng: 0 TRX, Khối: #71008651, Thời gian: 2025-04-03 18:22:21
2025/04/03 18:22:24 Giao dịch TRX: 0x07ab31f6977d1c50e293b25cc7f67ad46664405abd6094f31d79c52183775542, Từ: 0x13da643252fe4a0ff713d231191c7261d6bd020c, Đến: 0xa614f803b6fd780986a42c78ec9c7f77e6ded13c, Số lượng: 0 TRX, Khối: #71008651, Thời gian: 2025-04-03 18:22:21
2025/04/03 18:22:24 Giao dịch TRX: 0xb6ef7dadaaca53d359ea3e17eb86a44c0e636bb492d6ed8049db0c154b1454b3, Từ: 0x0e46abf945acc866302efc99599c1f43afbad967, Đến: 0x197da84e4d881acb442a4a1a1b9cc4037d9bf10c, Số lượng: 2 TRX, Khối: #71008651, Thời gian: 2025-04-03 18:22:21
2025/04/03 18:22:24 Giao dịch TRX: 0x42362c136e954c6593702e9af6821e9531343a3a45505633512d48f6a04f9190, Từ: 0xbb2e0fd791745bf29fe0b953300650ea024165b3, Đến: 0x50ea13259e76fcf312259d0234b57f5c94d33043, Số lượng: 0 TRX, Khối: #71008651, Thời gian: 2025-04-03 18:22:21
2025/04/03 18:22:24 Giao dịch TRX: 0x08083de30ad22d0e440d7bad34813be61921417de6c0f73f70486cdd8f2a6465, Từ: 0xba573599fcc74f21ab3bb5a7acd91a0ba26c83f2, Đến: 0xb93ff7e77da9ea1d026c235b0fc09c17fa07154f, Số lượng: 4 TRX, Khối: #71008651, Thời gian: 2025-04-03 18:22:21
2025/04/03 18:22:24 Giao dịch TRX: 0xb29fb7e4fa454974231841b3c46525bfa196c96b867ce67bbc48ad587b77a976, Từ: 0x0611d6c1d784930f53979f06f10306251919e1ea, Đến: 0xfc9b00f0bcd674a514c136bbc242c30b011acaf2, Số lượng: 0 TRX, Khối: #71008651, Thời gian: 2025-04-03 18:22:21
2025/04/03 18:22:24 Giao dịch TRX: 0x0c077b803c871d88e85cfec85822c0dbb89e99de7d5db2c7255927919ea3b1d4, Từ: 0x5a044306c037d47531b250b299d8239d7a7bd3ad, Đến: 0x96ea008160cc4b8bfe9121a7db467e8d7dc59abc, Số lượng: 5 TRX, Khối: #71008651, Thời gian: 2025-04-03 18:22:21
2025/04/03 18:22:24 Giao dịch TRX: 0xf0557874eecbc7c6f0219932bcf2dd592670dfa5df743682f853727694c97d53, Từ: 0x5ffe9263e8010a84bc5f3912df9f0e2be79b09a8, Đến: 0x184e3d8234e8d358a76b98a255215462306bb56a, Số lượng: 4 TRX, Khối: #71008651, Thời gian: 2025-04-03 18:22:21
2025/04/03 18:22:24 Giao dịch TRX: 0x235b1ca6770eb09cf43cc9f7908a6e3ef7889741faa658ef77532849345908a3, Từ: 0xadf083fad114a49c8a8185f9ada6f09056701e24, Đến: 0x77968783cbd15eefbfe781d9eab2fbae67bf3d9c, Số lượng: 8 TRX, Khối: #71008651, Thời gian: 2025-04-03 18:22:21
2025/04/03 18:22:24 Giao dịch TRX: 0xfe37a85361b10fe15ac32ed2ed84443bab426145ac4f4fadaf103adf1c1d3354, Từ: 0x71dc00333ac9673366e7b58b437501491c985b70, Đến: 0xa614f803b6fd780986a42c78ec9c7f77e6ded13c, Số lượng: 0 TRX, Khối: #71008651, Thời gian: 2025-04-03 18:22:21
2025/04/03 18:22:24 Giao dịch TRX: 0x0c17ce97b07bc5fd37de4ac75d633b13690aec221b9982930f852a11b7979d25, Từ: 0x8590e3dfa1d3edf8e694b510d5e6868f4e1284ce, Đến: 0xb2f795d9af58a17608731e242380b340adc868ac, Số lượng: 0 TRX, Khối: #71008651, Thời gian: 2025-04-03 18:22:21
2025/04/03 18:22:24 Giao dịch TRX: 0x3a9c9adde53107d7945c4a3d52c0a02ba17cf377e09f42aa21ec117401823175, Từ: 0x40898f93517b2f479357e5c3e86c541d13f267c7, Đến: 0x0a8e1c68b2b101cbaa37f3bbe3741b9063b64579, Số lượng: 0 TRX, Khối: #71008651, Thời gian: 2025-04-03 18:22:21
2025/04/03 18:22:24 Giao dịch TRX: 0x998df1d4e900db629142718be77b92a39d7d6f0c12e38e4b368ce6d778e405aa, Từ: 0x8ddd03fb724361b16cab687449d69b2b6be8b123, Đến: 0x77968783cbd15eefbfe781d9eab2fbae67bf3d9c, Số lượng: 6 TRX, Khối: #71008651, Thời gian: 2025-04-03 18:22:21
2025/04/03 18:22:24 Giao dịch TRX: 0x032eda1d52e9427c461a038c1499b8741b87ea61dd5c9fd9bd24b0870454e46a, Từ: 0xe5a6981ca9841816b5378f352c7ee7c6a881346e, Đến: 0x841f7be9bafe97475b4a6efd8d634cb1d7033252, Số lượng: 0 TRX, Khối: #71008651, Thời gian: 2025-04-03 18:22:21
2025/04/03 18:22:24 Giao dịch TRX: 0xe3a2d9e0d280dc257a0d35c80a05c14562dc6a8c26ead1d568932f06729bb7e6, Từ: 0xf2518ce2bedbe1478a8c95830833e16f46533ed8, Đến: 0xb16facbb9c5c82dfa768c84bd4e925bc827d835e, Số lượng: 2 TRX, Khối: #71008651, Thời gian: 2025-04-03 18:22:21
2025/04/03 18:22:24 Giao dịch TRX: 0x9d7a15248468db21a79f5fe8929bfba2a79f566f07ee7d95dce74743284a3485, Từ: 0xb5b5025f30d0ddcd380f026369191ffcf738ec32, Đến: 0xe12c9305c6e83c23608f72bd6cf4535886d05563, Số lượng: 2 TRX, Khối: #71008651, Thời gian: 2025-04-03 18:22:21
2025/04/03 18:22:24 Giao dịch TRX: 0x09786925f1d9958550953ecad2937697295d56d497acd50ad9f8785718942b3c, Từ: 0x8def67b33e81f291addb924a6a37ed57839997fa, Đến: 0xbd6798f3f86d95170ade5a7976f128ed840b8fb3, Số lượng: 0 TRX, Khối: #71008651, Thời gian: 2025-04-03 18:22:21
2025/04/03 18:22:24 Giao dịch TRX: 0x798e8234aa91b13ece002bd1f1034e371ae20c60b152613f4054a9d28b50d67a, Từ: 0xf9aa5a0d964b8778b4ce35fd53fe3197c0c8ae7c, Đến: 0xbb3cd185bf66a25bdb538b694ca1eb14a373c09c, Số lượng: 0 TRX, Khối: #71008651, Thời gian: 2025-04-03 18:22:21
2025/04/03 18:22:24 Giao dịch TRX: 0xf972cab05d23933f46ba2d87720f775452259741884efb36b6530dd83bdf2e90, Từ: 0x652cb78dd905b98011b5aa7d822c6e4240c8c9c7, Đến: 0xb6fce82371cfd89ebc3d0279842d2e61c0e13b7b, Số lượng: 0 TRX, Khối: #71008651, Thời gian: 2025-04-03 18:22:21
2025/04/03 18:22:24 Giao dịch TRX: 0x1fa0599765af7ed0d6fd4921a721f61e4c91260b968288ff4779b322f25b5350, Từ: 0xc98601ae68c5354aee9f15a440b18587b07d2e48, Đến: 0xa73ba386644f52d08544567fd606a6f8ded4c499, Số lượng: 7 TRX, Khối: #71008651, Thời gian: 2025-04-03 18:22:21
2025/04/03 18:22:24 Giao dịch TRX: 0x8f727910d5c7680039b03f1c18ec7904f674ff8df80b71d6981f4494a05cce56, Từ: 0x0fae1af3554f7f0642fa259819067ccb81128c8a, Đến: 0xa90df91a9a36976141c7e9c7542b38517b534b36, Số lượng: 0 TRX, Khối: #71008651, Thời gian: 2025-04-03 18:22:21
2025/04/03 18:22:24 Giao dịch TRX: 0x650ba91e715990a122a214f6c64b4a1069b2cbef11a7529f74e53bfb8b67b44e, Từ: 0xdb3ded7731c781224ec292e2163d9554c094fd7c, Đến: 0xa614f803b6fd780986a42c78ec9c7f77e6ded13c, Số lượng: 0 TRX, Khối: #71008651, Thời gian: 2025-04-03 18:22:21
2025/04/03 18:22:24 Giao dịch TRX: 0xf42f89298d0de8a9313df4d8a9b4895b3a96e7a64f306413efe20ff3831095f7, Từ: 0xd29d6d3e5057abe0f8ebd6ca67716e6bc3760985, Đến: 0x8f4aaa2c3fc679a5bf40fdd9ad3e8c0f23c8d313, Số lượng: 2,000,000 TRX, Khối: #71008651, Thời gian: 2025-04-03 18:22:21
2025/04/03 18:22:24 Giao dịch TRX: 0x31ba84d2ffa4746da07ea3836f397cfbc92f7008401073e8b85399a2396e5b2c, Từ: 0x5b4ea47b6f892d7f54bcc908acf3979c9d53e587, Đến: 0xa614f803b6fd780986a42c78ec9c7f77e6ded13c, Số lượng: 0 TRX, Khối: #71008651, Thời gian: 2025-04-03 18:22:21
2025/04/03 18:22:24 Giao dịch TRX: 0xe06d30bdcc40db76c0530ba1b434fb10afd7d3e45b8e3c05dbf9fa271ac70a77, Từ: 0xc67d95bd5d96550795ff7862266a7506bdbf0235, Đến: 0x677abbce4562aa02e074e7ac5984bb576d1cd54a, Số lượng: 2 TRX, Khối: #71008651, Thời gian: 2025-04-03 18:22:21
2025/04/03 18:22:24 Giao dịch TRX: 0x8e1a63fb7c008baf113140d4dc51cfbe370b3e7d6a10b849aaf062de56b9c725, Từ: 0x4e592d71e9e90d80d47b0f2b495503e37e0178bd, Đến: 0xff501f792199a453ab6c7d2f3feed16a0bd80ee6, Số lượng: 30,000,000 TRX, Khối: #71008651, Thời gian: 2025-04-03 18:22:21
2025/04/03 18:22:24 Giao dịch TRX: 0x2ace402eacfd2f4a5f494c620a83afa81e3ce2efb8b98efd6d1a7555fbb69347, Từ: 0xa45ad2b84724590cb3bcc34ab326a3362dc09809, Đến: 0x7b006de0b36d8b07aaee3a7cfa8e84b18d182660, Số lượng: 0 TRX, Khối: #71008651, Thời gian: 2025-04-03 18:22:21
2025/04/03 18:22:24 Giao dịch TRX: 0x2b5318c6a8f567881a7eefc75b99b62277c8140bbd8b0e1286b2e614f0579593, Từ: 0x30760c7e10b1d3509d8d64a7e9eb9ab94bc83495, Đến: 0xa614f803b6fd780986a42c78ec9c7f77e6ded13c, Số lượng: 0 TRX, Khối: #71008651, Thời gian: 2025-04-03 18:22:21
2025/04/03 18:22:24 Giao dịch TRX: 0x1fbe19faa4e25b461c812cacb2fbd02e22953077bde94d7df9da71055abb09c1, Từ: 0x85e9648f69350bf1c5702f60551fac245b19e863, Đến: 0x7285a6a1cedbc162a674770d50828981f745f8be, Số lượng: 0 TRX, Khối: #71008651, Thời gian: 2025-04-03 18:22:21
2025/04/03 18:22:24 Giao dịch TRX: 0x94ee3f5bc2dfdb40c01377347c1ad695b923acc47f2e8423e9646457f6be8752, Từ: 0x11e94ab469765f886158ffb333ed55c11a907e72, Đến: 0xadbe43d9a54ed762406af4e43d3a3eb380e73c1c, Số lượng: 5 TRX, Khối: #71008651, Thời gian: 2025-04-03 18:22:21
2025/04/03 18:22:24 Giao dịch TRX: 0x29caec5e402cd0778dd47cffa0fad88f41c5586ae311d4a63fceead30ad53c8e, Từ: 0xbbb51a2c4ff747a16e7f0c094119e67d216e03bd, Đến: 0xdb1e542492acf91aa38ffe466cbcd4aef09ce9fa, Số lượng: 0 TRX, Khối: #71008651, Thời gian: 2025-04-03 18:22:21
2025/04/03 18:22:24 Giao dịch TRX: 0x0fde89c40136ec5a67f613fa473cf7351e96128c41a32e052afb55b44d83157e, Từ: 0xbbb51a2c4ff747a16e7f0c094119e67d216e03bd, Đến: 0xdb1e542492acf91aa38ffe466cbcd4aef09ce9fa, Số lượng: 0 TRX, Khối: #71008651, Thời gian: 2025-04-03 18:22:21
2025/04/03 18:22:24 Giao dịch TRX: 0xc6092c459b9ccf2dad400210d4b32c2a4ee81b1bb52a11a23bc875574ba3019c, Từ: 0x212d4ee932f8ad9fcbad637791f86085bca4beae, Đến: 0xa614f803b6fd780986a42c78ec9c7f77e6ded13c, Số lượng: 0 TRX, Khối: #71008651, Thời gian: 2025-04-03 18:22:21
2025/04/03 18:22:24 Giao dịch TRX: 0x2443c03c8be61e4fc040cae4331e77d3092a7bc4011652aedc3f62b4f2aa035d, Từ: 0x2f8dad37ae958fe97f24c404341edf08c9b7b5c3, Đến: 0x5fb0bc6a7500a58bdda58beb3e270d90bcf11b12, Số lượng: 0 TRX, Khối: #71008651, Thời gian: 2025-04-03 18:22:21
2025/04/03 18:22:24 Giao dịch TRX: 0x3513777a12aed45ecf8d037176baa2f088f385ffd61491ffe8413ae8ee7864f0, Từ: 0xf0c07bf8e873e1c9cf1c74ec82734de7aa34266d, Đến: 0xa614f803b6fd780986a42c78ec9c7f77e6ded13c, Số lượng: 0 TRX, Khối: #71008651, Thời gian: 2025-04-03 18:22:21
2025/04/03 18:22:24 Giao dịch TRX: 0xfcfda01fbf69b60014b329559a933c0fbdc1e29ad9598c00ee3525db20717e3d, Từ: 0x1954090a35e7100c47ebed150fe9440d36974b71, Đến: 0xa614f803b6fd780986a42c78ec9c7f77e6ded13c, Số lượng: 0 TRX, Khối: #71008651, Thời gian: 2025-04-03 18:22:21
2025/04/03 18:22:24 Giao dịch TRX: 0x334c11b7b23dd63b9c307bc98460598f874cac6be409281c89288c8eac966d8b, Từ: 0x85ff432d87c3fe9397dc3aef93d882d0d82757fc, Đến: 0x821754973e5f497b5b640b68cecccb98377dbc0d, Số lượng: 8,500,000 TRX, Khối: #71008651, Thời gian: 2025-04-03 18:22:21
2025/04/03 18:22:24 Giao dịch TRX: 0x63e512d61b7223dfbcd4cb1a077ac1af9002d278a5e12ec0041d23ab7395fb78, Từ: 0x22781fd63dc5b27de50094b3e240be9962a14bb3, Đến: 0xef8a52485494aac8491eef6a51028e24730bb561, Số lượng: 0 TRX, Khối: #71008651, Thời gian: 2025-04-03 18:22:21
2025/04/03 18:22:24 Giao dịch TRX: 0xb78c0c73577a9b7673c46e15d3e64a231a8a269f3a4b89ea7e3aca098f778ee2, Từ: 0x5999fdd3ca4596dc6653ebfb1546f79bd963e915, Đến: 0xa614f803b6fd780986a42c78ec9c7f77e6ded13c, Số lượng: 0 TRX, Khối: #71008651, Thời gian: 2025-04-03 18:22:21
2025/04/03 18:22:24 Giao dịch TRX: 0xf17a518e0354bb08c1bfd195e75fddc64593dffbc065392dcd76d049aa7cc4a2, Từ: 0x439f360bbdfa236fd1b450fd22d49ebd7fcc4476, Đến: 0xa614f803b6fd780986a42c78ec9c7f77e6ded13c, Số lượng: 0 TRX, Khối: #71008651, Thời gian: 2025-04-03 18:22:21
2025/04/03 18:22:24 Giao dịch TRX: 0x1ac9de78f323dac153b1adebf531d5fdb6e7e84cfc17eda98894f560bb7e8ca6, Từ: 0x4cca96d948105110357afda34a470896dd909390, Đến: 0xa614f803b6fd780986a42c78ec9c7f77e6ded13c, Số lượng: 0 TRX, Khối: #71008651, Thời gian: 2025-04-03 18:22:21
2025/04/03 18:22:24 Giao dịch TRX: 0x143672223d688f47ec0204b35f5774109760b46289639e71eda824e18d79af1c, Từ: 0xc1fddf9efe1adcdf9b8aa8f0c214df8662d55924, Đến: 0xc8dc7108e2c9af8206f7087bfb5d9f292b18e626, Số lượng: 0 TRX, Khối: #71008651, Thời gian: 2025-04-03 18:22:21
2025/04/03 18:22:24 Giao dịch TRX: 0x600dcb94b4f75de0f0dcffb737e9f7b09ccbdfd03e0cb0fec4ca7c514a2bb3d1, Từ: 0xbbb51a2c4ff747a16e7f0c094119e67d216e03bd, Đến: 0x5eee851e5ed7e9a64ad64cb24a0702f63f7eaf29, Số lượng: 0 TRX, Khối: #71008651, Thời gian: 2025-04-03 18:22:21
2025/04/03 18:22:24 Giao dịch TRX: 0xf6e3c476f19dbc444830d0fff903c301cac7d51c67daa07665cfe7bf8d6f2427, Từ: 0x9bd89d45f9234fb5727298369c97189b710503b6, Đến: 0xa614f803b6fd780986a42c78ec9c7f77e6ded13c, Số lượng: 0 TRX, Khối: #71008651, Thời gian: 2025-04-03 18:22:21
2025/04/03 18:22:24 Giao dịch TRX: 0xd933ffeefe9122fcdce2fd662cc131310e6c7c129f6538d26391f429df5111cd, Từ: 0x9bc64237dc0fe254713c03135b9fc3c509459e0e, Đến: 0xa614f803b6fd780986a42c78ec9c7f77e6ded13c, Số lượng: 0 TRX, Khối: #71008651, Thời gian: 2025-04-03 18:22:21
2025/04/03 18:22:24 Giao dịch TRX: 0xd5d431d7dc63138dbcb2664d720589cb32c6703614ceddb9fc719492d350a6bb, Từ: 0x6ce52e8290b5385f989b9979ece5724e0fcfa71d, Đến: 0x82e379cd80c63ac0b96ad8b3f447d8f922432cc4, Số lượng: 5 TRX, Khối: #71008651, Thời gian: 2025-04-03 18:22:21
2025/04/03 18:22:24 Giao dịch TRX: 0x5f3eddcbf5bbe31b068fc56e217163dc8202f64833ba1f84f44a66e97f771fb9, Từ: 0x4b9d6316462956f6725a416a95683c91400d5060, Đến: 0x22dca01ead48b891a04e98a30240215f4db6f4c4, Số lượng: 8 TRX, Khối: #71008651, Thời gian: 2025-04-03 18:22:21
2025/04/03 18:22:24 Giao dịch TRX: 0x25291748210c4f8e7e97ad3f2a439a80943c07be4a71b38c6823bf18cbbb8736, Từ: 0x6bf25f1ffe66831fa149476f316157e1414c18f0, Đến: 0xa614f803b6fd780986a42c78ec9c7f77e6ded13c, Số lượng: 0 TRX, Khối: #71008651, Thời gian: 2025-04-03 18:22:21
2025/04/03 18:22:24 Giao dịch TRX: 0xa98b086babf7c325a24f6f0051ec5f6509b703bdd15fe5ca89f3fbebca279ee8, Từ: 0x93ef28362ae457859d024d042953a445c9237de5, Đến: 0xdcf4dea978ed17732ce70b9bd82c75fe61b13c46, Số lượng: 5,477,910 TRX, Khối: #71008651, Thời gian: 2025-04-03 18:22:21
2025/04/03 18:22:24 Giao dịch TRX: 0x7f975e9547296f88965d7c9da841b50c8ac317d0e2756cecd75ae9bc3d2d83a9, Từ: 0x8c68b28af9ed40b3583e1d782bc602b444981368, Đến: 0xa614f803b6fd780986a42c78ec9c7f77e6ded13c, Số lượng: 0 TRX, Khối: #71008651, Thời gian: 2025-04-03 18:22:21
2025/04/03 18:22:24 Giao dịch TRX: 0xfac098b7342faf0b0b98bc6dcc8b489b1981b774132d2f503abf542a0f1dd80a, Từ: 0xcf6c8782926aab3671e0bfe106b77ac32e905c7f, Đến: 0xa614f803b6fd780986a42c78ec9c7f77e6ded13c, Số lượng: 0 TRX, Khối: #71008651, Thời gian: 2025-04-03 18:22:21
2025/04/03 18:22:24 Giao dịch TRX: 0xcda1b02316e2fc3ba409d652a9c9460a9fa12dba32ea552befcb701bf5763671, Từ: 0x4d711a58c7a59fe9af9589d4b7e824cb80581ace, Đến: 0xa614f803b6fd780986a42c78ec9c7f77e6ded13c, Số lượng: 0 TRX, Khối: #71008651, Thời gian: 2025-04-03 18:22:21
2025/04/03 18:22:24 Giao dịch TRX: 0x300be19ec3ef53dd6d7e7d0d6d2f8243b4b3e5e9c4b5e6a4ae7f88063dbfa48c, Từ: 0xf43013d91535d86b07c41e03ecaba998d47eda03, Đến: 0xd01dae057089b5f3c1cd7fa44d0d5e87327eceea, Số lượng: 0 TRX, Khối: #71008651, Thời gian: 2025-04-03 18:22:21
2025/04/03 18:22:24 Giao dịch TRX: 0x772569f1016c96dd89d37de440c3d9b76d59d89fb958568a27d853df0ce61232, Từ: 0xfaad5e1576ebe796b0e0b21e114eb99170e4a2fa, Đến: 0x1c038a96121f8bd8f2735e39e48e8a5bd753090c, Số lượng: 5 TRX, Khối: #71008651, Thời gian: 2025-04-03 18:22:21
2025/04/03 18:22:24 Giao dịch TRX: 0x4213289bd55e6ac04d5143af0f6b818aaf4a211bc3bca5200ac3a025e09aaf01, Từ: 0x6ff65514281bcc8a612a254938045d5926e43fed, Đến: 0x962cf42b5cc18a93931f581b16e6cff7b2be3136, Số lượng: 5 TRX, Khối: #71008651, Thời gian: 2025-04-03 18:22:21
2025/04/03 18:22:24 Giao dịch TRX: 0x4531b055cd8e48c2d8c719902f696553ea60b1f63b7d33f5838cd4bd0d9a764e, Từ: 0xbe1dc4b4d72b2916f18657b66656a388cbdf470b, Đến: 0x5a469b907be33880b0c46b7a148f485069c7d170, Số lượng: 3,100,000,000 TRX, Khối: #71008651, Thời gian: 2025-04-03 18:22:21
2025/04/03 18:22:24 Giao dịch TRX: 0xf208536b73cfa2a884bc461aaac9370606bf375f0e834549b222b82712407c1b, Từ: 0xf43013d91535d86b07c41e03ecaba998d47eda03, Đến: 0xf440b3c5b5d562fe0d2b27a25e9b59ce53f032f2, Số lượng: 0 TRX, Khối: #71008651, Thời gian: 2025-04-03 18:22:21
2025/04/03 18:22:24 Giao dịch TRX: 0x82d1d23cf4477f6fc6cf08d23033c690285cbd0b32f62251881d7ab3a4919b77, Từ: 0xbbb51a2c4ff747a16e7f0c094119e67d216e03bd, Đến: 0x5eee851e5ed7e9a64ad64cb24a0702f63f7eaf29, Số lượng: 0 TRX, Khối: #71008651, Thời gian: 2025-04-03 18:22:21
2025/04/03 18:22:24 Giao dịch TRX: 0xf8f017f21e11a081219e6c447dcf1eb7ef44bc42ed011dad6f0ec18050590384, Từ: 0xa729e0d67e58d76612e3617a76f1c10a86d65cc6, Đến: 0x195d219e53caaebed0b338bca1f0453c918d2504, Số lượng: 5 TRX, Khối: #71008651, Thời gian: 2025-04-03 18:22:21
2025/04/03 18:22:24 Giao dịch TRX: 0xc7f1007266e6a40457d8db61bedff50046fc839df1f37b8212c58a4b53a38a87, Từ: 0xf43013d91535d86b07c41e03ecaba998d47eda03, Đến: 0xf440b3c5b5d562fe0d2b27a25e9b59ce53f032f2, Số lượng: 0 TRX, Khối: #71008651, Thời gian: 2025-04-03 18:22:21
2025/04/03 18:22:24 Giao dịch TRX: 0x4ae146febd0847b18e5f8708a699f8ceff61b017b3a5f1f241549ad37dd0ff3c, Từ: 0xf43013d91535d86b07c41e03ecaba998d47eda03, Đến: 0x4c6ce9de8a55823006c762a3c526bce097ace709, Số lượng: 0 TRX, Khối: #71008651, Thời gian: 2025-04-03 18:22:21
2025/04/03 18:22:24 Giao dịch TRX: 0x9a29b3612d4cd69bc512524db79623a7de6d0fa3a984ef3c08af5dcc0b217af1, Từ: 0xf2431a19d49e0753dfd69fa7e8dbfca35ad78e83, Đến: 0xa614f803b6fd780986a42c78ec9c7f77e6ded13c, Số lượng: 0 TRX, Khối: #71008651, Thời gian: 2025-04-03 18:22:21
2025/04/03 18:22:24 Giao dịch TRX: 0x554322afed25e738b43030caa6d5148d13a773188067a9b38495243377ce32cf, Từ: 0x91db853d8261b461f15344be21b27a6d0fffdbcf, Đến: 0x99469fd5aa08cfe836395ce993c0ebd567e2c14f, Số lượng: 65,000,000 TRX, Khối: #71008651, Thời gian: 2025-04-03 18:22:21
2025/04/03 18:22:24 Giao dịch TRX: 0x6c8ccc3edd1b7e2e45e1aaf81256e83b5457c79ed850cfd1acf4ac2d5784d25f, Từ: 0xd6417c58c091647c73321a42039edb2170c99f09, Đến: 0xa614f803b6fd780986a42c78ec9c7f77e6ded13c, Số lượng: 0 TRX, Khối: #71008651, Thời gian: 2025-04-03 18:22:21
2025/04/03 18:22:24 Giao dịch TRX: 0xcb75b0f17d939fd8f0cafc7e47789b62de9d8e8fe2fb2f627a01f1a9ce27c6b5, Từ: 0xd76639d509383490111c48e1529b4b588ca8c6d7, Đến: 0x98090dc4ecb7bb061e193194ca15a06be7b84de4, Số lượng: 5 TRX, Khối: #71008651, Thời gian: 2025-04-03 18:22:21
2025/04/03 18:22:24 Giao dịch TRX: 0x909e671752765048bb2a2818695825ea8e610a4d77423a8c6a0f555e91c2e358, Từ: 0xf22e223d138d50652488ec063b9fa3189b7115b4, Đến: 0xa614f803b6fd780986a42c78ec9c7f77e6ded13c, Số lượng: 0 TRX, Khối: #71008651, Thời gian: 2025-04-03 18:22:21
2025/04/03 18:22:24 Giao dịch TRX: 0x287a8523ce5e999562e3d5b9c8a6ce8138eb44696f2097027412093fa40434d5, Từ: 0xd1acd66a4065b7d87156b4fa9aa9b5f88cc7ff1b, Đến: 0xa614f803b6fd780986a42c78ec9c7f77e6ded13c, Số lượng: 0 TRX, Khối: #71008651, Thời gian: 2025-04-03 18:22:21
2025/04/03 18:22:24 Giao dịch TRX: 0x77037312a242df6baf269f60bb07e4486f3e747af0d10fa688535c18473795e3, Từ: 0x08c027760e4fd2938bf8b2266de0226c34dc4bc6, Đến: 0xa614f803b6fd780986a42c78ec9c7f77e6ded13c, Số lượng: 0 TRX, Khối: #71008651, Thời gian: 2025-04-03 18:22:21
2025/04/03 18:22:24 Giao dịch TRX: 0x65d9222f92481a8b41949b865c8786af71f4186d8f90530f6b93fbfdf9dd00c5, Từ: 0x7f5765b08ac0c8e787072d4ba7e2791b70b920d0, Đến: 0xda341fd94da13062e24800d9d2e1c6ff2bf8348a, Số lượng: 7 TRX, Khối: #71008651, Thời gian: 2025-04-03 18:22:21
2025/04/03 18:22:24 Giao dịch TRX: 0x00f992e566e360cb6dcb6072521319fcd4b9bcefb3e92490ed8591b9bcb291f5, Từ: 0xa588840271e6622cfcceacdf8add9344c0bb3dd1, Đến: 0x1e4dab67ae37464e71838710a3f1202a0824b1b4, Số lượng: 4 TRX, Khối: #71008651, Thời gian: 2025-04-03 18:22:21
2025/04/03 18:22:24 Giao dịch TRX: 0x396a61fe35c14955b441a382f45d9fa9bd4378a3ee41f6758bb2a612c1318cc8, Từ: 0xbbb51a2c4ff747a16e7f0c094119e67d216e03bd, Đến: 0xa010b89b687bd73447b8b2b663048a5c8161d4dc, Số lượng: 0 TRX, Khối: #71008651, Thời gian: 2025-04-03 18:22:21
2025/04/03 18:22:24 Giao dịch TRX: 0x4e74348d3f4da6e7869a33c9d4a137185a9f7880333c716efe4bdf0ec9351244, Từ: 0xb77c39a5ba4da5ee0bb2d4e921951de10406a58b, Đến: 0x94d4664e3ad4ce7b4dfe228f0aba0654331afb25, Số lượng: 2 TRX, Khối: #71008651, Thời gian: 2025-04-03 18:22:21
2025/04/03 18:22:24 Giao dịch TRX: 0x9b5347c3bd55ccd423160a1f2fcb1afbaabee9edd5c011dd214520f8d8431d7f, Từ: 0x22781fd63dc5b27de50094b3e240be9962a14bb3, Đến: 0x16036fc38515424456ab7fb94f615f33c5cc82ab, Số lượng: 0 TRX, Khối: #71008651, Thời gian: 2025-04-03 18:22:21
2025/04/03 18:22:24 Giao dịch TRX: 0xc7d79d7f416ba22916e5e90044aad81835c7ed9d8d510ad9a27ff01fabd99171, Từ: 0xa069efbcc10e786740c2da3c5bec884ff34dfb6d, Đến: 0x36c3e167c7efa507c48d188bb28fea82ac46a644, Số lượng: 1 TRX, Khối: #71008651, Thời gian: 2025-04-03 18:22:21
2025/04/03 18:22:24 Giao dịch TRX: 0x46950bd488678ae4a849511e15be6812f58992511ece8ae2308c36704da3d9ac, Từ: 0xf43013d91535d86b07c41e03ecaba998d47eda03, Đến: 0xf440b3c5b5d562fe0d2b27a25e9b59ce53f032f2, Số lượng: 0 TRX, Khối: #71008651, Thời gian: 2025-04-03 18:22:21
2025/04/03 18:22:24 Giao dịch TRX: 0x6428951ed13120cf7d2f48597768cbb0b815dad8eafe3584f951fe5711c71955, Từ: 0xe4a7a16e630d9f54ec2fabf5a0b5ced6147c3b5b, Đến: 0xd7997bcf5764e3e9f2e6d60489977020a6751063, Số lượng: 32,337,788 TRX, Khối: #71008651, Thời gian: 2025-04-03 18:22:21
2025/04/03 18:22:24 Giao dịch TRX: 0x0ea602cc059e56756384167b1caad69d90b0b527d3f0b4b22fedccb94648ca12, Từ: 0x8d926b65ea1a592347989537a3b0ead63de90d81, Đến: 0x01dda104818fdb767636a2e604cd16f94a6d950c, Số lượng: 10,000,000 TRX, Khối: #71008651, Thời gian: 2025-04-03 18:22:21
2025/04/03 18:22:24 Giao dịch TRX: 0xde3eec4ace816d10323222b0b3444ab3bd4e5042819069ca6ac3c6847e4859ff, Từ: 0xf43013d91535d86b07c41e03ecaba998d47eda03, Đến: 0x3486113dc88cf38441c88b6b1ca9ad0fd6944962, Số lượng: 0 TRX, Khối: #71008651, Thời gian: 2025-04-03 18:22:21
2025/04/03 18:22:24 Giao dịch TRX: 0xcf274be5c3fea89f9e8dc7cb10e1e4afdc342a3148ac94c47a813cae61790682, Từ: 0x2183d5c65c2e17b55ad0365b6bb21e291dc89a75, Đến: 0xa0ce592cc0ac376c9b42ba025ffc2546393c7f69, Số lượng: 0 TRX, Khối: #71008651, Thời gian: 2025-04-03 18:22:21
2025/04/03 18:22:24 Giao dịch TRX: 0x4cef5f5c4c7bb481ee768a9a6b540e1a28ac247a5634ea98f177212be5456537, Từ: 0xbb92f13cb48550493eed930afeb534f8fb61198f, Đến: 0xa614f803b6fd780986a42c78ec9c7f77e6ded13c, Số lượng: 0 TRX, Khối: #71008651, Thời gian: 2025-04-03 18:22:21
2025/04/03 18:22:24 Giao dịch TRX: 0x66259e3925fa427ac0f1e9da5387f48f7a7a499a27e8bfe8ee055e37d25536a0, Từ: 0xb25c9034a696de7a399492b27fce3dd35e1c5be5, Đến: 0x53e8c9bc2c04286ba2b79e2b76ac6d585e46db89, Số lượng: 0 TRX, Khối: #71008651, Thời gian: 2025-04-03 18:22:21
2025/04/03 18:22:24 Giao dịch TRX: 0xcd3f804afb9b19f285140292321b578f61d9d7abe5621a7cdcbbe8028befa6c3, Từ: 0xc67898c794ceabb41258b7e2fe9d55b66ddd6f94, Đến: 0xa614f803b6fd780986a42c78ec9c7f77e6ded13c, Số lượng: 0 TRX, Khối: #71008651, Thời gian: 2025-04-03 18:22:21
2025/04/03 18:22:24 Giao dịch TRX: 0x86b4bf8d9b9b518f1049a9b0227c7dbb0063fd7ff4fdec63026ae148d68a5d15, Từ: 0xac1e90382b63b21b6707e0150260b591f5b53089, Đến: 0x93ec1eb93f927eca195b79d37243c4e124aa5479, Số lượng: 20,000,000 TRX, Khối: #71008651, Thời gian: 2025-04-03 18:22:21
2025/04/03 18:22:24 Giao dịch TRX: 0x619dbe7e2bf6cc2890ad2eb334a65bd6811abc8c99a60c37c781beadcd6ee21f, Từ: 0x1b8a06ea66ad4750fded6240aa567fbf34bdd8da, Đến: 0x63464b1115b4123972a84ea028814cb533f3dc79, Số lượng: 1 TRX, Khối: #71008651, Thời gian: 2025-04-03 18:22:21
2025/04/03 18:22:24 Giao dịch TRX: 0xba07966bb7623a4a398a77c3c0ef16edb9ca587a161f7b1ea5ce50e4eda0f0af, Từ: 0x30760c7e10b1d3509d8d64a7e9eb9ab94bc83495, Đến: 0xa614f803b6fd780986a42c78ec9c7f77e6ded13c, Số lượng: 0 TRX, Khối: #71008651, Thời gian: 2025-04-03 18:22:21
2025/04/03 18:22:24 Giao dịch TRX: 0x498e771dde3f49a269b8a8aa3fb9155bbfe6b26405eb34e76e980962f5195b6a, Từ: 0x504ce440a8e8eba76c8e70ccf97a1cb9c9cf8b52, Đến: 0xd40ef1da0bb755a67d91bb92f73c6d935a55846a, Số lượng: 10,000,000 TRX, Khối: #71008651, Thời gian: 2025-04-03 18:22:21
2025/04/03 18:22:24 Giao dịch TRX: 0xbe9c9586200330c1f6fe2717a71fa69798f827b9f59ce898821d2c5613808015, Từ: 0xab267c79059d20782f6d9949309ef18f0a09fa33, Đến: 0x3654ebb101d031dfed7fda52983c8a80c8f0e158, Số lượng: 0 TRX, Khối: #71008651, Thời gian: 2025-04-03 18:22:21
2025/04/03 18:22:24 Giao dịch TRX: 0x5d6d8f19bdcbc4cf7f04f327d1d5d8e8c13488905d6e7293234c2a2cd4d64a16, Từ: 0x0834be38ba8d40629cc83de608d0bde149682385, Đến: 0x9fbd851c77682942e432d60387c9b4df2aa768ad, Số lượng: 0 TRX, Khối: #71008651, Thời gian: 2025-04-03 18:22:21
2025/04/03 18:22:24 Giao dịch TRX: 0x477f1ed134401338d32b2fd6ad26f8badbd29da5025def5337267092f30e26b5, Từ: 0xbbb51a2c4ff747a16e7f0c094119e67d216e03bd, Đến: 0xf8beb2f01f55a98e4bf9d63803f8abebba372e56, Số lượng: 0 TRX, Khối: #71008651, Thời gian: 2025-04-03 18:22:21
2025/04/03 18:22:24 Giao dịch TRX: 0xc02dfa47b1ad9b906a7f139de4ecccf9b40a28d6d02f4a39be660fdda8a5ba55, Từ: 0x6a6f6d035d62adaeb6b396abad79a2caab1eec36, Đến: 0xa614f803b6fd780986a42c78ec9c7f77e6ded13c, Số lượng: 0 TRX, Khối: #71008651, Thời gian: 2025-04-03 18:22:21
2025/04/03 18:22:24 Giao dịch TRX: 0x15cd622f4049c7c3acf1c702d32f1c48d351d3c8986b2a1f6c84119a2a9e5513, Từ: 0x3aee9cd96539908611b41f15db6627d52c7401c4, Đến: 0xc21a09583ecfcfdcc941f411ef1c73dd3aee0c55, Số lượng: 32,337,788 TRX, Khối: #71008651, Thời gian: 2025-04-03 18:22:21
2025/04/03 18:22:24 Giao dịch TRX: 0x42ff0aa311ed77031e30b88239abcd2d7e2b6b0bff5fe77f64070df6167013a3, Từ: 0x0b14be598d8955b6285e4148e6b2ceb2f678aba1, Đến: 0xa614f803b6fd780986a42c78ec9c7f77e6ded13c, Số lượng: 0 TRX, Khối: #71008651, Thời gian: 2025-04-03 18:22:21
2025/04/03 18:22:24 Giao dịch TRX: 0x83c67084555c5960488b8ae1c2efe7ec05427761dca9defb31e84e4257f8cb3d, Từ: 0x23fe62d85b3dc8e4ccaa3e4b8e791ed868d9354e, Đến: 0xa614f803b6fd780986a42c78ec9c7f77e6ded13c, Số lượng: 0 TRX, Khối: #71008651, Thời gian: 2025-04-03 18:22:21
2025/04/03 18:22:24 Giao dịch TRX: 0xe0276f5a86d2e8039053e7e94bd6dc5b50a4098ae544a076db49a1bbcdfc1144, Từ: 0xc98562dda145f6b73841e2d20ba38a1a587ac65a, Đến: 0x4bd49d42e9e17fd5eca2631b16960c5e2c22db87, Số lượng: 0 TRX, Khối: #71008651, Thời gian: 2025-04-03 18:22:21
2025/04/03 18:22:24 Giao dịch TRX: 0xc6d3400a342a51b61c04ed11316011787dafdd0d18b05353170d0dafad8f5600, Từ: 0xcd48992b8485c8f5a7091272be63139fa50f4bc3, Đến: 0x637568ecfec9ec03f2ba861e700b47d20c8c4549, Số lượng: 0 TRX, Khối: #71008651, Thời gian: 2025-04-03 18:22:21
2025/04/03 18:22:24 Giao dịch TRX: 0x32ee734d0a7d1ebbb8080f18e6510a686b3675c8ff9b2d25005228ff50d2306f, Từ: 0x4f570dd3500d0bbcaf09d29eda73b37553678133, Đến: 0xfa355d97cd0c26b044d9c425d26e93d7f2a76315, Số lượng: 0 TRX, Khối: #71008651, Thời gian: 2025-04-03 18:22:21
2025/04/03 18:22:24 Giao dịch TRX: 0x0a0ed6fc818de3ac3439f59f2eebb69ad33998d7288930d38c4eb4eaa79ea85f, Từ: 0xdb3f881b31264555a5f15056ab88b0a038582437, Đến: 0x687fc62049d292d4ea6f594c2715eb90c98052e5, Số lượng: 1 TRX, Khối: #71008651, Thời gian: 2025-04-03 18:22:21
2025/04/03 18:22:24 Giao dịch TRX: 0x187ef29145877f7a4a1161af32c6e490fbca0b5a94c0d8480c98864dddbd3d74, Từ: 0x1f7660766be036136c2a504a0462a646949a4d00, Đến: 0x216f7fb868e26c50eb9b6b85774a0e1447800670, Số lượng: 0 TRX, Khối: #71008651, Thời gian: 2025-04-03 18:22:21
2025/04/03 18:22:24 Giao dịch TRX: 0x9d5f7682fd2043810e740174ea7b64417b40e33114dfdca3616b9284219376e3, Từ: 0xec48743e5b4990cab3ec95f0aae4c3357f64def0, Đến: 0xa1ccf521f3d73afae4db3a898a86c8f969cdb140, Số lượng: 1,010,000 TRX, Khối: #71008651, Thời gian: 2025-04-03 18:22:21
2025/04/03 18:22:24 Giao dịch TRX: 0x11b714f249842a646493a37f1d5288b9f69e77354d4cd85fef29bc3fa2367361, Từ: 0x4316b5c3f99fd4818918abced9d7df3d31396ae3, Đến: 0x9effa440880d8800f628f05efaca326bcbdeb6ba, Số lượng: 0 TRX, Khối: #71008651, Thời gian: 2025-04-03 18:22:21
2025/04/03 18:22:24 Giao dịch TRX: 0xdb23922823a7b1df913d59c29cbe9864b800bf39ca97ebce22597ea13dbb30cb, Từ: 0x7d1a5d64687f658062054d41725b22a33716f190, Đến: 0x53f5e9b0b6a3819eea64df99ab9f9be737dcbe4a, Số lượng: 800,000 TRX, Khối: #71008651, Thời gian: 2025-04-03 18:22:21
2025/04/03 18:22:24 Giao dịch TRX: 0x27784116f383dc928012dd687f2fb30dd4d592505f2f8ee92b6f7e2fe660e489, Từ: 0xbbb51a2c4ff747a16e7f0c094119e67d216e03bd, Đến: 0xf8beb2f01f55a98e4bf9d63803f8abebba372e56, Số lượng: 0 TRX, Khối: #71008651, Thời gian: 2025-04-03 18:22:21
2025/04/03 18:22:24 Giao dịch TRX: 0xe988b6a517b80ae71626b2e77127cee2922063893b45cbb47d5ebd93f0662643, Từ: 0xf43013d91535d86b07c41e03ecaba998d47eda03, Đến: 0x7c5d1bfde16b2b303cc81c928020de6321d31d11, Số lượng: 0 TRX, Khối: #71008651, Thời gian: 2025-04-03 18:22:21
2025/04/03 18:22:24 Giao dịch TRX: 0xb0f797f96c6bd848c6b1198ef8ad433bc240d955c4d1b5ea27f5f9c1ebb24f10, Từ: 0x64242242a6dcb029b186e9636a600586aebab2a4, Đến: 0xa614f803b6fd780986a42c78ec9c7f77e6ded13c, Số lượng: 0 TRX, Khối: #71008651, Thời gian: 2025-04-03 18:22:21
2025/04/03 18:22:24 Giao dịch TRX: 0x991557edee4ed2821fc00e0172c12d6be07f183d99ea1b1b8c235044f73f089c, Từ: 0x1a6f55878c1d56b5f9e1a53fe23775f204ba43b1, Đến: 0xa614f803b6fd780986a42c78ec9c7f77e6ded13c, Số lượng: 0 TRX, Khối: #71008651, Thời gian: 2025-04-03 18:22:21
2025/04/03 18:22:24 Giao dịch TRX: 0xd51464b1e320e26089391903dacb64cf353a71b3f83740e8394600c8337e6c8d, Từ: 0x99326c9ab17595aa17507d235c13364480fdb822, Đến: 0xa614f803b6fd780986a42c78ec9c7f77e6ded13c, Số lượng: 0 TRX, Khối: #71008651, Thời gian: 2025-04-03 18:22:21
2025/04/03 18:22:24 Giao dịch TRX: 0x0316918abcb00f3e96993239f5c637babe050b5e33b6a8ecb53c6f212241ccbd, Từ: 0xe93a3b7b5c413349b078c1ad8d16c998aec626d4, Đến: 0xa614f803b6fd780986a42c78ec9c7f77e6ded13c, Số lượng: 0 TRX, Khối: #71008651, Thời gian: 2025-04-03 18:22:21
2025/04/03 18:22:24 Giao dịch TRX: 0xe25e3d89a83b95c9da303c1b897e859a0f5323ad48ae471ec00ea7e2d373b3de, Từ: 0xb41abfa399f668e8b7b6eeb65ec5bc427dae2dc6, Đến: 0xa614f803b6fd780986a42c78ec9c7f77e6ded13c, Số lượng: 0 TRX, Khối: #71008651, Thời gian: 2025-04-03 18:22:21
2025/04/03 18:22:24 Giao dịch TRX: 0x948122e7d010f22f85aeb3ceb194c8ef1c553dce16fb58f2023d75c78ea0b0ab, Từ: 0x3d306bf1f5fd472547e3f85d785a986733a78dcf, Đến: 0xa614f803b6fd780986a42c78ec9c7f77e6ded13c, Số lượng: 0 TRX, Khối: #71008651, Thời gian: 2025-04-03 18:22:21
2025/04/03 18:22:24 Giao dịch TRX: 0x1a551589fbb4d3bef22d4410583e49ff8edaa55bae3987f2b7afebca75033418, Từ: 0x8d9752366f946ed86814200cde902e616fefa61a, Đến: 0xa614f803b6fd780986a42c78ec9c7f77e6ded13c, Số lượng: 0 TRX, Khối: #71008651, Thời gian: 2025-04-03 18:22:21
2025/04/03 18:22:24 Giao dịch TRX: 0x62828d9c31f00cb10c9e715cfd31cd04c23c0f6895b21f516f285bd3b818023e, Từ: 0xf343ad689a11013a571059b80ce75d0428af358b, Đến: 0xa614f803b6fd780986a42c78ec9c7f77e6ded13c, Số lượng: 0 TRX, Khối: #71008651, Thời gian: 2025-04-03 18:22:21
2025/04/03 18:22:24 Giao dịch TRX: 0x7ba7d75721d8cc2364ac0db27bae6a929cbb3880025d21c5a0f468a14390388b, Từ: 0xbbb51a2c4ff747a16e7f0c094119e67d216e03bd, Đến: 0x5632e108d53773dccc3f7bdc3704e6ee1716c747, Số lượng: 0 TRX, Khối: #71008651, Thời gian: 2025-04-03 18:22:21
2025/04/03 18:22:24 Giao dịch TRX: 0x3f9a8429e4d77529cf0106c8c2133d2439b9716b99fa63ffb8a5377425874999, Từ: 0xbbb51a2c4ff747a16e7f0c094119e67d216e03bd, Đến: 0x3a1ddb5f3e86cb93b612faf426ecfb308b9f2d62, Số lượng: 0 TRX, Khối: #71008651, Thời gian: 2025-04-03 18:22:21
2025/04/03 18:22:24 Giao dịch TRX: 0x53223590e88a0193fe36f056a950b08308b2454987f7b804b4b9e35222c6698a, Từ: 0x04f3f2918cd78fc89ae353ad32a9f249ba6a1347, Đến: 0x4bd49d42e9e17fd5eca2631b16960c5e2c22db87, Số lượng: 0 TRX, Khối: #71008651, Thời gian: 2025-04-03 18:22:21
2025/04/03 18:22:24 Giao dịch TRX: 0xd26a8e9352e00ca5667573cfd214c26838e20b40ec49bbdf79d6f9b576c14426, Từ: 0xec321dbc7d801b113d405c179587155f25b240c0, Đến: 0x9f7484d430dcbce8cd2e2b37c45fe2116356c731, Số lượng: 0 TRX, Khối: #71008651, Thời gian: 2025-04-03 18:22:21
2025/04/03 18:22:24 Giao dịch TRX: 0xdc3166f49980cfae603988d51b1564fcfe410acfa1a55acab24605a5521c7b40, Từ: 0xe0f56d5641373889f5b20ede9944987e981805af, Đến: 0x63711780a70b0eb4fa274ce4e424f68e1b046c72, Số lượng: 2 TRX, Khối: #71008651, Thời gian: 2025-04-03 18:22:21
2025/04/03 18:22:24 Giao dịch TRX: 0x3762632c48a1145338cf9671a79e929f46ab2b0e94ca25a9711fb3516a9a2a77, Từ: 0x5f4b0794447264f05ab3f71a2b960514e13efd01, Đến: 0xa614f803b6fd780986a42c78ec9c7f77e6ded13c, Số lượng: 0 TRX, Khối: #71008651, Thời gian: 2025-04-03 18:22:21
2025/04/03 18:22:24 Giao dịch TRX: 0x76a9b19cb8dad7a74fd6636f5c106d3e891234fc8ec3eb7ae21963b0e3365d40, Từ: 0xf4316047f4a413c388d7e6407b6b80525eccb2bb, Đến: 0xa614f803b6fd780986a42c78ec9c7f77e6ded13c, Số lượng: 0 TRX, Khối: #71008651, Thời gian: 2025-04-03 18:22:21
2025/04/03 18:22:24 Giao dịch TRX: 0x73a73104e57bc20b8bf5635c2500eb394ebfd0fe2d7e6ea44d4529908152bf21, Từ: 0xea0689682220caa62ac4815afef09c4fc9c48e9b, Đến: 0xa614f803b6fd780986a42c78ec9c7f77e6ded13c, Số lượng: 0 TRX, Khối: #71008651, Thời gian: 2025-04-03 18:22:21
2025/04/03 18:22:24 Giao dịch TRX: 0x9901d645b7021ab14003c525b39b9be2e5f17c040c747ce3fb5f8d6332e3e0a8, Từ: 0x43cef3f5d57d0a6fa49cea65c287ad9c9aeca70d, Đến: 0xfc0687a6a4d7456d0eca7bb68cdef8c55aca0804, Số lượng: 6 TRX, Khối: #71008651, Thời gian: 2025-04-03 18:22:21
2025/04/03 18:22:24 Giao dịch TRX: 0x9c1eaaf1fea74a823009c6804c1f8168dc3510b1dee4aceca825353896a0d4ae, Từ: 0xd3093a16bffb9a2dbb5459f683ee56e53a1baad2, Đến: 0x24e19a07e47dcfb5c93314afc064457a5df4a03b, Số lượng: 1 TRX, Khối: #71008651, Thời gian: 2025-04-03 18:22:21
2025/04/03 18:22:24 Giao dịch TRX: 0xce0b5ea6c91f0d75043d79f45d9caf79a25262cf2ea1e473fb7ed6f37d686a76, Từ: 0xefd2a7a8068c6cf1b0d5016e0d5e0a14a74d12d2, Đến: 0xdea6addc08025a320ebe60bd1ee21883ae680c7d, Số lượng: 1 TRX, Khối: #71008651, Thời gian: 2025-04-03 18:22:21
2025/04/03 18:22:24 Giao dịch TRX: 0xf12380217c50d1872c1401cba94e6331df5dc956da046e74a70f9334466ccbdd, Từ: 0x0b9439e8c4ec792979a803e0ebada60e5e66a155, Đến: 0xe887297eefe08bf3f510a69f381eff897e721eea, Số lượng: 1 TRX, Khối: #71008651, Thời gian: 2025-04-03 18:22:21
2025/04/03 18:22:24 Giao dịch TRX: 0x94dd9a212b2f91fe615575ed69728ed02f1e004a9b47082b9dd5be352e1546cd, Từ: 0x3ab5d8f9e7a989795ce93a355cdacaff8441bb54, Đến: 0xa614f803b6fd780986a42c78ec9c7f77e6ded13c, Số lượng: 0 TRX, Khối: #71008651, Thời gian: 2025-04-03 18:22:21
2025/04/03 18:22:24 Giao dịch TRX: 0x7bafd396f155874fe98e1e1c4b35ddcecf271d3494f9ef348f9e798a72d49c3d, Từ: 0x3640fa836520fe404d1a42c9b6f42c9b3ad01f8c, Đến: 0x5d8434d2028fecfcf9ad5eccd679268a20a99a13, Số lượng: 1 TRX, Khối: #71008651, Thời gian: 2025-04-03 18:22:21
2025/04/03 18:22:24 Giao dịch TRX: 0x09717859304f5b27b07d7674fe050cdd20a26114e8f572788479e1bb513a4fa5, Từ: 0x7cde2ef4cf3ce8707b6ed85892f32096ca5d64ad, Đến: 0xc686c48436aec3a1dfce4ac5a4526c39366985ba, Số lượng: 8 TRX, Khối: #71008651, Thời gian: 2025-04-03 18:22:21
2025/04/03 18:22:24 Giao dịch TRX: 0x8d4cdda9490ae3c3ffa309b95141c2a5e4e51e15e5fb40a0bf799915641627c4, Từ: 0x3244dd2e1cdf93803a6762f7f092274df4afb80a, Đến: 0x355ff23a91e61ea3431b0f24c86185e71e8f2a68, Số lượng: 10,000,000 TRX, Khối: #71008651, Thời gian: 2025-04-03 18:22:21
2025/04/03 18:22:24 Giao dịch TRX: 0x98f8a8ec4744af73eac63ca03d4cfcc85bf71be17d53efb23756f7a1899ef17d, Từ: 0x2f2cc0cbe60b43c79c9e2dc5c74cf1b0bc973679, Đến: 0x43df7d2869fb7d36c77956784f52c734ff40a99d, Số lượng: 2 TRX, Khối: #71008651, Thời gian: 2025-04-03 18:22:21
2025/04/03 18:22:24 Giao dịch TRX: 0x4dfab5198de21b977a4027d08d75d480fc7a556e6b2453c2375f6d6f8fd1312a, Từ: 0x2eab428faf26e6ff38eb309446e780c839cb1e5b, Đến: 0xe5c73dda240ab1cee3864d9c6aa0e8961088f40d, Số lượng: 7 TRX, Khối: #71008651, Thời gian: 2025-04-03 18:22:21
2025/04/03 18:22:24 Giao dịch TRX: 0x993f020dc982c680de8161ba8fa876fe0fa923f816ad91316ce4f5f5672f2457, Từ: 0x7e0b782b03847ba231310625e9342daad4f43403, Đến: 0xa614f803b6fd780986a42c78ec9c7f77e6ded13c, Số lượng: 0 TRX, Khối: #71008651, Thời gian: 2025-04-03 18:22:21
2025/04/03 18:22:24 Giao dịch TRX: 0x1e068dbb07c933ee19b5ca938e744fc36cc2d8cb615ad02093885b082753439d, Từ: 0xca9ddce47b18d52210d702ffbbb2dff816c47f04, Đến: 0x1351ce47d7225f639f6b17ac6bbab4d1d1621966, Số lượng: 800,000 TRX, Khối: #71008651, Thời gian: 2025-04-03 18:22:21
2025/04/03 18:22:24 Giao dịch TRX: 0xdbd815b751c1cb803ee63c96944cc1c864d6cd3ef0e20cb44c2f66cf40e65d49, Từ: 0xbbb51a2c4ff747a16e7f0c094119e67d216e03bd, Đến: 0x3a1ddb5f3e86cb93b612faf426ecfb308b9f2d62, Số lượng: 0 TRX, Khối: #71008651, Thời gian: 2025-04-03 18:22:21
2025/04/03 18:22:24 Giao dịch TRX: 0xbfcb47f4366c7c7caf2c0a32e90bb4162205d4bafbe46ec4b517d107fb772da6, Từ: 0x9c570981aa11122bb3c0ccfa1d38c0eede1c7972, Đến: 0xa614f803b6fd780986a42c78ec9c7f77e6ded13c, Số lượng: 0 TRX, Khối: #71008651, Thời gian: 2025-04-03 18:22:21
2025/04/03 18:22:24 Giao dịch TRX: 0x199e43858f95d66c8d755d4663de47c967736b7b4f979cb6aea5f0af9fbe66e9, Từ: 0xcd1600e6ebbb6d004ba2914a7cfa8e751548bea3, Đến: 0xa9eafb5a3ff6a9c99f33f8e38f926a4389b695a3, Số lượng: 0 TRX, Khối: #71008651, Thời gian: 2025-04-03 18:22:21
2025/04/03 18:22:24 Giao dịch TRX: 0x46a346accbf15e8f963322c1384d5cd7d6b8a44bbe957de53e69745a08defc55, Từ: 0xc686c48436aec3a1dfce4ac5a4526c39366985ba, Đến: 0xfc5cda60b44cbfd63ebb95759f37b79a45dd922a, Số lượng: 5,395,442 TRX, Khối: #71008651, Thời gian: 2025-04-03 18:22:21
2025/04/03 18:22:24 Giao dịch TRX: 0xcf5b8dc19998d4fe3135554eb3d3de1d02883e06bb54e74baf209e4aaeebbe08, Từ: 0xbf53aecca5c60fdb399466b0f5583900fc95f6f2, Đến: 0x2ca277de51ce84bed8e9701c104c55045ddeb7d6, Số lượng: 1 TRX, Khối: #71008651, Thời gian: 2025-04-03 18:22:21
2025/04/03 18:22:24 Giao dịch TRX: 0x137accc24e16d6940f54b1693337313c8d9abf4082d01bfada58d2ffed68283c, Từ: 0x3225f1a2b8a5245e27403b1ccfecf5f8873dbb71, Đến: 0x31adcbf9a99e55d1d050ba69024f2a8c60613c76, Số lượng: 1 TRX, Khối: #71008651, Thời gian: 2025-04-03 18:22:21
2025/04/03 18:22:24 Giao dịch TRX: 0x992cf89103c214130b3fff5ba839301cadd7e6ee44e509a002f2cc8ff6b8a055, Từ: 0x8b489f7e10c4336a4fb8631a7d65330fcfebf2be, Đến: 0x5c06c8d5fbabe55c4feda953ec8d67a648829c9e, Số lượng: 1 TRX, Khối: #71008651, Thời gian: 2025-04-03 18:22:21
2025/04/03 18:22:24 Giao dịch TRX: 0x57094c82a506cd0699e3004499db155f81f73665a84a509168d48f9d84cafe71, Từ: 0x3b177a0325b697b20c68a1c05fffa371eb3a3ed9, Đến: 0xb408dbb787364103b8cbd76b39a61e2aaadb84bb, Số lượng: 0 TRX, Khối: #71008651, Thời gian: 2025-04-03 18:22:21
2025/04/03 18:22:24 Giao dịch TRX: 0x07cd06941527c09a4cac77304f339f711e8f1b8d3d729e0381acfac27af192a2, Từ: 0x43e6696ce35d14b9ac359b6cb8fa328815a2453b, Đến: 0x7f728d3dbdde7eb64a63a3837c9ab50d3303daa2, Số lượng: 0 TRX, Khối: #71008651, Thời gian: 2025-04-03 18:22:21
2025/04/03 18:22:24 Giao dịch TRX: 0x6cd7394b81e0d3c441324fda1666af862e2c3bb0058181dd34c819c90bab7ec1, Từ: 0x1d7ef2c78f0d1f674b411f95d5ace83eba39154a, Đến: 0x9a2b49ed112b0c2e7af3db9becd88827acd2440f, Số lượng: 1 TRX, Khối: #71008651, Thời gian: 2025-04-03 18:22:21
2025/04/03 18:22:24 Giao dịch TRX: 0x3276c47a92271eb4384fb9927c52a2c002bc3dfad30914702fc5ce64bc520441, Từ: 0xb9c14142cc1cb1cac7c874a8680b76ede42a64da, Đến: 0x76352ecc1ef962fc18b2358de6d25a4031bf44a9, Số lượng: 1 TRX, Khối: #71008651, Thời gian: 2025-04-03 18:22:21
2025/04/03 18:22:24 Giao dịch TRX: 0xfc1ebfac94d43d5da96cedfda821fd0bb4050a7813c5a3b49ea09749df575fce, Từ: 0x2dec519e38f897fb145caa29cc1335354ef1ca08, Đến: 0xdaa94e1c402447ab60af145ff2b443f7d781225e, Số lượng: 1 TRX, Khối: #71008651, Thời gian: 2025-04-03 18:22:21
2025/04/03 18:22:24 Giao dịch TRX: 0xec114cc0900f2c4411ed8fc8d0c5f8eb6fd045aaf60812cfafe369d135b08c39, Từ: 0xa5a14d0af0d2082b84551717d32ba1c715c254ba, Đến: 0x7904216049ab87c6f8f20fe2a2fad94ada123022, Số lượng: 1 TRX, Khối: #71008651, Thời gian: 2025-04-03 18:22:21
2025/04/03 18:22:24 Giao dịch TRX: 0x4c0f6e6f83a26703f2de36815ca33dc3c99d3ebd744b732b063ca341e5c640e5, Từ: 0x867524433cabdcb772566f9ccb4dd8085e62621d, Đến: 0xb876b8eee3f9c6f119934e55b061a8b9f80b8d92, Số lượng: 0 TRX, Khối: #71008651, Thời gian: 2025-04-03 18:22:21
2025/04/03 18:22:24 Giao dịch TRX: 0x351489e6142232aff341ab3fa0abf55e83d7776d7b06f08e0f7ed7e6356b2bc2, Từ: 0x39d92df1fe6c38f45ccc0fe14fb3b62a23e664a7, Đến: 0xa101d1af1a0888186758fa206f1059d209281c21, Số lượng: 1 TRX, Khối: #71008651, Thời gian: 2025-04-03 18:22:21
2025/04/03 18:22:24 Giao dịch TRX: 0x9b9c937b89698f34f9ade87c79a322bca8ca6b7b4670fd85819ace9424b26775, Từ: 0x5e794d6a38d0acce4e8f303b9dc8cc304e7b7ba1, Đến: 0x6e1336b6fe01c7bb9f8d330f8037ccacd22a3cd7, Số lượng: 1 TRX, Khối: #71008651, Thời gian: 2025-04-03 18:22:21
2025/04/03 18:22:24 Giao dịch TRX: 0x94cf1f1c7337e2b747e97956665aaf8416c1db5bb981f36ca179eab8a8e929f8, Từ: 0x9ab6b129c295b2c5aad0faaa6ae09964a4cb5160, Đến: 0x3dca0f6bf8d8652f31691dd6dcd9961b6d0b4c68, Số lượng: 4 TRX, Khối: #71008651, Thời gian: 2025-04-03 18:22:21
2025/04/03 18:22:24 Giao dịch TRX: 0xf4a7a87714b35c9512f1f6e711b3e8b86ed7439caec497dd8a801281ac957b03, Từ: 0x4f18b9822b5bcc0b8e2179e8f5625d9b5e481ac8, Đến: 0xa614f803b6fd780986a42c78ec9c7f77e6ded13c, Số lượng: 0 TRX, Khối: #71008651, Thời gian: 2025-04-03 18:22:21
2025/04/03 18:22:24 Giao dịch TRX: 0x0aa568836fd909cfd9215f11bd316c9e87e42c316e3a70c53f006ac40ac5a0a7, Từ: 0xe7ee3ba11a3cf2526c35b75a187208029e817176, Đến: 0xa614f803b6fd780986a42c78ec9c7f77e6ded13c, Số lượng: 0 TRX, Khối: #71008651, Thời gian: 2025-04-03 18:22:21
2025/04/03 18:22:24 Giao dịch TRX: 0x372ee521c58e5bc3be142259d329f7c2c94ecc8069aa17f899cc9b05851a980e, Từ: 0x292888ce8ff5dd9577cd00f475e3592a0b19f5ae, Đến: 0xd4508c3c1aff8c118e115bba5dc7bd5900778f2c, Số lượng: 1 TRX, Khối: #71008651, Thời gian: 2025-04-03 18:22:21
2025/04/03 18:22:24 Giao dịch TRX: 0x113889e5171e72991eaa9130eb60837d8a1d031832c3032222b15720b4a0ecaf, Từ: 0x0bb7816f9b5f988aa23334f3cd7d5f02145d590e, Đến: 0x04354828fe50920fa8118f0acc39ca6109dd546c, Số lượng: 1 TRX, Khối: #71008651, Thời gian: 2025-04-03 18:22:21
2025/04/03 18:22:24 Giao dịch TRX: 0x285b69eba2ab3f92b9810d892d729e908b22a88250c64027abf0381eb0f6a668, Từ: 0x7c7639e22bf7343cd464e3bb39741f365d0f381f, Đến: 0xe70b5c6f449532a6dade8feaffb399e800bfcc5a, Số lượng: 1 TRX, Khối: #71008651, Thời gian: 2025-04-03 18:22:21
2025/04/03 18:22:24 Giao dịch TRX: 0x6feea3bd9fdd6f5e4565f9bdb4a286cdd82143e31ed98cb093d7c0ab2290709c, Từ: 0xd22239cfaf9674577e1f96ee0e18003eaf34d6d1, Đến: 0xa614f803b6fd780986a42c78ec9c7f77e6ded13c, Số lượng: 0 TRX, Khối: #71008651, Thời gian: 2025-04-03 18:22:21
2025/04/03 18:22:24 Giao dịch TRX: 0x37b6cc72a4b7e3b4205e45dbfd74a890ec661e1b1eececb41fbc0d37a55144c4, Từ: 0xf3a1b1d614ccea37c5eaa22802a3726d6a113ab9, Đến: 0xa614f803b6fd780986a42c78ec9c7f77e6ded13c, Số lượng: 0 TRX, Khối: #71008651, Thời gian: 2025-04-03 18:22:21
2025/04/03 18:22:24 Giao dịch TRX: 0xa01ef69e46e91442f70d3ee1c6d16e46ce83970d01246ec0e22efffcf4002b3c, Từ: 0xe79c2f18581097ecf1c37cfddb224f0fa0e4e636, Đến: 0xcede4dd4219991b29da3456f0c104486537fde05, Số lượng: 3 TRX, Khối: #71008651, Thời gian: 2025-04-03 18:22:21
2025/04/03 18:22:24 Giao dịch TRX: 0x00ecfbc0fb899a46b0e71df621a287787a3e19c3d261657375f04f84a0443638, Từ: 0xf50088a1a683c3d367fe8711fde7957c4e132984, Đến: 0xdb43ad7f4a867c118b2c1a730604ee1105ce7159, Số lượng: 2 TRX, Khối: #71008651, Thời gian: 2025-04-03 18:22:21
2025/04/03 18:22:24 Giao dịch TRX: 0x5e22d046e9fe0fdede7e81a3798c1688a3f0d24ec5c2e07f5a8c32a060eee0e7, Từ: 0x3e91faa896351298b030111f75e0929ed8f217a7, Đến: 0x8dcb51cd4717f240d1dca196505bed9911f9f409, Số lượng: 8 TRX, Khối: #71008651, Thời gian: 2025-04-03 18:22:21
2025/04/03 18:22:24 Giao dịch TRX: 0xb34b477232ef10e697a146d65c00fb08047e525c3e732307161c03bb297b9402, Từ: 0x063def5691bd517a467b1c1e266d2df38c7bd323, Đến: 0xd247b09a56c2640bd9d8d207261efc1dd38bc1c0, Số lượng: 3 TRX, Khối: #71008651, Thời gian: 2025-04-03 18:22:21
2025/04/03 18:22:24 Giao dịch TRX: 0xaf51ee2f48a6b1a9b8f2898d73ab4f219a2c8fd63f795298cea386720f15eec3, Từ: 0xab187d7cc802d23333102d7b879049c1298b62fd, Đến: 0x62a1e2fc69b2ebfc73df1485f9e677689bd0b9bd, Số lượng: 6 TRX, Khối: #71008651, Thời gian: 2025-04-03 18:22:21
2025/04/03 18:22:24 Giao dịch TRX: 0x2bf4ed039843fd1f7d0bc49cdc75b5247f8e1a345f3540d98650534ae516cef2, Từ: 0x9829895e26201d1ea82e718cb354b0d543827cfb, Đến: 0x6dd04ba173764838f67b254bde77a0de01ba41a6, Số lượng: 800,000 TRX, Khối: #71008651, Thời gian: 2025-04-03 18:22:21
2025/04/03 18:22:24 Giao dịch TRX: 0x8439877f32c730fe44acf0ff7a2c450238e42ce288c2d3e7e48fb4dafe37baa6, Từ: 0xbe1dc4b4d72b2916f18657b66656a388cbdf470b, Đến: 0xaa94e41805a99afbecb1ca862a278ce7b5a15af3, Số lượng: 3,100,000,000 TRX, Khối: #71008651, Thời gian: 2025-04-03 18:22:21
2025/04/03 18:22:24 Giao dịch TRX: 0x62f5192c55a1a07816d0fa1f77b55e120de72fa540e8f8946526e7a8822dbb50, Từ: 0xe1520886f4b57b2d3e4fde0476ccf6541adf2ecc, Đến: 0xe8a5237e49679993525779fc8b6201f16f34efcf, Số lượng: 99,000,000 TRX, Khối: #71008651, Thời gian: 2025-04-03 18:22:21
2025/04/03 18:22:24 Giao dịch TRX: 0x1e9c118174a5da6d01c41ce674c9a8eb9208faa27d88905ed8009acbd93cf420, Từ: 0xf9aa5a0d964b8778b4ce35fd53fe3197c0c8ae7c, Đến: 0xbb3cd185bf66a25bdb538b694ca1eb14a373c09c, Số lượng: 0 TRX, Khối: #71008651, Thời gian: 2025-04-03 18:22:21
2025/04/03 18:22:24 Giao dịch TRX: 0x518222438baa1c3f6dddde54df312bc9a3502f89e527c185ff2142600dd69ca2, Từ: 0xd3b6cff5a7b08fb899a69db2f1d21fc89260069b, Đến: 0xbce9c069472f94e1359c3dda01043f7d3904f916, Số lượng: 6 TRX, Khối: #71008651, Thời gian: 2025-04-03 18:22:21
2025/04/03 18:22:24 Giao dịch TRX: 0x81902710d847c733df4daffec493a6dbce7ddfe59ca8ba29d2ece9fb54686267, Từ: 0x3b177a0325b697b20c68a1c05fffa371eb3a3ed9, Đến: 0x7d599fb3266e86e1a3ed1eebb558c45a45db3841, Số lượng: 0 TRX, Khối: #71008651, Thời gian: 2025-04-03 18:22:21
2025/04/03 18:22:24 Giao dịch TRX: 0xfd7831e222270d4ce063bfac96f3ba14d6245583da5b9a39bfe322cc7b4ded19, Từ: 0x3b177a0325b697b20c68a1c05fffa371eb3a3ed9, Đến: 0xb408dbb787364103b8cbd76b39a61e2aaadb84bb, Số lượng: 0 TRX, Khối: #71008651, Thời gian: 2025-04-03 18:22:21
2025/04/03 18:22:24 Giao dịch TRX: 0x9519275b7e8e5a5d68f2ed08f67a34afa6de35c2fb0a2229467f3123419f61a5, Từ: 0x6d62fa50452679b687e4b0057274dcddd3d372a0, Đến: 0xa614f803b6fd780986a42c78ec9c7f77e6ded13c, Số lượng: 0 TRX, Khối: #71008651, Thời gian: 2025-04-03 18:22:21
2025/04/03 18:22:24 Giao dịch TRX: 0xc404bac1880a7b74f05a6d59d97cac46d60fdda598caa0b0a18502248c36268d, Từ: 0x8d67a484da2c8842f926a3a6378c80e6e23ae955, Đến: 0xa614f803b6fd780986a42c78ec9c7f77e6ded13c, Số lượng: 0 TRX, Khối: #71008651, Thời gian: 2025-04-03 18:22:21
2025/04/03 18:22:24 Giao dịch TRX: 0x174beb807a23d5c90fd3ffc790a84f17b55a8d25cf49d026e52cd1a9dddb9e97, Từ: 0xfdb3b9a0c9b0e9b4b68c96d2a4b15c979e32e47f, Đến: 0x9f4900906d114e302f91f0afc363b3f79635f856, Số lượng: 1 TRX, Khối: #71008651, Thời gian: 2025-04-03 18:22:21
2025/04/03 18:22:24 Giao dịch TRX: 0xdeb21aa586a67987891334468324598702bdc27097178d426b32bd9667b97785, Từ: 0x1eefca7444412e3a6c4b992e47a7dab212c0b528, Đến: 0xa614f803b6fd780986a42c78ec9c7f77e6ded13c, Số lượng: 0 TRX, Khối: #71008651, Thời gian: 2025-04-03 18:22:21
2025/04/03 18:22:24 Giao dịch TRX: 0x2b291109cceafabff314340e70d5674c2b5fc24315df6611ffb32ba841411bfb, Từ: 0x869fdcac9983b330e2387138d4e50ddd77e3abb2, Đến: 0xc4e17ee44b7542f03f41248b2d37e5a57bf83907, Số lượng: 7,868,400 TRX, Khối: #71008651, Thời gian: 2025-04-03 18:22:21
2025/04/03 18:22:24 Giao dịch TRX: 0x4a6e722ae87c4ad4f0f48a4222e89b53a068ea4d0e5b350b32cf471f8dc96651, Từ: 0x10fd38e216efc8ec99f3bed24335c97e902920e0, Đến: 0x06d93c9ae676360fc1083da8e261ffac53de6217, Số lượng: 2,000,000 TRX, Khối: #71008651, Thời gian: 2025-04-03 18:22:21
2025/04/03 18:22:24 Giao dịch TRX: 0x91f31b56a198b3c13ff7702a0c45161357e42b66e8091403302c0b64004817f8, Từ: 0x83666e0c2f7055824ae55210475e9ead0c128664, Đến: 0xee0d5efc8306104aaad0d4fd1592cf8f5006d84a, Số lượng: 1 TRX, Khối: #71008651, Thời gian: 2025-04-03 18:22:21
2025/04/03 18:22:24 Giao dịch TRX: 0x0c83920110d5c273ca88b05d78a73583f23a7bd4297fa20b2192971138152f0d, Từ: 0x910a38f07f700b2766af43d6193c3930c2231914, Đến: 0xa5db5a2cf2513d1c69834666e9e3631a381a3e63, Số lượng: 1 TRX, Khối: #71008651, Thời gian: 2025-04-03 18:22:21
2025/04/03 18:22:24 Giao dịch TRX: 0x4617aa1b5d49a91e9bea3a3431be398bbba57630442dd26b953410ecdb703cf9, Từ: 0x68caf456166a3d4c65ad509bbcd55e6c06ed093a, Đến: 0x4f0b75911e85f3c33dd6aede53e53b102366d3d7, Số lượng: 1 TRX, Khối: #71008651, Thời gian: 2025-04-03 18:22:21
2025/04/03 18:22:24 Giao dịch TRX: 0xc62848be1eb61d62b186195de23b0cc92c728032a8657da1f880f6cdb5362861, Từ: 0x5ab83ce25e24264f6b7007254f60bad9abf96013, Đến: 0xa614f803b6fd780986a42c78ec9c7f77e6ded13c, Số lượng: 0 TRX, Khối: #71008651, Thời gian: 2025-04-03 18:22:21
2025/04/03 18:22:24 Giao dịch TRX: 0x7c26ee920c930d73289824573685dfb7eca30afb24bcfa120c38f544ce7b5bfe, Từ: 0x36dd5c4cf350b0e76aa2131d9d7aa26b8a46b56d, Đến: 0x8343cda262c04a3a1def392ca77dbab53650e7fc, Số lượng: 1 TRX, Khối: #71008651, Thời gian: 2025-04-03 18:22:21
2025/04/03 18:22:24 Giao dịch TRX: 0xac8e9668f5bb689b16f3fddc4a1cac7ddeb052c7f6e63dfec922a32886fe1ff5, Từ: 0x5cd9a052ff122b29f6d658c752cd18546a9165bf, Đến: 0x5572a99430cd7d13219013e7c1921d70418c29d3, Số lượng: 0 TRX, Khối: #71008651, Thời gian: 2025-04-03 18:22:21
2025/04/03 18:22:24 Giao dịch TRX: 0x3928c52a443ed74232dcc38a6aad23256cb93fb00bc6b896fdf290ef72d5ec30, Từ: 0xb2c28be4a5a1d1028e8c261895d8451910d3674d, Đến: 0x20949da21aa014099accc232697f47d231748a9f, Số lượng: 2 TRX, Khối: #71008651, Thời gian: 2025-04-03 18:22:21
2025/04/03 18:22:24 Giao dịch TRX: 0x6f8c07e42fa29464ec88a8d7b4a7017b1ef80d563e054748305ae5bde47d7d43, Từ: 0xbe82854123f013c7c71ea21d9a5b8552b7080230, Đến: 0xf13f51286003257242c7c7a429a2315072bb5fc1, Số lượng: 5 TRX, Khối: #71008651, Thời gian: 2025-04-03 18:22:21
2025/04/03 18:22:24 Giao dịch TRX: 0x96a284076534a1965865ced3e355a2591915007af40d905c74d700593f77405b, Từ: 0xf43013d91535d86b07c41e03ecaba998d47eda03, Đến: 0x7c5d1bfde16b2b303cc81c928020de6321d31d11, Số lượng: 0 TRX, Khối: #71008651, Thời gian: 2025-04-03 18:22:21
2025/04/03 18:22:24 Giao dịch TRX: 0xc45db8fa88b1e575be3fbcb70aa526cbe787c8b7207d651a6af394bb6a782719, Từ: 0x3b177a0325b697b20c68a1c05fffa371eb3a3ed9, Đến: 0xd924ebd4b15df31e7d8c37e2b8b05898b4740b95, Số lượng: 0 TRX, Khối: #71008651, Thời gian: 2025-04-03 18:22:21
2025/04/03 18:22:24 Giao dịch TRX: 0xd0412c0b75994fb0832d2873eef6278149922f082bf22b006043f78920fabe6c, Từ: 0x3b177a0325b697b20c68a1c05fffa371eb3a3ed9, Đến: 0x7d599fb3266e86e1a3ed1eebb558c45a45db3841, Số lượng: 0 TRX, Khối: #71008651, Thời gian: 2025-04-03 18:22:21
2025/04/03 18:22:24 Giao dịch TRX: 0xe309339bcf0c528fb3d2253814ae72139ce50dceb47b14f4b4d413d3fe15e216, Từ: 0x867524433cabdcb772566f9ccb4dd8085e62621d, Đến: 0x144a1bc103e77cb9fe52205c59b7e3728d17160c, Số lượng: 0 TRX, Khối: #71008651, Thời gian: 2025-04-03 18:22:21
2025/04/03 18:22:24 Giao dịch TRX: 0x4f642e8823ab68b24151c8f5ab407108e214f326c4edc7ec789b8ece606dacd7, Từ: 0x2183d5c65c2e17b55ad0365b6bb21e291dc89a75, Đến: 0xa0ce592cc0ac376c9b42ba025ffc2546393c7f69, Số lượng: 0 TRX, Khối: #71008651, Thời gian: 2025-04-03 18:22:21
2025/04/03 18:22:24 Giao dịch TRX: 0x7a1abae704f10f61124380ccc44f1d02e500e4052af0d4b7820abcbffe0b6bd1, Từ: 0x1eec62581742b915cbc20290eb0aaf0becfca01c, Đến: 0xfb256a72f50ec161d4ad0332c7663ba9d73087d0, Số lượng: 0 TRX, Khối: #71008651, Thời gian: 2025-04-03 18:22:21
2025/04/03 18:22:24 Giao dịch TRX: 0xb981103f1089dc0e8e679523a2effbd799132a50b80265db51190922b73c7b74, Từ: 0xa9f42c14c7364378e5c1e62f3b9c9c6981ec8f84, Đến: 0xa614f803b6fd780986a42c78ec9c7f77e6ded13c, Số lượng: 0 TRX, Khối: #71008651, Thời gian: 2025-04-03 18:22:21
2025/04/03 18:22:24 Giao dịch TRX: 0x133be765b3c4c7fa62d7d10a9924b6d0b411022b3acf7457f52efabffec52396, Từ: 0xce091444b63a410b7bfdfdc68876a84bbd0ec509, Đến: 0xa614f803b6fd780986a42c78ec9c7f77e6ded13c, Số lượng: 0 TRX, Khối: #71008651, Thời gian: 2025-04-03 18:22:21
2025/04/03 18:22:24 Giao dịch TRX: 0x719075160647682d15271e45fca92c2c21ad23f3573e8c63c4f3339d95b525e9, Từ: 0xe6e8ee88c8dde9f8f74f649e5fc1691b128b1139, Đến: 0xa614f803b6fd780986a42c78ec9c7f77e6ded13c, Số lượng: 0 TRX, Khối: #71008651, Thời gian: 2025-04-03 18:22:21
2025/04/03 18:22:24 Giao dịch TRX: 0x64cd1fd74c2c5e5bf2141b25ba10f7c590d1153ba6549f9674a4006912e23012, Từ: 0x0834be38ba8d40629cc83de608d0bde149682385, Đến: 0x6b8ae50e7e4b1298e8efb6f2dace62648e7265d4, Số lượng: 0 TRX, Khối: #71008651, Thời gian: 2025-04-03 18:22:21
2025/04/03 18:22:24 Giao dịch TRX: 0xcd3c4daaa0a422dca07c3b432e4a97bec07e3b4c053cb8b7a6b8e74bc6986e6b, Từ: 0x95a7f78bbf0b31ecec0ae3cad954b3dac2597145, Đến: 0x59d045e172725f01577e3e3e23d5017a7c78e9a8, Số lượng: 2,000,000 TRX, Khối: #71008651, Thời gian: 2025-04-03 18:22:21
2025/04/03 18:22:24 Giao dịch TRX: 0xfaf06a9f11047f48cdad2e9679acb4c56c70ef2755e6e7358220ca1dbedddc21, Từ: 0xceb4821c3c1eb0e1e49a0f70174ce5d177e961a9, Đến: 0x5abaafcb4519057e3f9472cca492dc05d3250b9c, Số lượng: 9 TRX, Khối: #71008651, Thời gian: 2025-04-03 18:22:21
2025/04/03 18:22:24 Giao dịch TRX: 0xa958ad9ad1ac07c4348bdbd65a50eed60c57a2288906a91e7f6924d4ec126a4c, Từ: 0x75c0968634a9c8ac69c96019b160935100cdd9d9, Đến: 0xa6359056f5e390fa1d02f50c183906a38f5a2c76, Số lượng: 9 TRX, Khối: #71008651, Thời gian: 2025-04-03 18:22:21
2025/04/03 18:22:24 Giao dịch TRX: 0x764faa60be85e21f7fe83bef35bd07839f17a281bfa3b1a7b3ffc1f13e56a794, Từ: 0x2b660a38454eba0c2bfc5deda0cb40c2b9d9d90f, Đến: 0x2d268ee7cb9ff333540e8eb2d8f6cd2befd38680, Số lượng: 2 TRX, Khối: #71008651, Thời gian: 2025-04-03 18:22:21
2025/04/03 18:22:24 Giao dịch TRX: 0x8ee2721f20d4080a31b1235fa72bef81eb4c260daa8cb65b480ab8f422c28de0, Từ: 0xe88c9b1056d924cb99f62e091aa67f8911b15f7e, Đến: 0xa614f803b6fd780986a42c78ec9c7f77e6ded13c, Số lượng: 0 TRX, Khối: #71008651, Thời gian: 2025-04-03 18:22:21
2025/04/03 18:22:24 Giao dịch TRX: 0xd053bf0a61c96ba945aa06eff57590479d23e0396ce8fd0a95c8d9caa25228e6, Từ: 0xfcee29fdd6bd0b2ab0e64ff1f815dccd41cc2623, Đến: 0x9ab19b08b1a9e2152859e342693366e5153a4c0d, Số lượng: 359,365,477 TRX, Khối: #71008651, Thời gian: 2025-04-03 18:22:21
2025/04/03 18:22:24 Giao dịch TRX: 0x842d80024e40c665ac31a7407610bccc5f2cdad5e55eac2aa6fdd0003b21a961, Từ: 0x388d47d49d3c55baf9fdcfcac805501c08efe85b, Đến: 0x9557bb917307e730b7b00fb3c421ef3edbcdce4d, Số lượng: 1,000,000 TRX, Khối: #71008651, Thời gian: 2025-04-03 18:22:21
2025/04/03 18:22:24 Giao dịch TRX: 0xd2a1ab11f1246913147185164b5a8de14ca19c068718c6a75f1334787c73e047, Từ: 0x350d53d055d409ee0fdf476ccaf758b174bec7e6, Đến: 0xa614f803b6fd780986a42c78ec9c7f77e6ded13c, Số lượng: 0 TRX, Khối: #71008651, Thời gian: 2025-04-03 18:22:21
2025/04/03 18:22:24 Giao dịch TRX: 0x1350e48c85d4abb7a5719a7e86fa9d98ca6443d286883e5e91c6d9d2f70a215a, Từ: 0x7b098c2aa7e61e5edd6d0b045cce2bdc0a7a6544, Đến: 0xa614f803b6fd780986a42c78ec9c7f77e6ded13c, Số lượng: 0 TRX, Khối: #71008651, Thời gian: 2025-04-03 18:22:21
2025/04/03 18:22:24 Giao dịch TRX: 0x26f13f6c59095d48815dd000994329d916b7a84cdb15b223a33264201f6f9404, Từ: 0xf0fad9b9d90980d98010b2859b0cf8a00f0af168, Đến: 0xa614f803b6fd780986a42c78ec9c7f77e6ded13c, Số lượng: 0 TRX, Khối: #71008651, Thời gian: 2025-04-03 18:22:21
2025/04/03 18:22:24 Giao dịch TRX: 0xc3f29739f6900c0047cfc70eb9c0ff1c3dff0f1a60fc839ff71cbfce6b7b0410, Từ: 0x9904066c2db6e608656860f42e095fd7ffc79e6f, Đến: 0xa614f803b6fd780986a42c78ec9c7f77e6ded13c, Số lượng: 0 TRX, Khối: #71008651, Thời gian: 2025-04-03 18:22:21
2025/04/03 18:22:24 Giao dịch TRX: 0xd2af13c11639f05f0ce2b28524e28fb884fa1ba4377d74d189052000b41c613e, Từ: 0xbbb51a2c4ff747a16e7f0c094119e67d216e03bd, Đến: 0x74c2c451ebf97eab318ba5518f57acc25a8b312a, Số lượng: 0 TRX, Khối: #71008651, Thời gian: 2025-04-03 18:22:21
2025/04/03 18:22:24 Giao dịch TRX: 0x467c3b36c688883b30c620e701db231ee1df7ce244ecbc716eea9f87dc7a98f6, Từ: 0xd4070e4f53bcbbbac03c801fc72b5eba073c552c, Đến: 0xa614f803b6fd780986a42c78ec9c7f77e6ded13c, Số lượng: 0 TRX, Khối: #71008651, Thời gian: 2025-04-03 18:22:21
2025/04/03 18:22:24 Giao dịch TRX: 0xe4a6e4c2b868e458bf31bb9aaa3e0cd89f2a5e3c393fce31cc01f2b7e29f0af7, Từ: 0x867524433cabdcb772566f9ccb4dd8085e62621d, Đến: 0x3086c676f02a45cc950f645aee7cefd5b864265c, Số lượng: 0 TRX, Khối: #71008651, Thời gian: 2025-04-03 18:22:21
2025/04/03 18:22:24 Giao dịch TRX: 0x6689912721b0e01df1fd285a919eb449a184053dc97f903c5a0e295c760b5351, Từ: 0x5376e07bca8a076e9abfb6cce405dbab22ed5d94, Đến: 0x95696f4d8480701a095a51e4926549d53355536e, Số lượng: 9 TRX, Khối: #71008651, Thời gian: 2025-04-03 18:22:21
2025/04/03 18:22:24 Giao dịch TRX: 0x68631901f33808a050a37cf86eacfb1fcc4fb03eaa175cf53e34737202b91efd, Từ: 0x7b098c2aa7e61e5edd6d0b045cce2bdc0a7a6544, Đến: 0x8e0eb98549cb09cbdcc792b98ea5b4ea81bf43cb, Số lượng: 0 TRX, Khối: #71008651, Thời gian: 2025-04-03 18:22:21
2025/04/03 18:22:24 Giao dịch TRX: 0x7bf9adbdce3946093b0d1bc5ba178134b00d32a19cc02015e287d2c510983db1, Từ: 0x97686d4aff0512dcae468dad9797ea584e8bbb4a, Đến: 0x4a9e5ead2120ebe348f76640258e3f60ab9b77f0, Số lượng: 32,337,788 TRX, Khối: #71008651, Thời gian: 2025-04-03 18:22:21
2025/04/03 18:22:24 Giao dịch TRX: 0x8ab29d2020f831e4e11110b3ac9e1172f9dbfc402e649484ae664c330cc7d941, Từ: 0x7b098c2aa7e61e5edd6d0b045cce2bdc0a7a6544, Đến: 0x2f723939102a995733f075e67f8a5772bdb1c45b, Số lượng: 0 TRX, Khối: #71008651, Thời gian: 2025-04-03 18:22:21
2025/04/03 18:22:24 Giao dịch TRX: 0x7fdbc2778cff6581b44593658a15afded4a006356851ac0021cc87156c4885f0, Từ: 0x7b098c2aa7e61e5edd6d0b045cce2bdc0a7a6544, Đến: 0x923d707a8e33937971d7b9b0def03020c423a5ff, Số lượng: 0 TRX, Khối: #71008651, Thời gian: 2025-04-03 18:22:21
2025/04/03 18:22:24 Giao dịch TRX: 0x9fcfc0f043c698d7914e2942ac0bcda43491bf9b24afbd901e4ae86863cf93b9, Từ: 0x2c9883471f1f04842e7f6eecc76fcfd6f2435adf, Đến: 0x869fdcac9983b330e2387138d4e50ddd77e3abb2, Số lượng: 0 TRX, Khối: #71008651, Thời gian: 2025-04-03 18:22:21
2025/04/03 18:22:24 Giao dịch TRX: 0xbe211a1539a83fd25f5fed14ee2a3202b2530f415e7aaf6075ff49344c005084, Từ: 0xaa4a037e015240d07bafceb25b73c0099a32f8ec, Đến: 0xa614f803b6fd780986a42c78ec9c7f77e6ded13c, Số lượng: 0 TRX, Khối: #71008651, Thời gian: 2025-04-03 18:22:21
2025/04/03 18:22:24 Giao dịch TRX: 0x29263c3877428a0636611b7dcfa73789f636d430d741bd136a7e1117cc75f00f, Từ: 0x3bc4533eb50b9cb6b1cf91a7e303895a80e9f5e2, Đến: 0xb2f795d9af58a17608731e242380b340adc868ac, Số lượng: 0 TRX, Khối: #71008651, Thời gian: 2025-04-03 18:22:21
2025/04/03 18:22:24 Giao dịch TRX: 0xb7b1e2e3f8c553e9b24cbec1d49744ad9ec3cee791af8f1b35af50019db3f8e6, Từ: 0x22781fd63dc5b27de50094b3e240be9962a14bb3, Đến: 0xefa7999143a5258ac7481bd7f1bd649b64ce4483, Số lượng: 0 TRX, Khối: #71008651, Thời gian: 2025-04-03 18:22:21
2025/04/03 18:22:24 Giao dịch TRX: 0xc90f7433ca3fb05081ced0da11efdb12b9a56fb3153bdf1ef4fdb0fd066d17e6, Từ: 0x85e9648f69350bf1c5702f60551fac245b19e863, Đến: 0x9ac473782ab1a247d1d5773387bd048a78ec74ae, Số lượng: 0 TRX, Khối: #71008651, Thời gian: 2025-04-03 18:22:21
2025/04/03 18:22:24 Giao dịch TRX: 0x0201e645aca3fc3130c24717ea1d269ddabb1bca7155139b5f1ac37216389588, Từ: 0xe5a6981ca9841816b5378f352c7ee7c6a881346e, Đến: 0x841f7be9bafe97475b4a6efd8d634cb1d7033252, Số lượng: 0 TRX, Khối: #71008651, Thời gian: 2025-04-03 18:22:21
2025/04/03 18:22:24 Giao dịch TRX: 0xbd206051b55ca90229149cc59178fbe66ddbcb659724c76866cbf1f151d4325b, Từ: 0x4316b5c3f99fd4818918abced9d7df3d31396ae3, Đến: 0x70b1395211e5e1b4beefb3b3c61eb0e106f879ba, Số lượng: 0 TRX, Khối: #71008651, Thời gian: 2025-04-03 18:22:21
2025/04/03 18:22:24 Giao dịch TRX: 0xdbe3a778ebb285322ec18109936baadb8db9a708e49e467b9c88111d3e15b744, Từ: 0x66540d3c949735efb015e10d54a02dd87428ca11, Đến: 0xa614f803b6fd780986a42c78ec9c7f77e6ded13c, Số lượng: 0 TRX, Khối: #71008651, Thời gian: 2025-04-03 18:22:21
2025/04/03 18:22:24 Giao dịch TRX: 0x06b11fcd75ab1c7a2db42a26261d5e046de00447d01a252812074780f6cb56e2, Từ: 0xe028f607921482056c182dff80d62dc5c1f92c6d, Đến: 0xa614f803b6fd780986a42c78ec9c7f77e6ded13c, Số lượng: 0 TRX, Khối: #71008651, Thời gian: 2025-04-03 18:22:21
2025/04/03 18:22:24 Giao dịch TRX: 0x9ce774b1ff4d07f986b8a304dca0dc23a4b8b12b355d1e000568860d965e4ab0, Từ: 0x47e51db316e08147ae92ce2f0890fce56ba57735, Đến: 0xa614f803b6fd780986a42c78ec9c7f77e6ded13c, Số lượng: 0 TRX, Khối: #71008651, Thời gian: 2025-04-03 18:22:21
2025/04/03 18:22:24 Giao dịch TRX: 0x400cac6b19aab03c562761176bd0352f4096e3368891ac7e831d42f231d908a9, Từ: 0x83803234d7fe131aa307679d7fc242b85210e59a, Đến: 0x73a3c460bfc0d74e060d823a72f1a4d6a7c07738, Số lượng: 1 TRX, Khối: #71008651, Thời gian: 2025-04-03 18:22:21
2025/04/03 18:22:24 Giao dịch TRX: 0x812d94908297c31aab86a713794b99bef0671819db7a31269a5fad2e132cc842, Từ: 0x91cdb9b333898f73245cbb9a1a9efd961867bb5b, Đến: 0xa614f803b6fd780986a42c78ec9c7f77e6ded13c, Số lượng: 0 TRX, Khối: #71008651, Thời gian: 2025-04-03 18:22:21
2025/04/03 18:22:24 Giao dịch TRX: 0x318aae61a21b68770f89f76270403f6e2303c27f779bd44e0ce97290be065a28, Từ: 0xd5d12c8ff6d9478345b0eba79cab25b34fd91ea2, Đến: 0xa614f803b6fd780986a42c78ec9c7f77e6ded13c, Số lượng: 0 TRX, Khối: #71008651, Thời gian: 2025-04-03 18:22:21
2025/04/03 18:22:24 Giao dịch TRX: 0xeb2d0a6c4db5b267fc3a150446c670bc5662573caa2a97f532678418f31f66d3, Từ: 0x69137615e1a32def60f880204ae7c3d94454719c, Đến: 0xa614f803b6fd780986a42c78ec9c7f77e6ded13c, Số lượng: 0 TRX, Khối: #71008651, Thời gian: 2025-04-03 18:22:21
2025/04/03 18:22:24 Giao dịch TRX: 0xcbbc2da5a1e583234d731a933b59375d58bdc1449af26d053c5f044a0f96de5b, Từ: 0x9427bf08c08a66f8903752395d7039ffd6a038cc, Đến: 0xa614f803b6fd780986a42c78ec9c7f77e6ded13c, Số lượng: 0 TRX, Khối: #71008651, Thời gian: 2025-04-03 18:22:21
2025/04/03 18:22:24 Giao dịch TRX: 0xa5b35630e41c6353358c16b1c17e576bff17bc9afb685c4ddd28da1e1a94b740, Từ: 0x1f7660766be036136c2a504a0462a646949a4d00, Đến: 0x4536453137f4f2a3bdc7ee64c578cd65518abcb3, Số lượng: 0 TRX, Khối: #71008651, Thời gian: 2025-04-03 18:22:21
2025/04/03 18:22:24 Giao dịch TRX: 0x34fb8bb4674dde6ca660b6ffee129c4be15e6487cd2af78d8e5253e8cf090696, Từ: 0x2f8dad37ae958fe97f24c404341edf08c9b7b5c3, Đến: 0x33b01ff882cab3e0dd7ea600f09c2726e4529813, Số lượng: 0 TRX, Khối: #71008651, Thời gian: 2025-04-03 18:22:21
2025/04/03 18:22:24 Giao dịch TRX: 0xfc4fe12bedff16391e172824e07f4b12509f1667dc91a48c21420a2f8c20f4d9, Từ: 0x799a5d9c7196a0871fe6771baa6994948c8f0cb8, Đến: 0xff4f02bc78837e1ddfe8689027500cbcda610930, Số lượng: 0 TRX, Khối: #71008651, Thời gian: 2025-04-03 18:22:21
2025/04/03 18:22:24 Giao dịch TRX: 0xfb49127df12779f646260434d7adac043bb83497521733c448774ee9420eedd1, Từ: 0x4b4f46fff58fa228b27002ffb23f73ca98f66d05, Đến: 0xa614f803b6fd780986a42c78ec9c7f77e6ded13c, Số lượng: 0 TRX, Khối: #71008651, Thời gian: 2025-04-03 18:22:21
2025/04/03 18:22:24 Giao dịch TRX: 0x1d068413186bb734b732ffe6be89e68a5c7b3ff46f84e0241498451a46ce66bc, Từ: 0x4316b5c3f99fd4818918abced9d7df3d31396ae3, Đến: 0x5df940e7ba058cbdc2ac2129b75cb2e8d81ca5e3, Số lượng: 0 TRX, Khối: #71008651, Thời gian: 2025-04-03 18:22:21
2025/04/03 18:22:24 Giao dịch TRX: 0xd81b1a414c1d5709e9458ed4fb5ea3a82c3e5d9192c707de02d006dd571909f7, Từ: 0x1351ce47d7225f639f6b17ac6bbab4d1d1621966, Đến: 0xa614f803b6fd780986a42c78ec9c7f77e6ded13c, Số lượng: 0 TRX, Khối: #71008651, Thời gian: 2025-04-03 18:22:21
2025/04/03 18:22:24 Giao dịch TRX: 0xaaae56dcbbeff8e14f9dd0b2fea0d5dc298c76b14f27205d1b279faf0343f8c7, Từ: 0x5c4f68f57fd9ad41d2dea0a7687ca12a0e5f0fd6, Đến: 0xa614f803b6fd780986a42c78ec9c7f77e6ded13c, Số lượng: 0 TRX, Khối: #71008651, Thời gian: 2025-04-03 18:22:21
2025/04/03 18:22:24 Giao dịch TRX: 0xdc5dd2c47b24aea2f5b94c5d230c1cd6d6b6190c0451c78f8adff3bea8e968d8, Từ: 0x10ddb381f05b92a15c51166803bf5e61bcc2f399, Đến: 0xa614f803b6fd780986a42c78ec9c7f77e6ded13c, Số lượng: 0 TRX, Khối: #71008651, Thời gian: 2025-04-03 18:22:21
2025/04/03 18:22:24 Giao dịch TRX: 0xc61a8edd312beff10703395d31ea12bd5aef2dd559b078140fe74d675a95fef7, Từ: 0x30760c7e10b1d3509d8d64a7e9eb9ab94bc83495, Đến: 0xa614f803b6fd780986a42c78ec9c7f77e6ded13c, Số lượng: 0 TRX, Khối: #71008651, Thời gian: 2025-04-03 18:22:21
2025/04/03 18:22:24 Giao dịch TRX: 0x72024c3038021d5429807b44c2a37062cc076a950092bf1a12a411df61b1f78a, Từ: 0x7b098c2aa7e61e5edd6d0b045cce2bdc0a7a6544, Đến: 0xe744ad946b137bc738827b1d5327ccd0aed05dec, Số lượng: 0 TRX, Khối: #71008651, Thời gian: 2025-04-03 18:22:21
2025/04/03 18:22:24 Giao dịch TRX: 0x80ec748fec6818d95401a0c6bb355be41487abb963a33b07cc89947adaa361e5, Từ: 0x01586c1a8205210fdc209aaf339a762a0395ea2a, Đến: 0x85ff432d87c3fe9397dc3aef93d882d0d82757fc, Số lượng: 0 TRX, Khối: #71008651, Thời gian: 2025-04-03 18:22:21
2025/04/03 18:22:24 Giao dịch TRX: 0xaa5f5a5609a184ee2272275f8e23637b51a6dd724176f9e6fc1c41a66a8fafa0, Từ: 0x4ee751f22bf6024d18c568118def81295dda792e, Đến: 0xa4bd2a30c348c8a2e84fa42287b5f2bdfc890c40, Số lượng: 1,266,268 TRX, Khối: #71008651, Thời gian: 2025-04-03 18:22:21
2025/04/03 18:22:24 Giao dịch TRX: 0xbac864ec62e34e9570334ac72f100550695d81aa9da64dbc0b58b7acb87d0605, Từ: 0x219e196404401ec6ef11fee7092d8b7e1de73e50, Đến: 0xa614f803b6fd780986a42c78ec9c7f77e6ded13c, Số lượng: 0 TRX, Khối: #71008651, Thời gian: 2025-04-03 18:22:21
2025/04/03 18:22:24 Giao dịch TRX: 0x6aeda64d935d04a69dc069c0e9792d758c5df880c1cae0bb271f96815d96dde4, Từ: 0xf2264b7585409e8d7f815563cfa7b99e41fb4118, Đến: 0x7f8647a002786ae1b413ff4fc20334fd23678174, Số lượng: 1 TRX, Khối: #71008651, Thời gian: 2025-04-03 18:22:21
2025/04/03 18:22:24 Giao dịch TRX: 0x066f227889cecdf66974a4f97a058acbd81eb98551bf50739eefd1304fe9790f, Từ: 0xa3ee339ec0b210d1813a1262d1b783f27c90f503, Đến: 0x70ccd6140d2f3b506ff4839579483a36e02ff664, Số lượng: 0 TRX, Khối: #71008651, Thời gian: 2025-04-03 18:22:21
2025/04/03 18:22:24 Giao dịch TRX: 0x8a490de4af0521b81dbd86c44da3e25cc8d84d484573157f063e4be36e369bfa, Từ: 0x80a216831ac4582d5ec263e1fc8fc533e045c607, Đến: 0x14993ceb0f3ac8cb6b2fb50a5b98f5dac4f3abd4, Số lượng: 2,500,000 TRX, Khối: #71008651, Thời gian: 2025-04-03 18:22:21
2025/04/03 18:22:24 Giao dịch TRX: 0x3d3d2ba6ed275727ea1488f5990f74b6ae935996c9080dd46a5187703d23a1bc, Từ: 0x6f248aa1032deeedf9a0132f6788a3852af258c4, Đến: 0x761bf103337c5bc551549631776f6ab63a34cc8a, Số lượng: 32,337,788 TRX, Khối: #71008651, Thời gian: 2025-04-03 18:22:21
2025/04/03 18:22:24 Giao dịch TRX: 0x261f50d27ffe485bfc08a8e5f1d071d710970ec194158e0abdfb2b68554d04c1, Từ: 0x58325f4817f0f5a0a93ecd958cba00da67f9ff3a, Đến: 0xcd6860ca2c375cc7edc4ea48e657559a78373426, Số lượng: 2,550,000 TRX, Khối: #71008651, Thời gian: 2025-04-03 18:22:21
2025/04/03 18:22:24 Giao dịch TRX: 0xd158276b694f20b4e4a1058cfc856d2f3b749f70d251bfa13e4e1511fc7192b0, Từ: 0x362dcf5873702360aa131ddb906795535775a7bf, Đến: 0xbf494d4830ed3f2880c3a57a0269000a88dc7744, Số lượng: 0 TRX, Khối: #71008651, Thời gian: 2025-04-03 18:22:21
2025/04/03 18:22:24 Giao dịch TRX: 0xafda40a069757a61feca5b54d5f115e95a347ed610881ef2f4e6b0676835089f, Từ: 0x277fc097d5f8c8bf073c5e8a6471d46e0d004825, Đến: 0x1cdc23cef2b5e095839ea354191de234fb111fc5, Số lượng: 1 TRX, Khối: #71008651, Thời gian: 2025-04-03 18:22:21
2025/04/03 18:22:24 Giao dịch TRX: 0x266520b89d9883306f93a2d6800bd46bb39dc6587bd8dbc891e8cb0f80b92949, Từ: 0x1b6e66d2109125877a83284993f743f2536b71ec, Đến: 0xa614f803b6fd780986a42c78ec9c7f77e6ded13c, Số lượng: 0 TRX, Khối: #71008651, Thời gian: 2025-04-03 18:22:21
2025/04/03 18:22:24 Giao dịch TRX: 0x7e07d5bdeca64a1d7656392dc76deebc91ecde6d251d0c6e097c684e56674719, Từ: 0x5e09ca3b87b631e9f29d706602d48bbf01819aaa, Đến: 0xa614f803b6fd780986a42c78ec9c7f77e6ded13c, Số lượng: 0 TRX, Khối: #71008651, Thời gian: 2025-04-03 18:22:21
2025/04/03 18:22:24 Giao dịch TRX: 0x29a9ea52ddf20743e7a16d7fabb512d76df7bfe3228a490d07d3fcecfef12a68, Từ: 0x87f09a5d3af262a782a26607aab8f7f7aad74519, Đến: 0xa614f803b6fd780986a42c78ec9c7f77e6ded13c, Số lượng: 0 TRX, Khối: #71008651, Thời gian: 2025-04-03 18:22:21
2025/04/03 18:22:24 Giao dịch TRX: 0x080d5128d00d01478ec8f340569c9eecf0a050e988907fe124286136e29208bc, Từ: 0x938a1719ea91ea23f3bf06db3e25e0884a1511d1, Đến: 0xa614f803b6fd780986a42c78ec9c7f77e6ded13c, Số lượng: 0 TRX, Khối: #71008651, Thời gian: 2025-04-03 18:22:21
2025/04/03 18:22:24 Giao dịch TRX: 0x639152454c7fe7c467782f399ab465145cecde3fe239eecfcc0b8ec0b68c5cbf, Từ: 0x9b997af9070bf0c52a1a1dd777a900c860ba3c94, Đến: 0x611af694198b30598a84f5b47a2728dafaa7f73c, Số lượng: 1 TRX, Khối: #71008651, Thời gian: 2025-04-03 18:22:21
2025/04/03 18:22:24 Giao dịch TRX: 0xa5d32f28562471a54a07c53858b094bfdd830863c272725260d6583b12c8fb9d, Từ: 0xb86c21f7911350fdbc5323f48bfbad2d7677c6fa, Đến: 0x62a132f3b79b2e70a050f7101a9207529935f5f3, Số lượng: 1 TRX, Khối: #71008651, Thời gian: 2025-04-03 18:22:21
2025/04/03 18:22:24 Giao dịch TRX: 0xa68b90ecacc87c2aad97ebe67b6c585c9ff59f6e6147959673a31b6bb750b068, Từ: 0x307c0bc95f4b83b5ae4fe5f6bb3c84f9c5ea7569, Đến: 0xa614f803b6fd780986a42c78ec9c7f77e6ded13c, Số lượng: 0 TRX, Khối: #71008651, Thời gian: 2025-04-03 18:22:21
2025/04/03 18:22:24 Giao dịch TRX: 0x66d0a013621a767510999aeee4d0d9c51629cd29952f245ed6c1b5038e895b2e, Từ: 0x5b0c3ada63243b58408bc4c58e7e6659d8f326cd, Đến: 0x58a07b35647f35c6a6e833ecc7f62bd2437a04a1, Số lượng: 0 TRX, Khối: #71008651, Thời gian: 2025-04-03 18:22:21
2025/04/03 18:22:24 Giao dịch TRX: 0x1a7d95adc7998af571f5034c4f60d24ab286820d8b985d108870ae5b03898292, Từ: 0x03cf1a16aec252e7366cb1f25d5c9111a28f349f, Đến: 0x784f95b6a3396e60518814aa3669095e62888223, Số lượng: 1 TRX, Khối: #71008651, Thời gian: 2025-04-03 18:22:21
2025/04/03 18:22:24 Giao dịch TRX: 0x46eaa8ab8d256ebaa0b4e7eec3cb471d7a69960f64085a57c8ee0c81004fb1cb, Từ: 0x220db19ef314f9535a225a61a973060c4a659f8f, Đến: 0x5b18e93706a5ae77488779153dd5187e93402290, Số lượng: 3 TRX, Khối: #71008651, Thời gian: 2025-04-03 18:22:21
2025/04/03 18:22:24 Giao dịch TRX: 0x8e50f8ff4e83eb1df9a627e661c9b662972ad5df5172653258fc36b440433d1f, Từ: 0x7b098c2aa7e61e5edd6d0b045cce2bdc0a7a6544, Đến: 0x5083bd1e1ec9092daa9cde182c52a93678adab62, Số lượng: 0 TRX, Khối: #71008651, Thời gian: 2025-04-03 18:22:21
2025/04/03 18:22:24 Giao dịch TRX: 0x534b89f22ab1fe455e02b0e214f5fa40e737841fad8f832981e7f0f131e79347, Từ: 0x7b098c2aa7e61e5edd6d0b045cce2bdc0a7a6544, Đến: 0xab18b632564b95ae31c96669147de9c0630b7975, Số lượng: 0 TRX, Khối: #71008651, Thời gian: 2025-04-03 18:22:21
2025/04/03 18:22:24 Giao dịch TRX: 0x9581609812b5961a60b89ffbea5bbc7ccc325ce309fbecae97d1fcdd2e7dcda1, Từ: 0x550a0e0a5438da62823b8a3d79638be145fe0110, Đến: 0xf70a0ab36e5d16d90da9b2d5022d236bf4a39d85, Số lượng: 0 TRX, Khối: #71008651, Thời gian: 2025-04-03 18:22:21
2025/04/03 18:22:24 Giao dịch TRX: 0x6d1c1385b9e088265e62cc9fb9071d9d64b68cf7171a30f4a9476db4c88c664a, Từ: 0x7b098c2aa7e61e5edd6d0b045cce2bdc0a7a6544, Đến: 0x5d791095e368bbd1eba5bb44d0e7f5538e82246c, Số lượng: 0 TRX, Khối: #71008651, Thời gian: 2025-04-03 18:22:21
2025/04/03 18:22:24 Giao dịch TRX: 0xe38c512ebb078b624adbcf1bb7b9c77571a50d71645bde88998e09d4472de3d2, Từ: 0xb6fbfb214c7a6b0376395c3e9715283fe6eb6e8f, Đến: 0x0a8e1c68b2b101cbaa37f3bbe3741b9063b64579, Số lượng: 0 TRX, Khối: #71008651, Thời gian: 2025-04-03 18:22:21
2025/04/03 18:22:24 Giao dịch TRX: 0x073a6ba31cf6a4f14d2f0b9be4e339a059faffb0b746a55f76f60fae415ed3c6, Từ: 0x7b098c2aa7e61e5edd6d0b045cce2bdc0a7a6544, Đến: 0xa9cc82b01bf8a9449a1b7e1f868cce214fc7c73c, Số lượng: 0 TRX, Khối: #71008651, Thời gian: 2025-04-03 18:22:21
2025/04/03 18:22:24 Giao dịch TRX: 0x2022fa7d198720d719dbf7aeacd9e6f8ababcde3bfa8084e0ad39daee51bfe7a, Từ: 0x16798fb00d07871e344102326b046d92cbf153b0, Đến: 0xa614f803b6fd780986a42c78ec9c7f77e6ded13c, Số lượng: 0 TRX, Khối: #71008651, Thời gian: 2025-04-03 18:22:21
2025/04/03 18:22:24 Giao dịch TRX: 0xed77e6452ae2eb08eccf177ddba4e8f63ba7e8728330364ac58de3f36cbf31ba, Từ: 0x09f885c391ea141a2f78fa1833795819ded171f5, Đến: 0xa614f803b6fd780986a42c78ec9c7f77e6ded13c, Số lượng: 0 TRX, Khối: #71008651, Thời gian: 2025-04-03 18:22:21
2025/04/03 18:22:24 Giao dịch TRX: 0xcebe36e602e8612fc91d7a4eaaf34e7f44905a0dc1c32cffcab6daa12454469e, Từ: 0x7ebedcb44ed2ee9421e7a7834878859aa977a606, Đến: 0xa614f803b6fd780986a42c78ec9c7f77e6ded13c, Số lượng: 0 TRX, Khối: #71008651, Thời gian: 2025-04-03 18:22:21
2025/04/03 18:22:24 Giao dịch TRX: 0x325a535d013e40ceae1ecf3d7f4c4103498eda6b00525324fc17b87139063357, Từ: 0x0d7743bbf4177626c0602854413f477216bd34a8, Đến: 0xa614f803b6fd780986a42c78ec9c7f77e6ded13c, Số lượng: 0 TRX, Khối: #71008651, Thời gian: 2025-04-03 18:22:21
2025/04/03 18:22:24 Giao dịch TRX: 0x28d4565770500850a509f93f539e6b564a15ea2ead91ab858d48caae372f6dc7, Từ: 0x7b098c2aa7e61e5edd6d0b045cce2bdc0a7a6544, Đến: 0xa614f803b6fd780986a42c78ec9c7f77e6ded13c, Số lượng: 0 TRX, Khối: #71008651, Thời gian: 2025-04-03 18:22:21
2025/04/03 18:22:24 Giao dịch TRX: 0xbd50f89889450b285a995317ca415de654d2dafc027f8cc9765b1e0bbf9e6640, Từ: 0xe3bcd481dd0c1918143022f7382df23b628f453a, Đến: 0x785842977d8fd3f3ccfa74dddb28ec478e83775e, Số lượng: 3 TRX, Khối: #71008651, Thời gian: 2025-04-03 18:22:21
2025/04/03 18:22:24 Giao dịch TRX: 0x4d1d4b0232e19337487400ef3cf089a456d8b564c18c29f3ad20dcb2b461b02a, Từ: 0x4fabbc55ccc040a240c7578fa7c678327f4fb7c6, Đến: 0xad70a8fcf1e8e0913e915fef478c90af002b0e6f, Số lượng: 3 TRX, Khối: #71008651, Thời gian: 2025-04-03 18:22:21
2025/04/03 18:22:24 Giao dịch TRX: 0xa8ed2264f633dd8d1a49d7f0d84b508f92734fd6d867cfc7e6e3f38bb12d6f8c, Từ: 0x56182669a3ca5ae0f344dfd7da496e9dbdc17e38, Đến: 0x23a4bc9e9992cdf5e5ab7c00a923574517d81c08, Số lượng: 0 TRX, Khối: #71008651, Thời gian: 2025-04-03 18:22:21
2025/04/03 18:22:24 Giao dịch TRX: 0xefacf038e3f1334ef2fa2e9a7fa64ead6478f6c05d5cbc15f9e0d92b96026d1b, Từ: 0x955029f5da47b0e6482d98c754ce64f65c23abb1, Đến: 0xb8d5c525b099381952fa72cff2af7700b1aeb5f8, Số lượng: 3 TRX, Khối: #71008651, Thời gian: 2025-04-03 18:22:21
2025/04/03 18:22:24 Giao dịch TRX: 0x5b4d6619d145a171e6b2c5cbe091aa1ac3bfb41350d64b8c4507b381f30dc98b, Từ: 0x0be96bda01e174bcd822b33ceb789cea15d2c54e, Đến: 0x24ef1bd3bcddda3f2a8a60b09cf95bdf4550ae78, Số lượng: 2 TRX, Khối: #71008651, Thời gian: 2025-04-03 18:22:21
2025/04/03 18:22:24 Giao dịch TRX: 0x806290b02deb1f2264924955d4bfa59bec986d9d822ec5c97e8344e2299810fc, Từ: 0x8c7d8e9788a44d2668fc2fbd061c8b941bdb6c84, Đến: 0xd649df9db0c591cd1820d0afbcc62a07519c9c69, Số lượng: 1,000,000 TRX, Khối: #71008651, Thời gian: 2025-04-03 18:22:21
2025/04/03 18:22:24 Giao dịch TRX: 0x653cb4919f8201e9ebbfbbbda6c39f9343879d6dc1014e0eddf8f2e097502b57, Từ: 0x7b098c2aa7e61e5edd6d0b045cce2bdc0a7a6544, Đến: 0xa614f803b6fd780986a42c78ec9c7f77e6ded13c, Số lượng: 0 TRX, Khối: #71008651, Thời gian: 2025-04-03 18:22:21
2025/04/03 18:22:24 Giao dịch TRX: 0x2969ae791b73ae478cc51cff82e70320d525b875239ed82b00a95ea9ff603b40, Từ: 0x7b098c2aa7e61e5edd6d0b045cce2bdc0a7a6544, Đến: 0xbf427c8ba29d07e7d3bd6746375b5cfff16982c4, Số lượng: 0 TRX, Khối: #71008651, Thời gian: 2025-04-03 18:22:21
2025/04/03 18:22:24 Giao dịch TRX: 0x08951402bb8a69d311b964a84a96d9e10c05f2932874b83151bd7ac7f7a173c1, Từ: 0xcb9170a48cbe36606d86ee94e795f315a5dabf95, Đến: 0xa614f803b6fd780986a42c78ec9c7f77e6ded13c, Số lượng: 0 TRX, Khối: #71008651, Thời gian: 2025-04-03 18:22:21
2025/04/03 18:22:24 Giao dịch TRX: 0xdd44e5e2b1eb17b56002290e266115b9970a104ebea42977489de1de97372fdd, Từ: 0xb957324d0b580322ed505f54e970d0a91f8f91a3, Đến: 0xcf014239a097b3e978ea279f75dad42231b6ad28, Số lượng: 21,450,000 TRX, Khối: #71008651, Thời gian: 2025-04-03 18:22:21
2025/04/03 18:22:24 Đã xử lý xong khối Tron #71008651
