2025/04/03 09:35:46 Khởi tạo dữ liệu cho chain cosmos, khối cuối cùng: 0
2025/04/03 09:35:46 ======= BẮT ĐẦU QUÁ TRÌNH XỬ LÝ CHAIN COSMOS cosmos =======
2025/04/03 09:35:46 Bước 1: Quét ngược về quá khứ (1h0m0s)
2025/04/03 09:35:47 ======= KHỞI ĐỘNG HỆ THỐNG NGƯỢC CHO CHAIN COSMOS cosmos =======
2025/04/03 09:35:47 Bắt đầu quét từ khối hiện tại = 25113140
2025/04/03 09:35:47 Thời gian mục tiêu: 2025-04-03 01:35:36.7378435 +0000 UTC
2025/04/03 09:35:47 ==================================
2025/04/03 09:35:47 🔍 Đang lấy thông tin khối: 25113140
2025/04/03 09:35:47 ✅ Đã lấy khối: 25113140
2025/04/03 09:35:47 BLOCK MỚI #25113140 | Chain: cosmoshub-4 | Time: 2025-04-03T02:35:36Z | Hash: BE72A0A3847571C6605DA184C2D9B35BBF4DDDAFA5218DAD8A4E50501ECA6603
2025/04/03 09:35:47 Số lượng giao dịch trong block #25113140: 1
2025/04/03 09:35:47 Đã ghi khối 25113140 (1 giao dịch) vào file cho chain cosmos
2025/04/03 09:35:47 GIAO DỊCH TRONG BLOCK #25113140:
{
  "block_height": "25113140",
  "block_hash": "BE72A0A3847571C6605DA184C2D9B35BBF4DDDAFA5218DAD8A4E50501ECA6603",
  "block_time": "2025-04-03T02:35:36.7378435Z",
  "chain_id": "cosmos",
  "tx_hash": "F5C8C9C5B51DDD551092F1008D920BF81CDF16E233475D7B10D573250BE0449A",
  "from": "cosmos13pxn9n3qw79e03844rdadagmg0nshmwf7qvuye",
  "to": "cosmos1sxt9l69pt75q0ryjqtejun86wtu9723z467tq4",
  "amount": "475",
  "token": "uatom",
  "total_amount": "475uatom",
  "tx_type": "Transfer",
  "timestamp": "2025-04-03T02:35:36Z",
  "event_signature": "",
  "raw_data": ""
}
2025/04/03 09:35:47 ✅ Hoàn thành xử lý khối 25113140
2025/04/03 09:35:48 🔍 Đang lấy thông tin khối: 25113139
2025/04/03 09:35:49 ✅ Đã lấy khối: 25113139
2025/04/03 09:35:49 BLOCK MỚI #25113139 | Chain: cosmoshub-4 | Time: 2025-04-03T02:35:30Z | Hash: 4D480C766C724F408C3E87B1AB8632DBD51051E36A282ECA5652F1AD1153788F
2025/04/03 09:35:49 Số lượng giao dịch trong block #25113139: 1
2025/04/03 09:35:49 Đã ghi khối 25113139 (1 giao dịch) vào file cho chain cosmos
2025/04/03 09:35:49 GIAO DỊCH TRONG BLOCK #25113139:
{
  "block_height": "25113139",
  "block_hash": "4D480C766C724F408C3E87B1AB8632DBD51051E36A282ECA5652F1AD1153788F",
  "block_time": "2025-04-03T02:35:30.581673572Z",
  "chain_id": "cosmos",
  "tx_hash": "E7278681B87950BA926E931FA0F15C131A3CDC7D299C775FFFF1B198F767AB1F",
  "from": "cosmos13pxn9n3qw79e03844rdadagmg0nshmwf7qvuye",
  "to": "cosmos1ld8myknpkjf6t0uw8n2tt684kszd4r3rlrzwdc",
  "amount": "458",
  "token": "uatom",
  "total_amount": "458uatom",
  "tx_type": "Transfer",
  "timestamp": "2025-04-03T02:35:30Z",
  "event_signature": "",
  "raw_data": ""
}
2025/04/03 09:35:49 ✅ Hoàn thành xử lý khối 25113139
2025/04/03 09:35:50 🔍 Đang lấy thông tin khối: 25113138
2025/04/03 09:35:50 ✅ Đã lấy khối: 25113138
2025/04/03 09:35:50 BLOCK MỚI #25113138 | Chain: cosmoshub-4 | Time: 2025-04-03T02:35:24Z | Hash: 844FB649CC4E9562006F6637171D1FE8376EF17887CAC32EF27E326617085E5F
2025/04/03 09:35:50 Block #25113138 không có giao dịch
2025/04/03 09:35:51 🔍 Đang lấy thông tin khối: 25113137
2025/04/03 09:35:52 ✅ Đã lấy khối: 25113137
2025/04/03 09:35:53 BLOCK MỚI #25113137 | Chain: cosmoshub-4 | Time: 2025-04-03T02:35:18Z | Hash: 74AAA91260DA0A6B649418142147058954094FDD466D02F53D49FEE99F49A2F1
2025/04/03 09:35:53 Block #25113137 không có giao dịch
2025/04/03 09:35:54 🔍 Đang lấy thông tin khối: 25113136
2025/04/03 09:35:54 ✅ Đã lấy khối: 25113136
2025/04/03 09:35:54 BLOCK MỚI #25113136 | Chain: cosmoshub-4 | Time: 2025-04-03T02:35:12Z | Hash: E5C04A2C3333249787A99D6B6712192771D913FF15A7A1469D1900AAC3367A41
2025/04/03 09:35:54 Số lượng giao dịch trong block #25113136: 2
2025/04/03 09:35:54 Đã ghi khối 25113136 (2 giao dịch) vào file cho chain cosmos
2025/04/03 09:35:54 GIAO DỊCH TRONG BLOCK #25113136:
{
  "block_height": "25113136",
  "block_hash": "E5C04A2C3333249787A99D6B6712192771D913FF15A7A1469D1900AAC3367A41",
  "block_time": "2025-04-03T02:35:12.535715969Z",
  "chain_id": "cosmos",
  "tx_hash": "81E7DC266865B4201F88075E1D2B1436302970A693DA7DAB180382643BB6096E",
  "from": "cosmos13pxn9n3qw79e03844rdadagmg0nshmwf7qvuye",
  "to": "cosmos1s4fsuunlj5a2l83vg436x3yncth454wvqkk0st",
  "amount": "2415",
  "token": "uatom",
  "total_amount": "2415uatom",
  "tx_type": "Transfer",
  "timestamp": "2025-04-03T02:35:12Z",
  "event_signature": "",
  "raw_data": ""
}
2025/04/03 09:35:54 GIAO DỊCH TRONG BLOCK #25113136:
{
  "block_height": "25113136",
  "block_hash": "E5C04A2C3333249787A99D6B6712192771D913FF15A7A1469D1900AAC3367A41",
  "block_time": "2025-04-03T02:35:12.535715969Z",
  "chain_id": "cosmos",
  "tx_hash": "325801715E039A31E5E2ACB14CDB84236C62C9B1A50C2471EED4A856A3051B4A",
  "from": "cosmos13pxn9n3qw79e03844rdadagmg0nshmwf7qvuye",
  "to": "cosmos1s4fsuunlj5a2l83vg436x3yncth454wvqkk0st",
  "amount": "8366",
  "token": "uatom",
  "total_amount": "8366uatom",
  "tx_type": "Transfer",
  "timestamp": "2025-04-03T02:35:12Z",
  "event_signature": "",
  "raw_data": ""
}
2025/04/03 09:35:54 ✅ Hoàn thành xử lý khối 25113136
