2025/04/03 18:21:45 === Bắt đầu ghi log VeChain Blocks và Transactions ===
2025/04/03 18:21:45 Đang kết nối đến wss://mainnet.veblocks.net:443/subscriptions/block
2025/04/03 18:21:46 ===== BẮT ĐẦU QUÉT TỪ KHỐI #21315021 =====
2025/04/03 18:21:46 Quét từ: 2025-04-03T18:21:46+07:00 đến: 2025-04-03T17:21:46+07:00
2025/04/03 18:21:46 === THÔNG TIN KHỐI #21315021 ===
2025/04/03 18:21:46 {
    "beneficiary": "0x65c620071eb78f201d4fe41a191ebd031809fca2",
    "block_hash": "0x01453dcdfe88254a63b1ffaeb404d79f98c5a47a788f9d84a66be502dd00e5d3",
    "block_height": "21315021",
    "block_time": "2025-04-03T11:21:40Z",
    "chain_id": "vechain",
    "gas_limit": 40000000,
    "gas_used": 2289948,
    "parent_id": "0x01453dcced2613a5f327c2a3a67210511d3f639c1549348bd2b22803273e5681",
    "size": 16755,
    "total_score": 2081205447,
    "tx_count": 30
}
2025/04/03 18:21:46 
GIAO DỊCH TRONG BLOCK #21315021:
2025/04/03 18:21:46 Kết nối WebSocket thành công, đang chờ khối mới...
2025/04/03 18:21:46 {
    "block_height": "21315021",
    "block_hash": "0x01453dcdfe88254a63b1ffaeb404d79f98c5a47a788f9d84a66be502dd00e5d3",
    "block_time": "2025-04-03T11:21:40Z",
    "chain_id": "vechain",
    "tx_hash": "0xf26e73dd5e1d281197be64a423c71f4ff0696ab1e78b036faaf13232f1824b41",
    "from": "0xbfe2122a82c0aea091514f57c7713c3118101eda",
    "to": "0xb6f43457600b1f3b7b98fc4394a9f1134ffc721d",
    "value": "0x0",
    "value_decimal": "0",
    "gas": "202881",
    "gas_price_coef": "127",
    "size": "1508",
    "tx_type": "Contract",
    "method": "Unknown",
    "method_signature": "Unknown",
    "nonce": "0x4813a651f42c2935"
}
2025/04/03 18:21:46 CHI TIẾT CLAUSE #1:
{
    "data_length": 2762,
    "data_preview": "0x8d69446d0000000000000000000000000ebc06fb039fdb782f1d48168fb11e47167044a400000000000000000000000000... (còn nữa)",
    "index": 1,
    "method_id": "0x8d69446d",
    "method_name": "Unknown",
    "method_signature": "Unknown"
}
2025/04/03 18:21:46 
GIAO DỊCH TRONG BLOCK #21315021:
2025/04/03 18:21:46 === THÔNG TIN KHỐI #21315022 ===
2025/04/03 18:21:46 {
    "beneficiary": "0x716a5aac2a850ebae965565996874170e5a7057d",
    "block_hash": "0x01453dce39f718533e495639b1838f0470c6eee6eaf9ca6a21babf596cac8b1c",
    "block_height": "21315022",
    "block_time": "2025-04-03T11:21:50Z",
    "chain_id": "vechain",
    "gas_limit": 39960938,
    "gas_used": 3567598,
    "parent_id": "0x01453dcdfe88254a63b1ffaeb404d79f98c5a47a788f9d84a66be502dd00e5d3",
    "size": 24386,
    "total_score": 2081205546,
    "tx_count": 35
}
2025/04/03 18:21:46 
GIAO DỊCH TRONG BLOCK #21315022:
2025/04/03 18:21:46 {
    "block_height": "21315021",
    "block_hash": "0x01453dcdfe88254a63b1ffaeb404d79f98c5a47a788f9d84a66be502dd00e5d3",
    "block_time": "2025-04-03T11:21:40Z",
    "chain_id": "vechain",
    "tx_hash": "0x8d3233d915e16d60ad6297a6ef818e3bc716b001b126789fb6370fd689718f86",
    "from": "0xbfe2122a82c0aea091514f57c7713c3118101eda",
    "to": "0xb6f43457600b1f3b7b98fc4394a9f1134ffc721d",
    "value": "0x0",
    "value_decimal": "0",
    "gas": "202945",
    "gas_price_coef": "127",
    "size": "1508",
    "tx_type": "Contract",
    "method": "Unknown",
    "method_signature": "Unknown",
    "nonce": "0xc690854f39aa8ab3"
}
2025/04/03 18:21:46 CHI TIẾT CLAUSE #1:
{
    "data_length": 2762,
    "data_preview": "0x8d69446d00000000000000000000000088f375f995f067c94728701fd146c2cd0ff4730700000000000000000000000000... (còn nữa)",
    "index": 1,
    "method_id": "0x8d69446d",
    "method_name": "Unknown",
    "method_signature": "Unknown"
}
2025/04/03 18:21:46 
GIAO DỊCH TRONG BLOCK #21315021:
2025/04/03 18:21:47 {
    "block_height": "21315022",
    "block_hash": "0x01453dce39f718533e495639b1838f0470c6eee6eaf9ca6a21babf596cac8b1c",
    "block_time": "",
    "chain_id": "vechain",
    "tx_hash": "0x8b92b43fcde5eb44bf0fe6b0406097d453ad635cd38d29e37997e760119ee9fd",
    "from": "0xbfe2122a82c0aea091514f57c7713c3118101eda",
    "to": "0xb6f43457600b1f3b7b98fc4394a9f1134ffc721d",
    "value": "0x0",
    "value_decimal": "0",
    "gas": "202945",
    "gas_price_coef": "127",
    "size": "1508",
    "tx_type": "contract_interaction",
    "method": "callContract",
    "method_signature": "callContract(address,bytes)",
    "nonce": "0xae8216498b026c68"
}
2025/04/03 18:21:47 CHI TIẾT CLAUSE #1:
{
    "data_length": 2762,
    "data_preview": "0x8d69446d000000000000000000000000dd469695f7a03f3aa715caaafc3bb3015b6fdf9100000000000000000000000000... (còn nữa)",
    "index": 1,
    "method_id": "0x8d69446d",
    "method_name": "callContract",
    "method_signature": "callContract(address,bytes)"
}
2025/04/03 18:21:47 
GIAO DỊCH TRONG BLOCK #21315022:
2025/04/03 18:21:47 {
    "block_height": "21315021",
    "block_hash": "0x01453dcdfe88254a63b1ffaeb404d79f98c5a47a788f9d84a66be502dd00e5d3",
    "block_time": "2025-04-03T11:21:40Z",
    "chain_id": "vechain",
    "tx_hash": "0xaf1b9bb0d5baceb7900ad24b271392712b428fb69191c2259eb978e0eb4922e5",
    "from": "0xbfe2122a82c0aea091514f57c7713c3118101eda",
    "to": "0xb6f43457600b1f3b7b98fc4394a9f1134ffc721d",
    "value": "0x0",
    "value_decimal": "0",
    "gas": "202881",
    "gas_price_coef": "127",
    "size": "1508",
    "tx_type": "Contract",
    "method": "Unknown",
    "method_signature": "Unknown",
    "nonce": "0xada530493a71ba5e"
}
2025/04/03 18:21:47 CHI TIẾT CLAUSE #1:
{
    "data_length": 2762,
    "data_preview": "0x8d69446d0000000000000000000000009e93bec996e36bafb62a9c12c4d19386b9cb626d00000000000000000000000000... (còn nữa)",
    "index": 1,
    "method_id": "0x8d69446d",
    "method_name": "Unknown",
    "method_signature": "Unknown"
}
2025/04/03 18:21:47 
GIAO DỊCH TRONG BLOCK #21315021:
2025/04/03 18:21:47 {
    "block_height": "21315022",
    "block_hash": "0x01453dce39f718533e495639b1838f0470c6eee6eaf9ca6a21babf596cac8b1c",
    "block_time": "",
    "chain_id": "vechain",
    "tx_hash": "0xe39f92150ec10731fb5c2456ba4b2bdbee2bce8c4903d0474ff339962bf64e42",
    "from": "0xbfe2122a82c0aea091514f57c7713c3118101eda",
    "to": "0xb6f43457600b1f3b7b98fc4394a9f1134ffc721d",
    "value": "0x0",
    "value_decimal": "0",
    "gas": "202945",
    "gas_price_coef": "127",
    "size": "1508",
    "tx_type": "contract_interaction",
    "method": "callContract",
    "method_signature": "callContract(address,bytes)",
    "nonce": "0x4eb84d5cdd98df0c"
}
2025/04/03 18:21:47 CHI TIẾT CLAUSE #1:
{
    "data_length": 2762,
    "data_preview": "0x8d69446d0000000000000000000000002793c008cffb82b15bd9c523da8cd16c8c7df4c300000000000000000000000000... (còn nữa)",
    "index": 1,
    "method_id": "0x8d69446d",
    "method_name": "callContract",
    "method_signature": "callContract(address,bytes)"
}
2025/04/03 18:21:47 
GIAO DỊCH TRONG BLOCK #21315022:
2025/04/03 18:21:47 {
    "block_height": "21315021",
    "block_hash": "0x01453dcdfe88254a63b1ffaeb404d79f98c5a47a788f9d84a66be502dd00e5d3",
    "block_time": "2025-04-03T11:21:40Z",
    "chain_id": "vechain",
    "tx_hash": "0xa19295d61609f188e2b7b2ed3075c727c6d960f4c1a2254bab46d594f977f5b8",
    "from": "0xbfe2122a82c0aea091514f57c7713c3118101eda",
    "to": "0xb6f43457600b1f3b7b98fc4394a9f1134ffc721d",
    "value": "0x0",
    "value_decimal": "0",
    "gas": "202945",
    "gas_price_coef": "127",
    "size": "1508",
    "tx_type": "Contract",
    "method": "Unknown",
    "method_signature": "Unknown",
    "nonce": "0x22f7575b09e76a9d"
}
2025/04/03 18:21:47 CHI TIẾT CLAUSE #1:
{
    "data_length": 2762,
    "data_preview": "0x8d69446d000000000000000000000000b0b1bc0374cfbcfd275467daa45533ff7150b03900000000000000000000000000... (còn nữa)",
    "index": 1,
    "method_id": "0x8d69446d",
    "method_name": "Unknown",
    "method_signature": "Unknown"
}
2025/04/03 18:21:47 
GIAO DỊCH TRONG BLOCK #21315021:
2025/04/03 18:21:47 {
    "block_height": "21315022",
    "block_hash": "0x01453dce39f718533e495639b1838f0470c6eee6eaf9ca6a21babf596cac8b1c",
    "block_time": "",
    "chain_id": "vechain",
    "tx_hash": "0xce942df8676286cadeb57ba6d7af5e4cf709c60fc2b80e2d4fcbe6ff26110fdb",
    "from": "0xbfe2122a82c0aea091514f57c7713c3118101eda",
    "to": "0xb6f43457600b1f3b7b98fc4394a9f1134ffc721d",
    "value": "0x0",
    "value_decimal": "0",
    "gas": "202945",
    "gas_price_coef": "127",
    "size": "1508",
    "tx_type": "contract_interaction",
    "method": "callContract",
    "method_signature": "callContract(address,bytes)",
    "nonce": "0xf5f57075fcd0f7e1"
}
2025/04/03 18:21:47 CHI TIẾT CLAUSE #1:
{
    "data_length": 2762,
    "data_preview": "0x8d69446d000000000000000000000000f25dc669c7d0084e7c74548722a43b8e11381ca900000000000000000000000000... (còn nữa)",
    "index": 1,
    "method_id": "0x8d69446d",
    "method_name": "callContract",
    "method_signature": "callContract(address,bytes)"
}
2025/04/03 18:21:47 
GIAO DỊCH TRONG BLOCK #21315022:
2025/04/03 18:21:48 {
    "block_height": "21315021",
    "block_hash": "0x01453dcdfe88254a63b1ffaeb404d79f98c5a47a788f9d84a66be502dd00e5d3",
    "block_time": "2025-04-03T11:21:40Z",
    "chain_id": "vechain",
    "tx_hash": "0xc3b73061676d7dcc0787968e1f1db71d084cf5140984b3ca8b58ed91e732aef0",
    "from": "0xec533fe34eda7ab9d6d1fe6e9781fd8bb67ed8ca",
    "to": "0x5ef79995fe8a89e0812330e4378eb2660cede699",
    "value": "0x0",
    "value_decimal": "0",
    "gas": "52163",
    "gas_price_coef": "0",
    "size": "257",
    "tx_type": "Contract",
    "method": "transfer",
    "method_signature": "transfer(address,uint256)",
    "nonce": "0xbd9d0322e546b495"
}
2025/04/03 18:21:48 CHI TIẾT CLAUSE #1:
{
    "data_length": 138,
    "data_preview": "0xa9059cbb000000000000000000000000ea2f31b0f90c577331e48630752c4705b4f3282b00000000000000000000000000... (còn nữa)",
    "index": 1,
    "method_id": "0xa9059cbb",
    "method_name": "transfer",
    "method_signature": "transfer(address,uint256)"
}
2025/04/03 18:21:48 
GIAO DỊCH TRONG BLOCK #21315021:
2025/04/03 18:21:48 {
    "block_height": "21315022",
    "block_hash": "0x01453dce39f718533e495639b1838f0470c6eee6eaf9ca6a21babf596cac8b1c",
    "block_time": "",
    "chain_id": "vechain",
    "tx_hash": "0xe650841bc92c23aa07095f48e22549e49bf6664e5e48a29b74cec91f6093d17e",
    "from": "0xbfe2122a82c0aea091514f57c7713c3118101eda",
    "to": "0xb6f43457600b1f3b7b98fc4394a9f1134ffc721d",
    "value": "0x0",
    "value_decimal": "0",
    "gas": "203009",
    "gas_price_coef": "127",
    "size": "1508",
    "tx_type": "contract_interaction",
    "method": "callContract",
    "method_signature": "callContract(address,bytes)",
    "nonce": "0x417bc933266dcab7"
}
2025/04/03 18:21:48 CHI TIẾT CLAUSE #1:
{
    "data_length": 2762,
    "data_preview": "0x8d69446d000000000000000000000000666149994021328e46fc9de9216e961a8d3d49fa00000000000000000000000000... (còn nữa)",
    "index": 1,
    "method_id": "0x8d69446d",
    "method_name": "callContract",
    "method_signature": "callContract(address,bytes)"
}
2025/04/03 18:21:48 
GIAO DỊCH TRONG BLOCK #21315022:
2025/04/03 18:21:48 {
    "block_height": "21315021",
    "block_hash": "0x01453dcdfe88254a63b1ffaeb404d79f98c5a47a788f9d84a66be502dd00e5d3",
    "block_time": "2025-04-03T11:21:40Z",
    "chain_id": "vechain",
    "tx_hash": "0x9cd66ef6225035503f123d30c05e48f711cd8a05987dd90f587a67b5e6494656",
    "from": "0x4771713dcdb2d5bbb2e563ed1bd726d731732a68",
    "to": "0x5ef79995fe8a89e0812330e4378eb2660cede699",
    "value": "0x0",
    "value_decimal": "0",
    "gas": "52163",
    "gas_price_coef": "0",
    "size": "257",
    "tx_type": "Contract",
    "method": "transfer",
    "method_signature": "transfer(address,uint256)",
    "nonce": "0x827e6cabab696001"
}
2025/04/03 18:21:48 CHI TIẾT CLAUSE #1:
{
    "data_length": 138,
    "data_preview": "0xa9059cbb000000000000000000000000ea2f31b0f90c577331e48630752c4705b4f3282b00000000000000000000000000... (còn nữa)",
    "index": 1,
    "method_id": "0xa9059cbb",
    "method_name": "transfer",
    "method_signature": "transfer(address,uint256)"
}
2025/04/03 18:21:48 
GIAO DỊCH TRONG BLOCK #21315021:
2025/04/03 18:21:48 {
    "block_height": "21315022",
    "block_hash": "0x01453dce39f718533e495639b1838f0470c6eee6eaf9ca6a21babf596cac8b1c",
    "block_time": "",
    "chain_id": "vechain",
    "tx_hash": "0xae749857d839682612796dce46576d844fdda13123a735fe7c8d3399e904c1f9",
    "from": "0xbfe2122a82c0aea091514f57c7713c3118101eda",
    "to": "0xb6f43457600b1f3b7b98fc4394a9f1134ffc721d",
    "value": "0x0",
    "value_decimal": "0",
    "gas": "202881",
    "gas_price_coef": "127",
    "size": "1508",
    "tx_type": "contract_interaction",
    "method": "callContract",
    "method_signature": "callContract(address,bytes)",
    "nonce": "0x7087d1cc68f6918c"
}
2025/04/03 18:21:48 CHI TIẾT CLAUSE #1:
{
    "data_length": 2762,
    "data_preview": "0x8d69446d00000000000000000000000070bbe33e56f7fe6a1445b1ccdd635fcb8a06997500000000000000000000000000... (còn nữa)",
    "index": 1,
    "method_id": "0x8d69446d",
    "method_name": "callContract",
    "method_signature": "callContract(address,bytes)"
}
2025/04/03 18:21:48 
GIAO DỊCH TRONG BLOCK #21315022:
2025/04/03 18:21:49 {
    "block_height": "21315022",
    "block_hash": "0x01453dce39f718533e495639b1838f0470c6eee6eaf9ca6a21babf596cac8b1c",
    "block_time": "",
    "chain_id": "vechain",
    "tx_hash": "0x5ea2558e578e33cf494c8c80a0b57e11d9e403b905f967241c21b0c0326e5976",
    "from": "0xbfe2122a82c0aea091514f57c7713c3118101eda",
    "to": "0xb6f43457600b1f3b7b98fc4394a9f1134ffc721d",
    "value": "0x0",
    "value_decimal": "0",
    "gas": "202881",
    "gas_price_coef": "127",
    "size": "1508",
    "tx_type": "contract_interaction",
    "method": "callContract",
    "method_signature": "callContract(address,bytes)",
    "nonce": "0x21222e610966ea11"
}
2025/04/03 18:21:49 CHI TIẾT CLAUSE #1:
{
    "data_length": 2762,
    "data_preview": "0x8d69446d0000000000000000000000003325944cf56d5ad7006f9b2e38f7b7522f98caf500000000000000000000000000... (còn nữa)",
    "index": 1,
    "method_id": "0x8d69446d",
    "method_name": "callContract",
    "method_signature": "callContract(address,bytes)"
}
2025/04/03 18:21:49 
GIAO DỊCH TRONG BLOCK #21315022:
2025/04/03 18:21:49 {
    "block_height": "21315021",
    "block_hash": "0x01453dcdfe88254a63b1ffaeb404d79f98c5a47a788f9d84a66be502dd00e5d3",
    "block_time": "2025-04-03T11:21:40Z",
    "chain_id": "vechain",
    "tx_hash": "0x1bff64016b67414f7e357cc3e0d3395e28bb5d329c5cd29724f09bf64198702b",
    "from": "0x59b4e7cb5f76059cfca68bfa517954b1f261dccc",
    "to": "0x5ef79995fe8a89e0812330e4378eb2660cede699",
    "value": "0x0",
    "value_decimal": "0",
    "gas": "52163",
    "gas_price_coef": "0",
    "size": "257",
    "tx_type": "Contract",
    "method": "transfer",
    "method_signature": "transfer(address,uint256)",
    "nonce": "0xee40d832f00e938d"
}
2025/04/03 18:21:49 CHI TIẾT CLAUSE #1:
{
    "data_length": 138,
    "data_preview": "0xa9059cbb000000000000000000000000ea2f31b0f90c577331e48630752c4705b4f3282b00000000000000000000000000... (còn nữa)",
    "index": 1,
    "method_id": "0xa9059cbb",
    "method_name": "transfer",
    "method_signature": "transfer(address,uint256)"
}
2025/04/03 18:21:49 
GIAO DỊCH TRONG BLOCK #21315021:
2025/04/03 18:21:49 {
    "block_height": "21315021",
    "block_hash": "0x01453dcdfe88254a63b1ffaeb404d79f98c5a47a788f9d84a66be502dd00e5d3",
    "block_time": "2025-04-03T11:21:40Z",
    "chain_id": "vechain",
    "tx_hash": "0xe6f7082e60e67b85929dab7353c2acdb24b4c53b9898c712a1df9fa457d3b3d8",
    "from": "0x6825ba1ccb8b970294e4c8ca398e8f3710429298",
    "to": "0x5ef79995fe8a89e0812330e4378eb2660cede699",
    "value": "0x0",
    "value_decimal": "0",
    "gas": "52227",
    "gas_price_coef": "0",
    "size": "253",
    "tx_type": "Contract",
    "method": "transfer",
    "method_signature": "transfer(address,uint256)",
    "nonce": "0x8c00d3e2"
}
2025/04/03 18:21:49 CHI TIẾT CLAUSE #1:
{
    "data_length": 138,
    "data_preview": "0xa9059cbb0000000000000000000000006825ba1ccb8b970294e4c8ca398e8f371042929800000000000000000000000000... (còn nữa)",
    "index": 1,
    "method_id": "0xa9059cbb",
    "method_name": "transfer",
    "method_signature": "transfer(address,uint256)"
}
2025/04/03 18:21:49 
GIAO DỊCH TRONG BLOCK #21315021:
2025/04/03 18:21:49 {
    "block_height": "21315022",
    "block_hash": "0x01453dce39f718533e495639b1838f0470c6eee6eaf9ca6a21babf596cac8b1c",
    "block_time": "",
    "chain_id": "vechain",
    "tx_hash": "0x3bd8374ca71b9444cdd41ec01d0b4d9bf751162e4862c0f63afff398a11bc15b",
    "from": "0xbfe2122a82c0aea091514f57c7713c3118101eda",
    "to": "0xb6f43457600b1f3b7b98fc4394a9f1134ffc721d",
    "value": "0x0",
    "value_decimal": "0",
    "gas": "202945",
    "gas_price_coef": "127",
    "size": "1508",
    "tx_type": "contract_interaction",
    "method": "callContract",
    "method_signature": "callContract(address,bytes)",
    "nonce": "0x86ecc6e15fb798f1"
}
2025/04/03 18:21:49 CHI TIẾT CLAUSE #1:
{
    "data_length": 2762,
    "data_preview": "0x8d69446d000000000000000000000000bcdae8df8341e3428a4d3037100ff20bcabe401400000000000000000000000000... (còn nữa)",
    "index": 1,
    "method_id": "0x8d69446d",
    "method_name": "callContract",
    "method_signature": "callContract(address,bytes)"
}
2025/04/03 18:21:49 
GIAO DỊCH TRONG BLOCK #21315022:
2025/04/03 18:21:50 {
    "block_height": "21315022",
    "block_hash": "0x01453dce39f718533e495639b1838f0470c6eee6eaf9ca6a21babf596cac8b1c",
    "block_time": "",
    "chain_id": "vechain",
    "tx_hash": "0x18cfafab1ca855c66d52438f5bec35c2034c8237c03fd10bae8b7e8b0f32d450",
    "from": "0xbfe2122a82c0aea091514f57c7713c3118101eda",
    "to": "0xb6f43457600b1f3b7b98fc4394a9f1134ffc721d",
    "value": "0x0",
    "value_decimal": "0",
    "gas": "202945",
    "gas_price_coef": "127",
    "size": "1508",
    "tx_type": "contract_interaction",
    "method": "callContract",
    "method_signature": "callContract(address,bytes)",
    "nonce": "0x801e92a1c7b0a1f4"
}
2025/04/03 18:21:50 CHI TIẾT CLAUSE #1:
{
    "data_length": 2762,
    "data_preview": "0x8d69446d0000000000000000000000008d05f3fe867b804d36363ebbb543180448f9f06b00000000000000000000000000... (còn nữa)",
    "index": 1,
    "method_id": "0x8d69446d",
    "method_name": "callContract",
    "method_signature": "callContract(address,bytes)"
}
2025/04/03 18:21:50 
GIAO DỊCH TRONG BLOCK #21315022:
2025/04/03 18:21:50 {
    "block_height": "21315021",
    "block_hash": "0x01453dcdfe88254a63b1ffaeb404d79f98c5a47a788f9d84a66be502dd00e5d3",
    "block_time": "2025-04-03T11:21:40Z",
    "chain_id": "vechain",
    "tx_hash": "0xad686d5b36f649af9d1d203e65eee77f474583195b7b3f90a50cd0954b15f388",
    "from": "0x984c3fc84b0a751a3686dbc650c88feed24e643b",
    "to": "0x5ef79995fe8a89e0812330e4378eb2660cede699",
    "value": "0x0",
    "value_decimal": "0",
    "gas": "52163",
    "gas_price_coef": "0",
    "size": "257",
    "tx_type": "Contract",
    "method": "transfer",
    "method_signature": "transfer(address,uint256)",
    "nonce": "0xe3f7a57082a205d3"
}
2025/04/03 18:21:50 CHI TIẾT CLAUSE #1:
{
    "data_length": 138,
    "data_preview": "0xa9059cbb000000000000000000000000ea2f31b0f90c577331e48630752c4705b4f3282b00000000000000000000000000... (còn nữa)",
    "index": 1,
    "method_id": "0xa9059cbb",
    "method_name": "transfer",
    "method_signature": "transfer(address,uint256)"
}
2025/04/03 18:21:50 
GIAO DỊCH TRONG BLOCK #21315021:
2025/04/03 18:21:50 {
    "block_height": "21315021",
    "block_hash": "0x01453dcdfe88254a63b1ffaeb404d79f98c5a47a788f9d84a66be502dd00e5d3",
    "block_time": "2025-04-03T11:21:40Z",
    "chain_id": "vechain",
    "tx_hash": "0x0aa25ff8b49bd6d970b3c1c6a9e577af50bdfdea4874452f67b44ebde234ab6f",
    "from": "0x84e826b9d28d0e89d1f7da8288add299a02b8cd1",
    "to": "0x5ef79995fe8a89e0812330e4378eb2660cede699",
    "value": "0x0",
    "value_decimal": "0",
    "gas": "52227",
    "gas_price_coef": "0",
    "size": "253",
    "tx_type": "Contract",
    "method": "transfer",
    "method_signature": "transfer(address,uint256)",
    "nonce": "0x46ff4ac1"
}
2025/04/03 18:21:50 CHI TIẾT CLAUSE #1:
{
    "data_length": 138,
    "data_preview": "0xa9059cbb000000000000000000000000dbb082559265dbcdb8f687c24bc74be3547a812f00000000000000000000000000... (còn nữa)",
    "index": 1,
    "method_id": "0xa9059cbb",
    "method_name": "transfer",
    "method_signature": "transfer(address,uint256)"
}
2025/04/03 18:21:50 
GIAO DỊCH TRONG BLOCK #21315021:
2025/04/03 18:21:50 {
    "block_height": "21315022",
    "block_hash": "0x01453dce39f718533e495639b1838f0470c6eee6eaf9ca6a21babf596cac8b1c",
    "block_time": "",
    "chain_id": "vechain",
    "tx_hash": "0xcaa39ca65466016a2879db896cfd2ac6cc9ca86168bf9fdded31d2ac54bee4e6",
    "from": "0x544e02a87371449e88faf805d24ebbb3cb2824c7",
    "to": "0x5ef79995fe8a89e0812330e4378eb2660cede699",
    "value": "0x0",
    "value_decimal": "0",
    "gas": "52163",
    "gas_price_coef": "0",
    "size": "257",
    "tx_type": "token_transfer",
    "method": "transfer",
    "method_signature": "transfer(address,uint256)",
    "nonce": "0x216097a18d666fb0"
}
2025/04/03 18:21:50 CHI TIẾT CLAUSE #1:
{
    "data_length": 138,
    "data_preview": "0xa9059cbb000000000000000000000000ea2f31b0f90c577331e48630752c4705b4f3282b00000000000000000000000000... (còn nữa)",
    "index": 1,
    "method_id": "0xa9059cbb",
    "method_name": "transfer",
    "method_signature": "transfer(address,uint256)"
}
2025/04/03 18:21:50 
GIAO DỊCH TRONG BLOCK #21315022:
2025/04/03 18:21:51 {
    "block_height": "21315021",
    "block_hash": "0x01453dcdfe88254a63b1ffaeb404d79f98c5a47a788f9d84a66be502dd00e5d3",
    "block_time": "2025-04-03T11:21:40Z",
    "chain_id": "vechain",
    "tx_hash": "0xa4902d982fe9fbc6ee4c939b7abe6a5b7d249dfccddebe15447f4f545b2ef780",
    "from": "0xc6c135e618764c386605aa6ac01381108144ce7e",
    "to": "0x42891c4246d630104a5131036f680da78d5b67da",
    "value": "0x0",
    "value_decimal": "0",
    "gas": "182119",
    "gas_price_coef": "0",
    "size": "1188",
    "tx_type": "Contract",
    "method": "Unknown",
    "method_signature": "Unknown",
    "nonce": "0x42933a37c8bf"
}
2025/04/03 18:21:51 CHI TIẾT CLAUSE #1:
{
    "data_length": 1994,
    "data_preview": "0xddd546880000000000000000000000000000000000000000000000009c18726de7f4593000000000000000000000000084... (còn nữa)",
    "index": 1,
    "method_id": "0xddd54688",
    "method_name": "Unknown",
    "method_signature": "Unknown"
}
2025/04/03 18:21:51 
GIAO DỊCH TRONG BLOCK #21315021:
2025/04/03 18:21:51 {
    "block_height": "21315022",
    "block_hash": "0x01453dce39f718533e495639b1838f0470c6eee6eaf9ca6a21babf596cac8b1c",
    "block_time": "",
    "chain_id": "vechain",
    "tx_hash": "0x172c47a9827d91976f15bf004d4e1433b660566db83e4ce821eeba40fdc98d38",
    "from": "0x906035fed254f2f8fb559a2307afdf40c0572718",
    "to": "0x5ef79995fe8a89e0812330e4378eb2660cede699",
    "value": "0x0",
    "value_decimal": "0",
    "gas": "52163",
    "gas_price_coef": "0",
    "size": "257",
    "tx_type": "token_transfer",
    "method": "transfer",
    "method_signature": "transfer(address,uint256)",
    "nonce": "0xb71216c60c86c37f"
}
2025/04/03 18:21:51 CHI TIẾT CLAUSE #1:
{
    "data_length": 138,
    "data_preview": "0xa9059cbb000000000000000000000000ea2f31b0f90c577331e48630752c4705b4f3282b00000000000000000000000000... (còn nữa)",
    "index": 1,
    "method_id": "0xa9059cbb",
    "method_name": "transfer",
    "method_signature": "transfer(address,uint256)"
}
2025/04/03 18:21:51 
GIAO DỊCH TRONG BLOCK #21315022:
2025/04/03 18:21:51 {
    "block_height": "21315021",
    "block_hash": "0x01453dcdfe88254a63b1ffaeb404d79f98c5a47a788f9d84a66be502dd00e5d3",
    "block_time": "2025-04-03T11:21:40Z",
    "chain_id": "vechain",
    "tx_hash": "0x1b69d5165a5bbd2deeb9364ac858829c50ee26bee42f96de304d8513cb3e23a3",
    "from": "0x67b0797c92e03a56e935cf513a56b25cf3b5e5ae",
    "to": "0x5ef79995fe8a89e0812330e4378eb2660cede699",
    "value": "0x0",
    "value_decimal": "0",
    "gas": "52163",
    "gas_price_coef": "0",
    "size": "257",
    "tx_type": "Contract",
    "method": "transfer",
    "method_signature": "transfer(address,uint256)",
    "nonce": "0x56e2f245c88fa437"
}
2025/04/03 18:21:51 CHI TIẾT CLAUSE #1:
{
    "data_length": 138,
    "data_preview": "0xa9059cbb000000000000000000000000ea2f31b0f90c577331e48630752c4705b4f3282b00000000000000000000000000... (còn nữa)",
    "index": 1,
    "method_id": "0xa9059cbb",
    "method_name": "transfer",
    "method_signature": "transfer(address,uint256)"
}
2025/04/03 18:21:51 
GIAO DỊCH TRONG BLOCK #21315021:
2025/04/03 18:21:51 {
    "block_height": "21315022",
    "block_hash": "0x01453dce39f718533e495639b1838f0470c6eee6eaf9ca6a21babf596cac8b1c",
    "block_time": "",
    "chain_id": "vechain",
    "tx_hash": "0x3bb1f5fdede4cb5b3c724daa1a611f39b34f3ede496d84bec85fda728ab13a7d",
    "from": "0x70eaaeff46853afb117665b07b4f0f459b12c01b",
    "to": "0x5ef79995fe8a89e0812330e4378eb2660cede699",
    "value": "0x0",
    "value_decimal": "0",
    "gas": "52163",
    "gas_price_coef": "0",
    "size": "257",
    "tx_type": "token_transfer",
    "method": "transfer",
    "method_signature": "transfer(address,uint256)",
    "nonce": "0xec210851c10b65e0"
}
2025/04/03 18:21:51 CHI TIẾT CLAUSE #1:
{
    "data_length": 138,
    "data_preview": "0xa9059cbb000000000000000000000000ea2f31b0f90c577331e48630752c4705b4f3282b00000000000000000000000000... (còn nữa)",
    "index": 1,
    "method_id": "0xa9059cbb",
    "method_name": "transfer",
    "method_signature": "transfer(address,uint256)"
}
2025/04/03 18:21:51 
GIAO DỊCH TRONG BLOCK #21315022:
2025/04/03 18:21:52 {
    "block_height": "21315021",
    "block_hash": "0x01453dcdfe88254a63b1ffaeb404d79f98c5a47a788f9d84a66be502dd00e5d3",
    "block_time": "2025-04-03T11:21:40Z",
    "chain_id": "vechain",
    "tx_hash": "0xbdd94dafd5ba658e52b5c40631655be3f1ca3904f2463b3194bdbc61499c9ac6",
    "from": "0xf3ed9d79425e47f03eb640e83161fe9c06ad383a",
    "to": "0x5ef79995fe8a89e0812330e4378eb2660cede699",
    "value": "0x0",
    "value_decimal": "0",
    "gas": "52163",
    "gas_price_coef": "0",
    "size": "257",
    "tx_type": "Contract",
    "method": "transfer",
    "method_signature": "transfer(address,uint256)",
    "nonce": "0xf487a5ceebd22348"
}
2025/04/03 18:21:52 CHI TIẾT CLAUSE #1:
{
    "data_length": 138,
    "data_preview": "0xa9059cbb000000000000000000000000ea2f31b0f90c577331e48630752c4705b4f3282b00000000000000000000000000... (còn nữa)",
    "index": 1,
    "method_id": "0xa9059cbb",
    "method_name": "transfer",
    "method_signature": "transfer(address,uint256)"
}
2025/04/03 18:21:52 
GIAO DỊCH TRONG BLOCK #21315021:
2025/04/03 18:21:52 {
    "block_height": "21315022",
    "block_hash": "0x01453dce39f718533e495639b1838f0470c6eee6eaf9ca6a21babf596cac8b1c",
    "block_time": "",
    "chain_id": "vechain",
    "tx_hash": "0x7ed68c7d8a39cbe088b3866f4b75852610465696f34ed10a885269dc20b83a26",
    "from": "0xef4d52cc636b410b05fa318b051a2f81330e15d7",
    "to": "0x5ef79995fe8a89e0812330e4378eb2660cede699",
    "value": "0x0",
    "value_decimal": "0",
    "gas": "52163",
    "gas_price_coef": "0",
    "size": "257",
    "tx_type": "token_transfer",
    "method": "transfer",
    "method_signature": "transfer(address,uint256)",
    "nonce": "0x62094c1f2d11640e"
}
2025/04/03 18:21:52 CHI TIẾT CLAUSE #1:
{
    "data_length": 138,
    "data_preview": "0xa9059cbb000000000000000000000000ea2f31b0f90c577331e48630752c4705b4f3282b00000000000000000000000000... (còn nữa)",
    "index": 1,
    "method_id": "0xa9059cbb",
    "method_name": "transfer",
    "method_signature": "transfer(address,uint256)"
}
2025/04/03 18:21:52 
GIAO DỊCH TRONG BLOCK #21315022:
2025/04/03 18:21:52 {
    "block_height": "21315021",
    "block_hash": "0x01453dcdfe88254a63b1ffaeb404d79f98c5a47a788f9d84a66be502dd00e5d3",
    "block_time": "2025-04-03T11:21:40Z",
    "chain_id": "vechain",
    "tx_hash": "0x5303d66acb8d53e10022af9de2a008243b50d458ebe59cefc685d465544460a5",
    "from": "0x1507580f8c7847e4d2e118da90178c2a28bca8db",
    "to": "0x5ef79995fe8a89e0812330e4378eb2660cede699",
    "value": "0x0",
    "value_decimal": "0",
    "gas": "52163",
    "gas_price_coef": "0",
    "size": "257",
    "tx_type": "Contract",
    "method": "transfer",
    "method_signature": "transfer(address,uint256)",
    "nonce": "0xa6420decb2cbb247"
}
2025/04/03 18:21:52 CHI TIẾT CLAUSE #1:
{
    "data_length": 138,
    "data_preview": "0xa9059cbb000000000000000000000000ea2f31b0f90c577331e48630752c4705b4f3282b00000000000000000000000000... (còn nữa)",
    "index": 1,
    "method_id": "0xa9059cbb",
    "method_name": "transfer",
    "method_signature": "transfer(address,uint256)"
}
2025/04/03 18:21:52 
GIAO DỊCH TRONG BLOCK #21315021:
2025/04/03 18:21:52 {
    "block_height": "21315022",
    "block_hash": "0x01453dce39f718533e495639b1838f0470c6eee6eaf9ca6a21babf596cac8b1c",
    "block_time": "",
    "chain_id": "vechain",
    "tx_hash": "0xeee433c58747ebe2065c19acdafb48df5b165af09de573cda75b52ec5bc0b842",
    "from": "0x6a247c9f609eb652e25e237f9db0ec0676c7d474",
    "to": "0x5ef79995fe8a89e0812330e4378eb2660cede699",
    "value": "0x0",
    "value_decimal": "0",
    "gas": "52163",
    "gas_price_coef": "0",
    "size": "257",
    "tx_type": "token_transfer",
    "method": "transfer",
    "method_signature": "transfer(address,uint256)",
    "nonce": "0x27ec54b8fe6ab0ac"
}
2025/04/03 18:21:52 CHI TIẾT CLAUSE #1:
{
    "data_length": 138,
    "data_preview": "0xa9059cbb000000000000000000000000ea2f31b0f90c577331e48630752c4705b4f3282b00000000000000000000000000... (còn nữa)",
    "index": 1,
    "method_id": "0xa9059cbb",
    "method_name": "transfer",
    "method_signature": "transfer(address,uint256)"
}
2025/04/03 18:21:52 
GIAO DỊCH TRONG BLOCK #21315022:
2025/04/03 18:21:53 {
    "block_height": "21315021",
    "block_hash": "0x01453dcdfe88254a63b1ffaeb404d79f98c5a47a788f9d84a66be502dd00e5d3",
    "block_time": "2025-04-03T11:21:40Z",
    "chain_id": "vechain",
    "tx_hash": "0x1d73e17a3468dd25d8513050f68f6fd9cc50a321d627f5aa5d91be29c6a0aab3",
    "from": "0x6a5f37c7773a8f9edf92c874780955046d65ef55",
    "to": "0x6bee7ddab6c99d5b2af0554eaea484ce18f52631",
    "value": "0x0",
    "value_decimal": "0",
    "gas": "167096",
    "gas_price_coef": "0",
    "size": "1058",
    "tx_type": "Contract",
    "method": "Unknown",
    "method_signature": "Unknown",
    "nonce": "0x8a0b103def41"
}
2025/04/03 18:21:53 CHI TIẾT CLAUSE #1:
{
    "data_length": 1866,
    "data_preview": "0x7b924532821a9ae30590c7c11e0ebc03b27902e8cae0f320ad27b0f5bde9f100eebcb5a700000000000000000000000000... (còn nữa)",
    "index": 1,
    "method_id": "0x7b924532",
    "method_name": "Unknown",
    "method_signature": "Unknown"
}
2025/04/03 18:21:53 
GIAO DỊCH TRONG BLOCK #21315021:
2025/04/03 18:21:53 === Kết thúc ghi log ===
2025/04/03 18:21:53 {
    "block_height": "21315022",
    "block_hash": "0x01453dce39f718533e495639b1838f0470c6eee6eaf9ca6a21babf596cac8b1c",
    "block_time": "",
    "chain_id": "vechain",
    "tx_hash": "0xd60a6d1b3e7ec7ba7099fb0a8b488c18d93c8a8dad52b5d6eb6ac28039b16b61",
    "from": "0x755b7dc8ded4c32b7a29cf3f12f413ea4536eb7f",
    "to": "0x5ef79995fe8a89e0812330e4378eb2660cede699",
    "value": "0x0",
    "value_decimal": "0",
    "gas": "247462",
    "gas_price_coef": "0",
    "size": "478",
    "tx_type": "token_approve",
    "method": "approve",
    "method_signature": "approve(address,uint256)",
    "nonce": "0x87ef6a94"
}
2025/04/03 18:21:53 CHI TIẾT CLAUSE #1:
{
    "data_length": 138,
    "data_preview": "0x095ea7b3000000000000000000000000f9a1bc92e0eeee598b9fdb45397107b1f05f6cc100000000000000000000000000... (còn nữa)",
    "index": 1,
    "method_id": "0x095ea7b3",
    "method_name": "approve",
    "method_signature": "approve(address,uint256)"
}
2025/04/03 18:21:53 {
    "block_height": "21315022",
    "block_hash": "0x01453dce39f718533e495639b1838f0470c6eee6eaf9ca6a21babf596cac8b1c",
    "block_time": "",
    "chain_id": "vechain",
    "tx_hash": "0xd60a6d1b3e7ec7ba7099fb0a8b488c18d93c8a8dad52b5d6eb6ac28039b16b61",
    "from": "0x755b7dc8ded4c32b7a29cf3f12f413ea4536eb7f",
    "to": "0xf9a1bc92e0eeee598b9fdb45397107b1f05f6cc1",
    "value": "0x0",
    "value_decimal": "0",
    "gas": "247462",
    "gas_price_coef": "0",
    "size": "478",
    "tx_type": "contract_call",
    "method": "0x18cbafe5",
    "method_signature": "0x18cbafe5",
    "nonce": "0x87ef6a94"
}
2025/04/03 18:21:53 CHI TIẾT CLAUSE #2:
{
    "data_length": 522,
    "data_preview": "0x18cbafe500000000000000000000000000000000000000000000003fdbbebe196d49b00000000000000000000000000000... (còn nữa)",
    "index": 2,
    "method_id": "0x18cbafe5",
    "method_name": "0x18cbafe5",
    "method_signature": "0x18cbafe5"
}
2025/04/03 18:21:53 
GIAO DỊCH TRONG BLOCK #21315022:
2025/04/03 18:21:53 {
    "block_height": "21315021",
    "block_hash": "0x01453dcdfe88254a63b1ffaeb404d79f98c5a47a788f9d84a66be502dd00e5d3",
    "block_time": "2025-04-03T11:21:40Z",
    "chain_id": "vechain",
    "tx_hash": "0x40baa7aca085c91f339e388069f44c4b5d85c29176395eb4852e684f0016a3a4",
    "from": "0xe58c34193837c8cbeda354227bbaa18392b14311",
    "to": "0x5ef79995fe8a89e0812330e4378eb2660cede699",
    "value": "0x0",
    "value_decimal": "0",
    "gas": "52163",
    "gas_price_coef": "0",
    "size": "257",
    "tx_type": "Contract",
    "method": "transfer",
    "method_signature": "transfer(address,uint256)",
    "nonce": "0x9a7636c98836ef7d"
}
2025/04/03 18:21:53 CHI TIẾT CLAUSE #1:
{
    "data_length": 138,
    "data_preview": "0xa9059cbb000000000000000000000000ea2f31b0f90c577331e48630752c4705b4f3282b00000000000000000000000000... (còn nữa)",
    "index": 1,
    "method_id": "0xa9059cbb",
    "method_name": "transfer",
    "method_signature": "transfer(address,uint256)"
}
2025/04/03 18:21:53 
GIAO DỊCH TRONG BLOCK #21315021:
2025/04/03 18:21:53 {
    "block_height": "21315022",
    "block_hash": "0x01453dce39f718533e495639b1838f0470c6eee6eaf9ca6a21babf596cac8b1c",
    "block_time": "",
    "chain_id": "vechain",
    "tx_hash": "0x0d516d01080ba6281ca621265598fe6e2f85b64e41c69174e77704077b024550",
    "from": "0x14bebe83f89c785432bed675966bf8bbc0051dcd",
    "to": "0x5ef79995fe8a89e0812330e4378eb2660cede699",
    "value": "0x0",
    "value_decimal": "0",
    "gas": "52163",
    "gas_price_coef": "0",
    "size": "257",
    "tx_type": "token_transfer",
    "method": "transfer",
    "method_signature": "transfer(address,uint256)",
    "nonce": "0xf15acd42b82c2504"
}
2025/04/03 18:21:53 CHI TIẾT CLAUSE #1:
{
    "data_length": 138,
    "data_preview": "0xa9059cbb000000000000000000000000ea2f31b0f90c577331e48630752c4705b4f3282b00000000000000000000000000... (còn nữa)",
    "index": 1,
    "method_id": "0xa9059cbb",
    "method_name": "transfer",
    "method_signature": "transfer(address,uint256)"
}
2025/04/03 18:21:53 
GIAO DỊCH TRONG BLOCK #21315022:
2025/04/03 18:21:54 {
    "block_height": "21315021",
    "block_hash": "0x01453dcdfe88254a63b1ffaeb404d79f98c5a47a788f9d84a66be502dd00e5d3",
    "block_time": "2025-04-03T11:21:40Z",
    "chain_id": "vechain",
    "tx_hash": "0xfbb21092dd03e1dfbb5c2438f467e023db67f246e439d3e0515a22ce35b2f37b",
    "from": "0x68acfaa0d698a101deb06c7b96895c12c6a7761b",
    "to": "0x6bee7ddab6c99d5b2af0554eaea484ce18f52631",
    "value": "0x0",
    "value_decimal": "0",
    "gas": "150486",
    "gas_price_coef": "0",
    "size": "514",
    "tx_type": "Contract",
    "method": "Unknown",
    "method_signature": "Unknown",
    "nonce": "0xd2ec0cf9a65b"
}
2025/04/03 18:21:54 CHI TIẾT CLAUSE #1:
{
    "data_length": 778,
    "data_preview": "0x69933c78a30ddd53895674f3517ed4eb8f7261a4287ec1285fdd13b1c19a1d7009e5b7e300000000000000000000000000... (còn nữa)",
    "index": 1,
    "method_id": "0x69933c78",
    "method_name": "Unknown",
    "method_signature": "Unknown"
}
2025/04/03 18:21:54 
GIAO DỊCH TRONG BLOCK #21315021:
2025/04/03 18:21:54 {
    "block_height": "21315022",
    "block_hash": "0x01453dce39f718533e495639b1838f0470c6eee6eaf9ca6a21babf596cac8b1c",
    "block_time": "",
    "chain_id": "vechain",
    "tx_hash": "0x82648efc0bd099fa87c1ce5796a2db29f9c38961d546855bb0c62d6e1243a293",
    "from": "0x253c1901e34d62393d8c977fa0efb83628ea0111",
    "to": "0x5ef79995fe8a89e0812330e4378eb2660cede699",
    "value": "0x0",
    "value_decimal": "0",
    "gas": "52163",
    "gas_price_coef": "0",
    "size": "257",
    "tx_type": "token_transfer",
    "method": "transfer",
    "method_signature": "transfer(address,uint256)",
    "nonce": "0xf4b1454ffef84e73"
}
2025/04/03 18:21:54 CHI TIẾT CLAUSE #1:
{
    "data_length": 138,
    "data_preview": "0xa9059cbb000000000000000000000000ea2f31b0f90c577331e48630752c4705b4f3282b00000000000000000000000000... (còn nữa)",
    "index": 1,
    "method_id": "0xa9059cbb",
    "method_name": "transfer",
    "method_signature": "transfer(address,uint256)"
}
2025/04/03 18:21:54 
GIAO DỊCH TRONG BLOCK #21315022:
