[2025-04-03 18:34:13] Block: 107670976, Transactions: 1
{
  "baseFeePerGas": "0x3b9aca00",
  "difficulty": "0x0",
  "epoch": "0x5284c",
  "extraData": "0x",
  "gasLimit": "0xffffffffffff",
  "gasUsed": "0x5a3c",
  "hash": "0x0005284c0000116296b573d5a1a41b58496d15a434428c1cfd4b27a65e00c06e",
  "logsBloom": "0x00000000000000000000000000000000000000000000000000000000000000000000000000000000000000000000000000000000000000000000000000000000000000000000000000000000000000000000000000000000000000000000000000000000000000000000000000000000000000000000000000000000000000000000000000000000000000000000000000000000000000000000000000000000000000000000000000000000000000000000000000000000000000000000000000000000000000000000000000000000000000000000000000000000000000000000000000000000000000000000000000000000000000000000000000000000",
  "miner": "0x0000000000000000000000000000000000000000",
  "mixHash": "0x0000000000000000000000000000000000000000000000000000000000000000",
  "nonce": "0x0000000000000000",
  "number": "0x66aedc0",
  "parentHash": "0x0005284c0000115b4845f08c80d985ee2a884e9d14c55d173b59af3fb4a8170b",
  "receiptsRoot": "0xdbd84596f43585d03458c432d03825302bb542e8d44a082f490f931690402f6d",
  "sha3Uncles": "0x1dcc4de8dec75d7aab85b567b6ccd41ad312451b948a7413f0a142fd40d49347",
  "size": "0x29a",
  "stateRoot": "0x72cc25c1743d48dd84d4a225c14ef33e728ac51199c7382628b4f1d5f540db9e",
  "timestamp": "0x67ee7233",
  "timestampNano": "0x1832cbc49c6932be",
  "totalDifficulty": "0x0",
  "transactions": [
    {
      "blockHash": "0x0005284c0000116296b573d5a1a41b58496d15a434428c1cfd4b27a65e00c06e",
      "blockNumber": "0x66aedc0",
      "from": "0x47fa3dcfd7d35c93f9c9f7d708399cea95c01d48",
      "gas": "0xa410",
      "gasPrice": "0x3d067b78",
      "hash": "0x71acb9b51e83c2ffb039670db782d96b6fa982c22d11408a387ef7df6b836cf8",
      "input": "0x",
      "nonce": "0x1",
      "r": "0xcd488038dd10993c9e5fd49b1883957e5731c24d649db5f6a31b3fb653d13073",
      "s": "0x58bdd5199f8e365f11056f8fe428c4741b03fefead05190dd5eb252b16897658",
      "to": "0xebf4fbb9c81b84dd5cf89bc75588e5d0018501b3",
      "transactionIndex": "0x0",
      "type": "0x0",
      "v": "0x217",
      "value": "0xc7beafd2b049584"
    }
  ],
  "transactionsRoot": "0x7faa8a3e2c86422cb4caccafd9e212b8e5ffe97a7fa2890573d67e5e14f4169d",
  "uncles": []
}
----------------------------------------
[2025-04-03 18:34:14] Block: 107670975, Transactions: 2
{
  "baseFeePerGas": "0x3b9aca00",
  "difficulty": "0x0",
  "epoch": "0x5284c",
  "extraData": "0x",
  "gasLimit": "0xffffffffffff",
  "gasUsed": "0xf7a3",
  "hash": "0x0005284c0000115b4845f08c80d985ee2a884e9d14c55d173b59af3fb4a8170b",
  "logsBloom": "0x00000000002000000000000000000000000000000000000000000000000000000000000000000000000000000000000000000000000000000000000000000000000000000000000000000008000000000000000000000000000000000000000000000000000080000000000000000000000000000000000000000010000000000000000010000000000000000020000000000000000000000000000000000000000000000000000000000000000000000000000000000000000000000000000000000002000800000000100000000000000000000000000000000000000000000000000000000000000000000000000000000000000000000000000000000000",
  "miner": "0x0000000000000000000000000000000000000000",
  "mixHash": "0x0000000000000000000000000000000000000000000000000000000000000000",
  "nonce": "0x0000000000000000",
  "number": "0x66aedbf",
  "parentHash": "0x0005284c00001155a932537920b374452f65c8467c7a1937eed0fc790cf86151",
  "receiptsRoot": "0x8c4a8e53142f178a7993404db51e2089a93cd2ecadc0138d078386809122e45c",
  "sha3Uncles": "0x1dcc4de8dec75d7aab85b567b6ccd41ad312451b948a7413f0a142fd40d49347",
  "size": "0x349",
  "stateRoot": "0xf1921281c525c877685e5dbf21647720c0955391d914351faf5ebedc3d2cfed8",
  "timestamp": "0x67ee7232",
  "timestampNano": "0x1832cbc46f28053a",
  "totalDifficulty": "0x0",
  "transactions": [
    {
      "blockHash": "0x0005284c0000115b4845f08c80d985ee2a884e9d14c55d173b59af3fb4a8170b",
      "blockNumber": "0x66aedbf",
      "from": "0x6b8e8924d1ccdbca5efaddaea60534cc510e299b",
      "gas": "0xafc8",
      "gasPrice": "0x7a0d9330",
      "hash": "0x4370104740a47fee5610237092b18c4c6d0841bf9cf875bc5c88011261b58f1c",
      "input": "0xa9059cbb0000000000000000000000006b8e8924d1ccdbca5efaddaea60534cc510e299b00000000000000000000000000000000000000000000000000000000000f4240",
      "nonce": "0x7669",
      "r": "0x6387842e7fe1bfc02baef95eaf9c41b7a9003c2bd74fe812b18fba3c21db3400",
      "s": "0x28ccbf8ff2d208fd43c8f80566053d53190cf34f826d3bc362960d21e043413a",
      "to": "0x1b6382dbdea11d97f24495c9a90b7c88469134a4",
      "transactionIndex": "0x0",
      "type": "0x0",
      "v": "0x218",
      "value": "0x0"
    },
    {
      "blockHash": "0x0005284c0000115b4845f08c80d985ee2a884e9d14c55d173b59af3fb4a8170b",
      "blockNumber": "0x66aedbf",
      "from": "0x6a9a2145710a3a360e2bf405c19c1ad25e0604c3",
      "gas": "0xa410",
      "gasPrice": "0x3d0692e8",
      "hash": "0x7796734706441685336ece08b86b97c9d65135e78f69423afd37f56e69fdd4ad",
      "input": "0x",
      "nonce": "0x1",
      "r": "0xa4ded80cdc0f1a54cd0714bd36470617934e76a5bb8c9f06cd692b1d3f675ed8",
      "s": "0x1d3d2ca08271689dd0d25fe32d72c9f8074457549bbc66b074de4e758f204ce3",
      "to": "0xebf4fbb9c81b84dd5cf89bc75588e5d0018501b3",
      "transactionIndex": "0x1",
      "type": "0x0",
      "v": "0x217",
      "value": "0xc7beafd6ec9e7b0"
    }
  ],
  "transactionsRoot": "0x8e564973ea8787023556fccb4ecc7315804ad411590c157a6c7f48a72fdfe003",
  "uncles": []
}
----------------------------------------
[2025-04-03 18:34:15] Block: 107670974, Transactions: 2
{
  "baseFeePerGas": "0x3b9aca00",
  "difficulty": "0x0",
  "epoch": "0x5284c",
  "extraData": "0x",
  "gasLimit": "0xffffffffffff",
  "gasUsed": "0x12878",
  "hash": "0x0005284c00001155a932537920b374452f65c8467c7a1937eed0fc790cf86151",
  "logsBloom": "0x00000000000000000000000800000000000000000000004000000000000000020000000000000000000000000000000000000000000000000000000000000000000010000020000000000000000000000000000000000000000000000000000000000000000000000080000000000000000000000000800000000000000000000000000000000000000000000000001000000800008000000000000000000000000000000000000000000000000000000000000000000000010000000000000000400000000000000000000000000000000000000000000000000000000000000000000000000000000000000000000000000000000000000000000000000000",
  "miner": "0x0000000000000000000000000000000000000000",
  "mixHash": "0x0000000000000000000000000000000000000000000000000000000000000000",
  "nonce": "0x0000000000000000",
  "number": "0x66aedbe",
  "parentHash": "0x0005284c00001151294133186ab7acef719541102b01ba2925e982ae3a8d3b73",
  "receiptsRoot": "0x2b6383a9771f7284a335ae47f5c95da7074f4fb21fc1a29deace1565d381860c",
  "sha3Uncles": "0x1dcc4de8dec75d7aab85b567b6ccd41ad312451b948a7413f0a142fd40d49347",
  "size": "0x44d",
  "stateRoot": "0x2a0fa79c9277d7335c467e8429c5619939d1658a48002753a8cfeef7fb6faed0",
  "timestamp": "0x67ee7231",
  "timestampNano": "0x1832cbc44bcdc781",
  "totalDifficulty": "0x0",
  "transactions": [
    {
      "blockHash": "0x0005284c00001155a932537920b374452f65c8467c7a1937eed0fc790cf86151",
      "blockNumber": "0x66aedbe",
      "from": "0x56373a86e512fbf12a3a4beaea52ccf90e7ea8a6",
      "gas": "0xa410",
      "gasPrice": "0x3d0692e8",
      "hash": "0x2fba090cb8146e759ea30b4f517f6caaef5d04323eb9b58c4cae7144f3319c26",
      "input": "0x",
      "nonce": "0x1",
      "r": "0xcba3d017c5812573f40270a49b5d9907345d313521efe749da345af5f7d09b16",
      "s": "0x226b98367e140d045b7de6d96edf3aab54e2b72b99d5fd58474591c79b11bba1",
      "to": "0xebf4fbb9c81b84dd5cf89bc75588e5d0018501b3",
      "transactionIndex": "0x0",
      "type": "0x0",
      "v": "0x218",
      "value": "0xc7beafc8dd22aec"
    },
    {
      "blockHash": "0x0005284c00001155a932537920b374452f65c8467c7a1937eed0fc790cf86151",
      "blockNumber": "0x66aedbe",
      "from": "0x15036aba7b5ffe7deb2017b55e36dc4c47f4b51f",
      "gas": "0x1a5e9",
      "gasPrice": "0x52412100",
      "hash": "0x0daaa262a0d8cc0cd9d8608001ff6ece492c0e19cd6ea524c35058756ea160bc",
      "input": "0xb80886ac0000000000000000000000002d5d7d31f671f86c782533cc367f14109a0827120000000000000000000000000000000000000000000000000000000000000060000000000000000000000000000000000000000000000000000000000000000000000000000000000000000000000000000000000000000000000000000000a436504721b5d6669785e642606e8081f2586d56ec7a9956629bec2b832c5f591ba0f90bbb00000000000000000000000000000000000000000000000000000000000000050000000000000000000000003b531d71776c912c9954976911e58fa1185f847d000000000000000000000000000000000000000000000000000000000000000000000000000000000000000000000000000000000000000001069301edc35df000000000000000000000000000000000000000000000000000000000",
      "nonce": "0x8d8c",
      "r": "0xc1924c72d6a98f64612818533f90f6abd337b8a15614af48333e4f3b06a232e5",
      "s": "0x652d43b2a2e88e792103c19022c9d59347d401ff76353e15d7070ac0fe38a1fd",
      "to": "0x7ddb2d76b80b0aa19bdea48eb1301182f4ceefbc",
      "transactionIndex": "0x1",
      "type": "0x0",
      "v": "0x217",
      "value": "0x0"
    }
  ],
  "transactionsRoot": "0x255981372610e2672225dad4a2df006dcceddfcf5f7288480064938c0cc42a6f",
  "uncles": []
}
----------------------------------------
